Flow report for ProgramCounter_8Bits
Sun Nov 10 13:41:40 2019
Quartus II 64-Bit Version 13.1.0 Build 162 10/23/2013 SJ Web Edition


---------------------
; Table of Contents ;
---------------------
  1. Legal Notice
  2. Flow Summary
  3. Flow Settings
  4. Flow Non-Default Global Settings
  5. Flow Elapsed Time
  6. Flow OS Summary
  7. Flow Log
  8. Flow Messages
  9. Flow Suppressed Messages



----------------
; Legal Notice ;
----------------
Copyright (C) 1991-2013 Altera Corporation
Your use of Altera Corporation's design tools, logic functions 
and other software and tools, and its AMPP partner logic 
functions, and any output files from any of the foregoing 
(including device programming or simulation files), and any 
associated documentation or information are expressly subject 
to the terms and conditions of the Altera Program License 
Subscription Agreement, Altera MegaCore Function License 
Agreement, or other applicable license agreement, including, 
without limitation, that your use is for the sole purpose of 
programming logic devices manufactured by Altera and sold by 
Altera or its authorized distributors.  Please refer to the 
applicable agreement for further details.



+---------------------------------------------------------------------------------+
; Flow Summary                                                                    ;
+------------------------------------+--------------------------------------------+
; Flow Status                        ; Successful - Sun Nov 10 13:41:40 2019      ;
; Quartus II 64-Bit Version          ; 13.1.0 Build 162 10/23/2013 SJ Web Edition ;
; Revision Name                      ; ProgramCounter_8Bits                       ;
; Top-level Entity Name              ; ProgramCounterTopLevel                     ;
; Family                             ; Cyclone IV E                               ;
; Device                             ; EP4CE10F17I7                               ;
; Timing Models                      ; Final                                      ;
; Total logic elements               ; 32 / 10,320 ( < 1 % )                      ;
;     Total combinational functions  ; 24 / 10,320 ( < 1 % )                      ;
;     Dedicated logic registers      ; 16 / 10,320 ( < 1 % )                      ;
; Total registers                    ; 16                                         ;
; Total pins                         ; 20 / 180 ( 11 % )                          ;
; Total virtual pins                 ; 0                                          ;
; Total memory bits                  ; 0 / 423,936 ( 0 % )                        ;
; Embedded Multiplier 9-bit elements ; 0 / 46 ( 0 % )                             ;
; Total PLLs                         ; 0 / 2 ( 0 % )                              ;
+------------------------------------+--------------------------------------------+


+------------------------------------------+
; Flow Settings                            ;
+-------------------+----------------------+
; Option            ; Setting              ;
+-------------------+----------------------+
; Start date & time ; 11/10/2019 12:16:57  ;
; Main task         ; Compilation          ;
; Revision Name     ; ProgramCounter_8Bits ;
+-------------------+----------------------+


+-----------------------------------------------------------------------------------------------------------------------------------------------------------------------------------+
; Flow Non-Default Global Settings                                                                                                                                                  ;
+--------------------------------------+---------------------------------------------------------------------------+----------------------+------------------------+----------------+
; Assignment Name                      ; Value                                                                     ; Default Value        ; Entity Name            ; Section Id     ;
+--------------------------------------+---------------------------------------------------------------------------+----------------------+------------------------+----------------+
; COMPILER_SIGNATURE_ID                ; 180649687681063.157338821710584                                           ; --                   ; --                     ; --             ;
; EDA_GENERATE_FUNCTIONAL_NETLIST      ; On                                                                        ; --                   ; --                     ; eda_simulation ;
; EDA_NATIVELINK_SIMULATION_TEST_BENCH ; Timers                                                                    ; --                   ; --                     ; eda_simulation ;
; EDA_NETLIST_WRITER_OUTPUT_DIR        ; D:/MyFiles/Courses/VHDLcourse/Lectures/ProgramCounterLAB/simulation/qsim/ ; --                   ; --                     ; eda_simulation ;
; EDA_OUTPUT_DATA_FORMAT               ; Verilog Hdl                                                               ; --                   ; --                     ; eda_simulation ;
; EDA_SIMULATION_TOOL                  ; ModelSim-Altera (Verilog)                                                 ; <None>               ; --                     ; --             ;
; EDA_TEST_BENCH_ENABLE_STATUS         ; TEST_BENCH_MODE                                                           ; --                   ; --                     ; eda_simulation ;
; MAX_CORE_JUNCTION_TEMP               ; 100                                                                       ; --                   ; --                     ; --             ;
; MIN_CORE_JUNCTION_TEMP               ; -40                                                                       ; --                   ; --                     ; --             ;
; PARTITION_COLOR                      ; 16764057                                                                  ; --                   ; ProgramCounterTopLevel ; Top            ;
; PARTITION_FITTER_PRESERVATION_LEVEL  ; PLACEMENT_AND_ROUTING                                                     ; --                   ; ProgramCounterTopLevel ; Top            ;
; PARTITION_NETLIST_TYPE               ; SOURCE                                                                    ; --                   ; ProgramCounterTopLevel ; Top            ;
; TOP_LEVEL_ENTITY                     ; ProgramCounterTopLevel                                                    ; ProgramCounter_8Bits ; --                     ; --             ;
; USE_GENERATED_PHYSICAL_CONSTRAINTS   ; Off                                                                       ; --                   ; --                     ; eda_blast_fpga ;
+--------------------------------------+---------------------------------------------------------------------------+----------------------+------------------------+----------------+


+-------------------------------------------------------------------------------------------------------------------------------+
; Flow Elapsed Time                                                                                                             ;
+---------------------------+--------------+-------------------------+---------------------+------------------------------------+
; Module Name               ; Elapsed Time ; Average Processors Used ; Peak Virtual Memory ; Total CPU Time (on all processors) ;
+---------------------------+--------------+-------------------------+---------------------+------------------------------------+
; Analysis & Synthesis      ; 00:00:01     ; 1.0                     ; 4654 MB             ; 00:00:01                           ;
; Fitter                    ; 00:00:05     ; 1.0                     ; 4961 MB             ; 00:00:05                           ;
; Assembler                 ; 00:00:01     ; 1.0                     ; 4589 MB             ; 00:00:01                           ;
; TimeQuest Timing Analyzer ; 00:00:02     ; 1.0                     ; 4629 MB             ; 00:00:02                           ;
; EDA Netlist Writer        ; 00:00:01     ; 1.0                     ; 4528 MB             ; 00:00:00                           ;
; EDA Netlist Writer        ; 00:00:00     ; 1.0                     ; 4546 MB             ; 00:00:00                           ;
; EDA Netlist Writer        ; 00:00:01     ; 1.0                     ; 4546 MB             ; 00:00:01                           ;
; Total                     ; 00:00:11     ; --                      ; --                  ; 00:00:10                           ;
+---------------------------+--------------+-------------------------+---------------------+------------------------------------+


+----------------------------------------------------------------------------------------+
; Flow OS Summary                                                                        ;
+---------------------------+------------------+-----------+------------+----------------+
; Module Name               ; Machine Hostname ; OS Name   ; OS Version ; Processor type ;
+---------------------------+------------------+-----------+------------+----------------+
; Analysis & Synthesis      ; DESKTOP-G25O981  ; Windows 7 ; 6.2        ; x86_64         ;
; Fitter                    ; DESKTOP-G25O981  ; Windows 7 ; 6.2        ; x86_64         ;
; Assembler                 ; DESKTOP-G25O981  ; Windows 7 ; 6.2        ; x86_64         ;
; TimeQuest Timing Analyzer ; DESKTOP-G25O981  ; Windows 7 ; 6.2        ; x86_64         ;
; EDA Netlist Writer        ; DESKTOP-G25O981  ; Windows 7 ; 6.2        ; x86_64         ;
; EDA Netlist Writer        ; DESKTOP-G25O981  ; Windows 7 ; 6.2        ; x86_64         ;
; EDA Netlist Writer        ; DESKTOP-G25O981  ; Windows 7 ; 6.2        ; x86_64         ;
+---------------------------+------------------+-----------+------------+----------------+


------------
; Flow Log ;
------------
quartus_map --read_settings_files=on --write_settings_files=off ProgramCounter_8Bits -c ProgramCounter_8Bits
quartus_fit --read_settings_files=off --write_settings_files=off ProgramCounter_8Bits -c ProgramCounter_8Bits
quartus_asm --read_settings_files=off --write_settings_files=off ProgramCounter_8Bits -c ProgramCounter_8Bits
quartus_sta ProgramCounter_8Bits -c ProgramCounter_8Bits
quartus_eda --read_settings_files=off --write_settings_files=off ProgramCounter_8Bits -c ProgramCounter_8Bits
quartus_eda --gen_testbench --check_outputs=on --tool=modelsim_oem --format=verilog ProgramCounter_8Bits -c ProgramCounter_8Bits --vector_source=D:/MyFiles/Courses/VHDLcourse/Lectures/ProgramCounterLAB/PC_RAM.vwf --testbench_file=D:/MyFiles/Courses/VHDLcourse/Lectures/ProgramCounterLAB/simulation/qsim/PC_RAM.vwf.vt
quartus_eda --functional=off --flatten_buses=off --timescale=1ps --simulation=on --tool=modelsim_oem --format=verilog --output_directory=D:/MyFiles/Courses/VHDLcourse/Lectures/ProgramCounterLAB/simulation/qsim/ ProgramCounter_8Bits -c ProgramCounter_8Bits



