Classic Timing Analyzer report for Timer
Sat Oct 26 02:27:26 2019
Quartus II Version 9.1 Build 350 03/24/2010 Service Pack 2 SJ Web Edition


---------------------
; Table of Contents ;
---------------------
  1. Legal Notice
  2. Timing Analyzer Summary
  3. Timing Analyzer Settings
  4. Clock Settings Summary
  5. Parallel Compilation
  6. Clock Setup: 'Clk'
  7. tsu
  8. tco
  9. th
 10. Timing Analyzer Messages



----------------
; Legal Notice ;
----------------
Copyright (C) 1991-2010 Altera Corporation
Your use of Altera Corporation's design tools, logic functions 
and other software and tools, and its AMPP partner logic 
functions, and any output files from any of the foregoing 
(including device programming or simulation files), and any 
associated documentation or information are expressly subject 
to the terms and conditions of the Altera Program License 
Subscription Agreement, Altera MegaCore Function License 
Agreement, or other applicable license agreement, including, 
without limitation, that your use is for the sole purpose of 
programming logic devices manufactured by Altera and sold by 
Altera or its authorized distributors.  Please refer to the 
applicable agreement for further details.



+---------------------------------------------------------------------------------------------------------------------------------------------------------------+
; Timing Analyzer Summary                                                                                                                                       ;
+------------------------------+-------+---------------+----------------------------------+-----------------+------------+------------+----------+--------------+
; Type                         ; Slack ; Required Time ; Actual Time                      ; From            ; To         ; From Clock ; To Clock ; Failed Paths ;
+------------------------------+-------+---------------+----------------------------------+-----------------+------------+------------+----------+--------------+
; Worst-case tsu               ; N/A   ; None          ; 4.744 ns                         ; nRst            ; Ticks[20]  ; --         ; Clk      ; 0            ;
; Worst-case tco               ; N/A   ; None          ; 7.745 ns                         ; Seconds[5]~reg0 ; Seconds[5] ; Clk        ; --       ; 0            ;
; Worst-case th                ; N/A   ; None          ; -3.296 ns                        ; nRst            ; Ticks[31]  ; --         ; Clk      ; 0            ;
; Clock Setup: 'Clk'           ; N/A   ; None          ; 238.95 MHz ( period = 4.185 ns ) ; Ticks[11]       ; Ticks[20]  ; Clk        ; Clk      ; 0            ;
; Total number of failed paths ;       ;               ;                                  ;                 ;            ;            ;          ; 0            ;
+------------------------------+-------+---------------+----------------------------------+-----------------+------------+------------+----------+--------------+


+-----------------------------------------------------------------------------------------------------------------------------------------------------+
; Timing Analyzer Settings                                                                                                                            ;
+------------------------------------------------------------------------------------------------------+--------------------+------+----+-------------+
; Option                                                                                               ; Setting            ; From ; To ; Entity Name ;
+------------------------------------------------------------------------------------------------------+--------------------+------+----+-------------+
; Device Name                                                                                          ; EP2S15F484C3       ;      ;    ;             ;
; Timing Models                                                                                        ; Final              ;      ;    ;             ;
; Default hold multicycle                                                                              ; Same as Multicycle ;      ;    ;             ;
; Cut paths between unrelated clock domains                                                            ; On                 ;      ;    ;             ;
; Cut off read during write signal paths                                                               ; On                 ;      ;    ;             ;
; Cut off feedback from I/O pins                                                                       ; On                 ;      ;    ;             ;
; Report Combined Fast/Slow Timing                                                                     ; Off                ;      ;    ;             ;
; Ignore Clock Settings                                                                                ; Off                ;      ;    ;             ;
; Analyze latches as synchronous elements                                                              ; On                 ;      ;    ;             ;
; Enable Recovery/Removal analysis                                                                     ; Off                ;      ;    ;             ;
; Enable Clock Latency                                                                                 ; Off                ;      ;    ;             ;
; Use TimeQuest Timing Analyzer                                                                        ; Off                ;      ;    ;             ;
; Number of source nodes to report per destination node                                                ; 10                 ;      ;    ;             ;
; Number of destination nodes to report                                                                ; 10                 ;      ;    ;             ;
; Number of paths to report                                                                            ; 200                ;      ;    ;             ;
; Report Minimum Timing Checks                                                                         ; Off                ;      ;    ;             ;
; Use Fast Timing Models                                                                               ; Off                ;      ;    ;             ;
; Report IO Paths Separately                                                                           ; Off                ;      ;    ;             ;
; Perform Multicorner Analysis                                                                         ; On                 ;      ;    ;             ;
; Reports the worst-case path for each clock domain and analysis                                       ; Off                ;      ;    ;             ;
; Reports worst-case timing paths for each clock domain and analysis                                   ; Off                ;      ;    ;             ;
; Specifies the maximum number of worst-case timing paths to report for each clock domain and analysis ; 100                ;      ;    ;             ;
; Removes common clock path pessimism (CCPP) during slack computation                                  ; Off                ;      ;    ;             ;
; Output I/O Timing Endpoint                                                                           ; Near End           ;      ;    ;             ;
+------------------------------------------------------------------------------------------------------+--------------------+------+----+-------------+


+------------------------------------------------------------------------------------------------------------------------------------------------------------------------------------+
; Clock Settings Summary                                                                                                                                                             ;
+-----------------+--------------------+----------+------------------+---------------+--------------+----------+-----------------------+---------------------+--------+--------------+
; Clock Node Name ; Clock Setting Name ; Type     ; Fmax Requirement ; Early Latency ; Late Latency ; Based on ; Multiply Base Fmax by ; Divide Base Fmax by ; Offset ; Phase offset ;
+-----------------+--------------------+----------+------------------+---------------+--------------+----------+-----------------------+---------------------+--------+--------------+
; Clk             ;                    ; User Pin ; None             ; 0.000 ns      ; 0.000 ns     ; --       ; N/A                   ; N/A                 ; N/A    ;              ;
+-----------------+--------------------+----------+------------------+---------------+--------------+----------+-----------------------+---------------------+--------+--------------+


Parallel compilation was disabled, but you have multiple processors available. Enable parallel compilation to reduce compilation time.
+-------------------------------------+
; Parallel Compilation                ;
+----------------------------+--------+
; Processors                 ; Number ;
+----------------------------+--------+
; Number detected on machine ; 4      ;
; Maximum allowed            ; 1      ;
+----------------------------+--------+


+------------------------------------------------------------------------------------------------------------------------------------------------------------------------------------------------------------------------------------------+
; Clock Setup: 'Clk'                                                                                                                                                                                                                       ;
+-----------------------------------------+-----------------------------------------------------+-----------+------------------+------------+----------+-----------------------------+---------------------------+-------------------------+
; Slack                                   ; Actual fmax (period)                                ; From      ; To               ; From Clock ; To Clock ; Required Setup Relationship ; Required Longest P2P Time ; Actual Longest P2P Time ;
+-----------------------------------------+-----------------------------------------------------+-----------+------------------+------------+----------+-----------------------------+---------------------------+-------------------------+
; N/A                                     ; 238.95 MHz ( period = 4.185 ns )                    ; Ticks[11] ; Ticks[23]        ; Clk        ; Clk      ; None                        ; None                      ; 4.004 ns                ;
; N/A                                     ; 238.95 MHz ( period = 4.185 ns )                    ; Ticks[11] ; Ticks[29]        ; Clk        ; Clk      ; None                        ; None                      ; 4.004 ns                ;
; N/A                                     ; 238.95 MHz ( period = 4.185 ns )                    ; Ticks[11] ; Ticks[30]        ; Clk        ; Clk      ; None                        ; None                      ; 4.004 ns                ;
; N/A                                     ; 238.95 MHz ( period = 4.185 ns )                    ; Ticks[11] ; Ticks[27]        ; Clk        ; Clk      ; None                        ; None                      ; 4.004 ns                ;
; N/A                                     ; 238.95 MHz ( period = 4.185 ns )                    ; Ticks[11] ; Ticks[26]        ; Clk        ; Clk      ; None                        ; None                      ; 4.004 ns                ;
; N/A                                     ; 238.95 MHz ( period = 4.185 ns )                    ; Ticks[11] ; Ticks[25]        ; Clk        ; Clk      ; None                        ; None                      ; 4.004 ns                ;
; N/A                                     ; 238.95 MHz ( period = 4.185 ns )                    ; Ticks[11] ; Ticks[24]        ; Clk        ; Clk      ; None                        ; None                      ; 4.004 ns                ;
; N/A                                     ; 238.95 MHz ( period = 4.185 ns )                    ; Ticks[11] ; Ticks[22]        ; Clk        ; Clk      ; None                        ; None                      ; 4.004 ns                ;
; N/A                                     ; 238.95 MHz ( period = 4.185 ns )                    ; Ticks[11] ; Ticks[28]        ; Clk        ; Clk      ; None                        ; None                      ; 4.004 ns                ;
; N/A                                     ; 238.95 MHz ( period = 4.185 ns )                    ; Ticks[11] ; Ticks[16]        ; Clk        ; Clk      ; None                        ; None                      ; 4.004 ns                ;
; N/A                                     ; 238.95 MHz ( period = 4.185 ns )                    ; Ticks[11] ; Ticks[19]        ; Clk        ; Clk      ; None                        ; None                      ; 4.004 ns                ;
; N/A                                     ; 238.95 MHz ( period = 4.185 ns )                    ; Ticks[11] ; Ticks[18]        ; Clk        ; Clk      ; None                        ; None                      ; 4.004 ns                ;
; N/A                                     ; 238.95 MHz ( period = 4.185 ns )                    ; Ticks[11] ; Ticks[21]        ; Clk        ; Clk      ; None                        ; None                      ; 4.004 ns                ;
; N/A                                     ; 238.95 MHz ( period = 4.185 ns )                    ; Ticks[11] ; Ticks[17]        ; Clk        ; Clk      ; None                        ; None                      ; 4.004 ns                ;
; N/A                                     ; 238.95 MHz ( period = 4.185 ns )                    ; Ticks[11] ; Ticks[20]        ; Clk        ; Clk      ; None                        ; None                      ; 4.004 ns                ;
; N/A                                     ; 240.50 MHz ( period = 4.158 ns )                    ; Ticks[13] ; Ticks[23]        ; Clk        ; Clk      ; None                        ; None                      ; 3.977 ns                ;
; N/A                                     ; 240.50 MHz ( period = 4.158 ns )                    ; Ticks[13] ; Ticks[29]        ; Clk        ; Clk      ; None                        ; None                      ; 3.977 ns                ;
; N/A                                     ; 240.50 MHz ( period = 4.158 ns )                    ; Ticks[13] ; Ticks[30]        ; Clk        ; Clk      ; None                        ; None                      ; 3.977 ns                ;
; N/A                                     ; 240.50 MHz ( period = 4.158 ns )                    ; Ticks[13] ; Ticks[27]        ; Clk        ; Clk      ; None                        ; None                      ; 3.977 ns                ;
; N/A                                     ; 240.50 MHz ( period = 4.158 ns )                    ; Ticks[13] ; Ticks[26]        ; Clk        ; Clk      ; None                        ; None                      ; 3.977 ns                ;
; N/A                                     ; 240.50 MHz ( period = 4.158 ns )                    ; Ticks[13] ; Ticks[25]        ; Clk        ; Clk      ; None                        ; None                      ; 3.977 ns                ;
; N/A                                     ; 240.50 MHz ( period = 4.158 ns )                    ; Ticks[13] ; Ticks[24]        ; Clk        ; Clk      ; None                        ; None                      ; 3.977 ns                ;
; N/A                                     ; 240.50 MHz ( period = 4.158 ns )                    ; Ticks[13] ; Ticks[22]        ; Clk        ; Clk      ; None                        ; None                      ; 3.977 ns                ;
; N/A                                     ; 240.50 MHz ( period = 4.158 ns )                    ; Ticks[13] ; Ticks[28]        ; Clk        ; Clk      ; None                        ; None                      ; 3.977 ns                ;
; N/A                                     ; 240.50 MHz ( period = 4.158 ns )                    ; Ticks[13] ; Ticks[16]        ; Clk        ; Clk      ; None                        ; None                      ; 3.977 ns                ;
; N/A                                     ; 240.50 MHz ( period = 4.158 ns )                    ; Ticks[13] ; Ticks[19]        ; Clk        ; Clk      ; None                        ; None                      ; 3.977 ns                ;
; N/A                                     ; 240.50 MHz ( period = 4.158 ns )                    ; Ticks[13] ; Ticks[18]        ; Clk        ; Clk      ; None                        ; None                      ; 3.977 ns                ;
; N/A                                     ; 240.50 MHz ( period = 4.158 ns )                    ; Ticks[13] ; Ticks[21]        ; Clk        ; Clk      ; None                        ; None                      ; 3.977 ns                ;
; N/A                                     ; 240.50 MHz ( period = 4.158 ns )                    ; Ticks[13] ; Ticks[17]        ; Clk        ; Clk      ; None                        ; None                      ; 3.977 ns                ;
; N/A                                     ; 240.50 MHz ( period = 4.158 ns )                    ; Ticks[13] ; Ticks[20]        ; Clk        ; Clk      ; None                        ; None                      ; 3.977 ns                ;
; N/A                                     ; 240.62 MHz ( period = 4.156 ns )                    ; Ticks[10] ; Ticks[23]        ; Clk        ; Clk      ; None                        ; None                      ; 3.975 ns                ;
; N/A                                     ; 240.62 MHz ( period = 4.156 ns )                    ; Ticks[10] ; Ticks[29]        ; Clk        ; Clk      ; None                        ; None                      ; 3.975 ns                ;
; N/A                                     ; 240.62 MHz ( period = 4.156 ns )                    ; Ticks[10] ; Ticks[30]        ; Clk        ; Clk      ; None                        ; None                      ; 3.975 ns                ;
; N/A                                     ; 240.62 MHz ( period = 4.156 ns )                    ; Ticks[10] ; Ticks[27]        ; Clk        ; Clk      ; None                        ; None                      ; 3.975 ns                ;
; N/A                                     ; 240.62 MHz ( period = 4.156 ns )                    ; Ticks[10] ; Ticks[26]        ; Clk        ; Clk      ; None                        ; None                      ; 3.975 ns                ;
; N/A                                     ; 240.62 MHz ( period = 4.156 ns )                    ; Ticks[10] ; Ticks[25]        ; Clk        ; Clk      ; None                        ; None                      ; 3.975 ns                ;
; N/A                                     ; 240.62 MHz ( period = 4.156 ns )                    ; Ticks[10] ; Ticks[24]        ; Clk        ; Clk      ; None                        ; None                      ; 3.975 ns                ;
; N/A                                     ; 240.62 MHz ( period = 4.156 ns )                    ; Ticks[10] ; Ticks[22]        ; Clk        ; Clk      ; None                        ; None                      ; 3.975 ns                ;
; N/A                                     ; 240.62 MHz ( period = 4.156 ns )                    ; Ticks[10] ; Ticks[28]        ; Clk        ; Clk      ; None                        ; None                      ; 3.975 ns                ;
; N/A                                     ; 240.62 MHz ( period = 4.156 ns )                    ; Ticks[10] ; Ticks[16]        ; Clk        ; Clk      ; None                        ; None                      ; 3.975 ns                ;
; N/A                                     ; 240.62 MHz ( period = 4.156 ns )                    ; Ticks[10] ; Ticks[19]        ; Clk        ; Clk      ; None                        ; None                      ; 3.975 ns                ;
; N/A                                     ; 240.62 MHz ( period = 4.156 ns )                    ; Ticks[10] ; Ticks[18]        ; Clk        ; Clk      ; None                        ; None                      ; 3.975 ns                ;
; N/A                                     ; 240.62 MHz ( period = 4.156 ns )                    ; Ticks[10] ; Ticks[21]        ; Clk        ; Clk      ; None                        ; None                      ; 3.975 ns                ;
; N/A                                     ; 240.62 MHz ( period = 4.156 ns )                    ; Ticks[10] ; Ticks[17]        ; Clk        ; Clk      ; None                        ; None                      ; 3.975 ns                ;
; N/A                                     ; 240.62 MHz ( period = 4.156 ns )                    ; Ticks[10] ; Ticks[20]        ; Clk        ; Clk      ; None                        ; None                      ; 3.975 ns                ;
; N/A                                     ; 250.19 MHz ( period = 3.997 ns )                    ; Ticks[15] ; Ticks[23]        ; Clk        ; Clk      ; None                        ; None                      ; 3.816 ns                ;
; N/A                                     ; 250.19 MHz ( period = 3.997 ns )                    ; Ticks[15] ; Ticks[29]        ; Clk        ; Clk      ; None                        ; None                      ; 3.816 ns                ;
; N/A                                     ; 250.19 MHz ( period = 3.997 ns )                    ; Ticks[15] ; Ticks[30]        ; Clk        ; Clk      ; None                        ; None                      ; 3.816 ns                ;
; N/A                                     ; 250.19 MHz ( period = 3.997 ns )                    ; Ticks[15] ; Ticks[27]        ; Clk        ; Clk      ; None                        ; None                      ; 3.816 ns                ;
; N/A                                     ; 250.19 MHz ( period = 3.997 ns )                    ; Ticks[15] ; Ticks[26]        ; Clk        ; Clk      ; None                        ; None                      ; 3.816 ns                ;
; N/A                                     ; 250.19 MHz ( period = 3.997 ns )                    ; Ticks[15] ; Ticks[25]        ; Clk        ; Clk      ; None                        ; None                      ; 3.816 ns                ;
; N/A                                     ; 250.19 MHz ( period = 3.997 ns )                    ; Ticks[15] ; Ticks[24]        ; Clk        ; Clk      ; None                        ; None                      ; 3.816 ns                ;
; N/A                                     ; 250.19 MHz ( period = 3.997 ns )                    ; Ticks[15] ; Ticks[22]        ; Clk        ; Clk      ; None                        ; None                      ; 3.816 ns                ;
; N/A                                     ; 250.19 MHz ( period = 3.997 ns )                    ; Ticks[15] ; Ticks[28]        ; Clk        ; Clk      ; None                        ; None                      ; 3.816 ns                ;
; N/A                                     ; 250.19 MHz ( period = 3.997 ns )                    ; Ticks[15] ; Ticks[16]        ; Clk        ; Clk      ; None                        ; None                      ; 3.816 ns                ;
; N/A                                     ; 250.19 MHz ( period = 3.997 ns )                    ; Ticks[15] ; Ticks[19]        ; Clk        ; Clk      ; None                        ; None                      ; 3.816 ns                ;
; N/A                                     ; 250.19 MHz ( period = 3.997 ns )                    ; Ticks[15] ; Ticks[18]        ; Clk        ; Clk      ; None                        ; None                      ; 3.816 ns                ;
; N/A                                     ; 250.19 MHz ( period = 3.997 ns )                    ; Ticks[15] ; Ticks[21]        ; Clk        ; Clk      ; None                        ; None                      ; 3.816 ns                ;
; N/A                                     ; 250.19 MHz ( period = 3.997 ns )                    ; Ticks[15] ; Ticks[17]        ; Clk        ; Clk      ; None                        ; None                      ; 3.816 ns                ;
; N/A                                     ; 250.19 MHz ( period = 3.997 ns )                    ; Ticks[15] ; Ticks[20]        ; Clk        ; Clk      ; None                        ; None                      ; 3.816 ns                ;
; N/A                                     ; 251.13 MHz ( period = 3.982 ns )                    ; Ticks[12] ; Ticks[23]        ; Clk        ; Clk      ; None                        ; None                      ; 3.801 ns                ;
; N/A                                     ; 251.13 MHz ( period = 3.982 ns )                    ; Ticks[12] ; Ticks[29]        ; Clk        ; Clk      ; None                        ; None                      ; 3.801 ns                ;
; N/A                                     ; 251.13 MHz ( period = 3.982 ns )                    ; Ticks[12] ; Ticks[30]        ; Clk        ; Clk      ; None                        ; None                      ; 3.801 ns                ;
; N/A                                     ; 251.13 MHz ( period = 3.982 ns )                    ; Ticks[12] ; Ticks[27]        ; Clk        ; Clk      ; None                        ; None                      ; 3.801 ns                ;
; N/A                                     ; 251.13 MHz ( period = 3.982 ns )                    ; Ticks[12] ; Ticks[26]        ; Clk        ; Clk      ; None                        ; None                      ; 3.801 ns                ;
; N/A                                     ; 251.13 MHz ( period = 3.982 ns )                    ; Ticks[12] ; Ticks[25]        ; Clk        ; Clk      ; None                        ; None                      ; 3.801 ns                ;
; N/A                                     ; 251.13 MHz ( period = 3.982 ns )                    ; Ticks[12] ; Ticks[24]        ; Clk        ; Clk      ; None                        ; None                      ; 3.801 ns                ;
; N/A                                     ; 251.13 MHz ( period = 3.982 ns )                    ; Ticks[12] ; Ticks[22]        ; Clk        ; Clk      ; None                        ; None                      ; 3.801 ns                ;
; N/A                                     ; 251.13 MHz ( period = 3.982 ns )                    ; Ticks[12] ; Ticks[28]        ; Clk        ; Clk      ; None                        ; None                      ; 3.801 ns                ;
; N/A                                     ; 251.13 MHz ( period = 3.982 ns )                    ; Ticks[12] ; Ticks[16]        ; Clk        ; Clk      ; None                        ; None                      ; 3.801 ns                ;
; N/A                                     ; 251.13 MHz ( period = 3.982 ns )                    ; Ticks[12] ; Ticks[19]        ; Clk        ; Clk      ; None                        ; None                      ; 3.801 ns                ;
; N/A                                     ; 251.13 MHz ( period = 3.982 ns )                    ; Ticks[12] ; Ticks[18]        ; Clk        ; Clk      ; None                        ; None                      ; 3.801 ns                ;
; N/A                                     ; 251.13 MHz ( period = 3.982 ns )                    ; Ticks[12] ; Ticks[21]        ; Clk        ; Clk      ; None                        ; None                      ; 3.801 ns                ;
; N/A                                     ; 251.13 MHz ( period = 3.982 ns )                    ; Ticks[12] ; Ticks[17]        ; Clk        ; Clk      ; None                        ; None                      ; 3.801 ns                ;
; N/A                                     ; 251.13 MHz ( period = 3.982 ns )                    ; Ticks[12] ; Ticks[20]        ; Clk        ; Clk      ; None                        ; None                      ; 3.801 ns                ;
; N/A                                     ; 254.97 MHz ( period = 3.922 ns )                    ; Ticks[11] ; Ticks[8]         ; Clk        ; Clk      ; None                        ; None                      ; 3.738 ns                ;
; N/A                                     ; 254.97 MHz ( period = 3.922 ns )                    ; Ticks[11] ; Ticks[2]         ; Clk        ; Clk      ; None                        ; None                      ; 3.738 ns                ;
; N/A                                     ; 254.97 MHz ( period = 3.922 ns )                    ; Ticks[11] ; Ticks[1]         ; Clk        ; Clk      ; None                        ; None                      ; 3.738 ns                ;
; N/A                                     ; 254.97 MHz ( period = 3.922 ns )                    ; Ticks[11] ; Ticks[9]         ; Clk        ; Clk      ; None                        ; None                      ; 3.738 ns                ;
; N/A                                     ; 254.97 MHz ( period = 3.922 ns )                    ; Ticks[11] ; Ticks[5]         ; Clk        ; Clk      ; None                        ; None                      ; 3.738 ns                ;
; N/A                                     ; 254.97 MHz ( period = 3.922 ns )                    ; Ticks[11] ; Ticks[7]         ; Clk        ; Clk      ; None                        ; None                      ; 3.738 ns                ;
; N/A                                     ; 254.97 MHz ( period = 3.922 ns )                    ; Ticks[11] ; Ticks[6]         ; Clk        ; Clk      ; None                        ; None                      ; 3.738 ns                ;
; N/A                                     ; 254.97 MHz ( period = 3.922 ns )                    ; Ticks[11] ; Ticks[3]         ; Clk        ; Clk      ; None                        ; None                      ; 3.738 ns                ;
; N/A                                     ; 254.97 MHz ( period = 3.922 ns )                    ; Ticks[11] ; Ticks[4]         ; Clk        ; Clk      ; None                        ; None                      ; 3.738 ns                ;
; N/A                                     ; 254.97 MHz ( period = 3.922 ns )                    ; Ticks[11] ; Ticks[11]        ; Clk        ; Clk      ; None                        ; None                      ; 3.738 ns                ;
; N/A                                     ; 254.97 MHz ( period = 3.922 ns )                    ; Ticks[11] ; Ticks[10]        ; Clk        ; Clk      ; None                        ; None                      ; 3.738 ns                ;
; N/A                                     ; 254.97 MHz ( period = 3.922 ns )                    ; Ticks[11] ; Ticks[12]        ; Clk        ; Clk      ; None                        ; None                      ; 3.738 ns                ;
; N/A                                     ; 254.97 MHz ( period = 3.922 ns )                    ; Ticks[11] ; Ticks[13]        ; Clk        ; Clk      ; None                        ; None                      ; 3.738 ns                ;
; N/A                                     ; 254.97 MHz ( period = 3.922 ns )                    ; Ticks[11] ; Ticks[15]        ; Clk        ; Clk      ; None                        ; None                      ; 3.738 ns                ;
; N/A                                     ; 254.97 MHz ( period = 3.922 ns )                    ; Ticks[11] ; Ticks[14]        ; Clk        ; Clk      ; None                        ; None                      ; 3.738 ns                ;
; N/A                                     ; 255.04 MHz ( period = 3.921 ns )                    ; Ticks[0]  ; Ticks[31]        ; Clk        ; Clk      ; None                        ; None                      ; 3.737 ns                ;
; N/A                                     ; 256.34 MHz ( period = 3.901 ns )                    ; Ticks[9]  ; Ticks[23]        ; Clk        ; Clk      ; None                        ; None                      ; 3.720 ns                ;
; N/A                                     ; 256.34 MHz ( period = 3.901 ns )                    ; Ticks[9]  ; Ticks[29]        ; Clk        ; Clk      ; None                        ; None                      ; 3.720 ns                ;
; N/A                                     ; 256.34 MHz ( period = 3.901 ns )                    ; Ticks[9]  ; Ticks[30]        ; Clk        ; Clk      ; None                        ; None                      ; 3.720 ns                ;
; N/A                                     ; 256.34 MHz ( period = 3.901 ns )                    ; Ticks[9]  ; Ticks[27]        ; Clk        ; Clk      ; None                        ; None                      ; 3.720 ns                ;
; N/A                                     ; 256.34 MHz ( period = 3.901 ns )                    ; Ticks[9]  ; Ticks[26]        ; Clk        ; Clk      ; None                        ; None                      ; 3.720 ns                ;
; N/A                                     ; 256.34 MHz ( period = 3.901 ns )                    ; Ticks[9]  ; Ticks[25]        ; Clk        ; Clk      ; None                        ; None                      ; 3.720 ns                ;
; N/A                                     ; 256.34 MHz ( period = 3.901 ns )                    ; Ticks[9]  ; Ticks[24]        ; Clk        ; Clk      ; None                        ; None                      ; 3.720 ns                ;
; N/A                                     ; 256.34 MHz ( period = 3.901 ns )                    ; Ticks[9]  ; Ticks[22]        ; Clk        ; Clk      ; None                        ; None                      ; 3.720 ns                ;
; N/A                                     ; 256.34 MHz ( period = 3.901 ns )                    ; Ticks[9]  ; Ticks[28]        ; Clk        ; Clk      ; None                        ; None                      ; 3.720 ns                ;
; N/A                                     ; 256.34 MHz ( period = 3.901 ns )                    ; Ticks[9]  ; Ticks[16]        ; Clk        ; Clk      ; None                        ; None                      ; 3.720 ns                ;
; N/A                                     ; 256.34 MHz ( period = 3.901 ns )                    ; Ticks[9]  ; Ticks[19]        ; Clk        ; Clk      ; None                        ; None                      ; 3.720 ns                ;
; N/A                                     ; 256.34 MHz ( period = 3.901 ns )                    ; Ticks[9]  ; Ticks[18]        ; Clk        ; Clk      ; None                        ; None                      ; 3.720 ns                ;
; N/A                                     ; 256.34 MHz ( period = 3.901 ns )                    ; Ticks[9]  ; Ticks[21]        ; Clk        ; Clk      ; None                        ; None                      ; 3.720 ns                ;
; N/A                                     ; 256.34 MHz ( period = 3.901 ns )                    ; Ticks[9]  ; Ticks[17]        ; Clk        ; Clk      ; None                        ; None                      ; 3.720 ns                ;
; N/A                                     ; 256.34 MHz ( period = 3.901 ns )                    ; Ticks[9]  ; Ticks[20]        ; Clk        ; Clk      ; None                        ; None                      ; 3.720 ns                ;
; N/A                                     ; 256.61 MHz ( period = 3.897 ns )                    ; Ticks[14] ; Ticks[23]        ; Clk        ; Clk      ; None                        ; None                      ; 3.716 ns                ;
; N/A                                     ; 256.61 MHz ( period = 3.897 ns )                    ; Ticks[14] ; Ticks[29]        ; Clk        ; Clk      ; None                        ; None                      ; 3.716 ns                ;
; N/A                                     ; 256.61 MHz ( period = 3.897 ns )                    ; Ticks[14] ; Ticks[30]        ; Clk        ; Clk      ; None                        ; None                      ; 3.716 ns                ;
; N/A                                     ; 256.61 MHz ( period = 3.897 ns )                    ; Ticks[14] ; Ticks[27]        ; Clk        ; Clk      ; None                        ; None                      ; 3.716 ns                ;
; N/A                                     ; 256.61 MHz ( period = 3.897 ns )                    ; Ticks[14] ; Ticks[26]        ; Clk        ; Clk      ; None                        ; None                      ; 3.716 ns                ;
; N/A                                     ; 256.61 MHz ( period = 3.897 ns )                    ; Ticks[14] ; Ticks[25]        ; Clk        ; Clk      ; None                        ; None                      ; 3.716 ns                ;
; N/A                                     ; 256.61 MHz ( period = 3.897 ns )                    ; Ticks[14] ; Ticks[24]        ; Clk        ; Clk      ; None                        ; None                      ; 3.716 ns                ;
; N/A                                     ; 256.61 MHz ( period = 3.897 ns )                    ; Ticks[14] ; Ticks[22]        ; Clk        ; Clk      ; None                        ; None                      ; 3.716 ns                ;
; N/A                                     ; 256.61 MHz ( period = 3.897 ns )                    ; Ticks[14] ; Ticks[28]        ; Clk        ; Clk      ; None                        ; None                      ; 3.716 ns                ;
; N/A                                     ; 256.61 MHz ( period = 3.897 ns )                    ; Ticks[14] ; Ticks[16]        ; Clk        ; Clk      ; None                        ; None                      ; 3.716 ns                ;
; N/A                                     ; 256.61 MHz ( period = 3.897 ns )                    ; Ticks[14] ; Ticks[19]        ; Clk        ; Clk      ; None                        ; None                      ; 3.716 ns                ;
; N/A                                     ; 256.61 MHz ( period = 3.897 ns )                    ; Ticks[14] ; Ticks[18]        ; Clk        ; Clk      ; None                        ; None                      ; 3.716 ns                ;
; N/A                                     ; 256.61 MHz ( period = 3.897 ns )                    ; Ticks[14] ; Ticks[21]        ; Clk        ; Clk      ; None                        ; None                      ; 3.716 ns                ;
; N/A                                     ; 256.61 MHz ( period = 3.897 ns )                    ; Ticks[14] ; Ticks[17]        ; Clk        ; Clk      ; None                        ; None                      ; 3.716 ns                ;
; N/A                                     ; 256.61 MHz ( period = 3.897 ns )                    ; Ticks[14] ; Ticks[20]        ; Clk        ; Clk      ; None                        ; None                      ; 3.716 ns                ;
; N/A                                     ; 256.74 MHz ( period = 3.895 ns )                    ; Ticks[13] ; Ticks[8]         ; Clk        ; Clk      ; None                        ; None                      ; 3.711 ns                ;
; N/A                                     ; 256.74 MHz ( period = 3.895 ns )                    ; Ticks[13] ; Ticks[2]         ; Clk        ; Clk      ; None                        ; None                      ; 3.711 ns                ;
; N/A                                     ; 256.74 MHz ( period = 3.895 ns )                    ; Ticks[13] ; Ticks[1]         ; Clk        ; Clk      ; None                        ; None                      ; 3.711 ns                ;
; N/A                                     ; 256.74 MHz ( period = 3.895 ns )                    ; Ticks[13] ; Ticks[9]         ; Clk        ; Clk      ; None                        ; None                      ; 3.711 ns                ;
; N/A                                     ; 256.74 MHz ( period = 3.895 ns )                    ; Ticks[13] ; Ticks[5]         ; Clk        ; Clk      ; None                        ; None                      ; 3.711 ns                ;
; N/A                                     ; 256.74 MHz ( period = 3.895 ns )                    ; Ticks[13] ; Ticks[7]         ; Clk        ; Clk      ; None                        ; None                      ; 3.711 ns                ;
; N/A                                     ; 256.74 MHz ( period = 3.895 ns )                    ; Ticks[13] ; Ticks[6]         ; Clk        ; Clk      ; None                        ; None                      ; 3.711 ns                ;
; N/A                                     ; 256.74 MHz ( period = 3.895 ns )                    ; Ticks[13] ; Ticks[3]         ; Clk        ; Clk      ; None                        ; None                      ; 3.711 ns                ;
; N/A                                     ; 256.74 MHz ( period = 3.895 ns )                    ; Ticks[13] ; Ticks[4]         ; Clk        ; Clk      ; None                        ; None                      ; 3.711 ns                ;
; N/A                                     ; 256.74 MHz ( period = 3.895 ns )                    ; Ticks[13] ; Ticks[11]        ; Clk        ; Clk      ; None                        ; None                      ; 3.711 ns                ;
; N/A                                     ; 256.74 MHz ( period = 3.895 ns )                    ; Ticks[13] ; Ticks[10]        ; Clk        ; Clk      ; None                        ; None                      ; 3.711 ns                ;
; N/A                                     ; 256.74 MHz ( period = 3.895 ns )                    ; Ticks[13] ; Ticks[12]        ; Clk        ; Clk      ; None                        ; None                      ; 3.711 ns                ;
; N/A                                     ; 256.74 MHz ( period = 3.895 ns )                    ; Ticks[13] ; Ticks[13]        ; Clk        ; Clk      ; None                        ; None                      ; 3.711 ns                ;
; N/A                                     ; 256.74 MHz ( period = 3.895 ns )                    ; Ticks[13] ; Ticks[15]        ; Clk        ; Clk      ; None                        ; None                      ; 3.711 ns                ;
; N/A                                     ; 256.74 MHz ( period = 3.895 ns )                    ; Ticks[13] ; Ticks[14]        ; Clk        ; Clk      ; None                        ; None                      ; 3.711 ns                ;
; N/A                                     ; 256.87 MHz ( period = 3.893 ns )                    ; Ticks[10] ; Ticks[8]         ; Clk        ; Clk      ; None                        ; None                      ; 3.709 ns                ;
; N/A                                     ; 256.87 MHz ( period = 3.893 ns )                    ; Ticks[10] ; Ticks[2]         ; Clk        ; Clk      ; None                        ; None                      ; 3.709 ns                ;
; N/A                                     ; 256.87 MHz ( period = 3.893 ns )                    ; Ticks[10] ; Ticks[1]         ; Clk        ; Clk      ; None                        ; None                      ; 3.709 ns                ;
; N/A                                     ; 256.87 MHz ( period = 3.893 ns )                    ; Ticks[10] ; Ticks[9]         ; Clk        ; Clk      ; None                        ; None                      ; 3.709 ns                ;
; N/A                                     ; 256.87 MHz ( period = 3.893 ns )                    ; Ticks[10] ; Ticks[5]         ; Clk        ; Clk      ; None                        ; None                      ; 3.709 ns                ;
; N/A                                     ; 256.87 MHz ( period = 3.893 ns )                    ; Ticks[10] ; Ticks[7]         ; Clk        ; Clk      ; None                        ; None                      ; 3.709 ns                ;
; N/A                                     ; 256.87 MHz ( period = 3.893 ns )                    ; Ticks[10] ; Ticks[6]         ; Clk        ; Clk      ; None                        ; None                      ; 3.709 ns                ;
; N/A                                     ; 256.87 MHz ( period = 3.893 ns )                    ; Ticks[10] ; Ticks[3]         ; Clk        ; Clk      ; None                        ; None                      ; 3.709 ns                ;
; N/A                                     ; 256.87 MHz ( period = 3.893 ns )                    ; Ticks[10] ; Ticks[4]         ; Clk        ; Clk      ; None                        ; None                      ; 3.709 ns                ;
; N/A                                     ; 256.87 MHz ( period = 3.893 ns )                    ; Ticks[10] ; Ticks[11]        ; Clk        ; Clk      ; None                        ; None                      ; 3.709 ns                ;
; N/A                                     ; 256.87 MHz ( period = 3.893 ns )                    ; Ticks[10] ; Ticks[10]        ; Clk        ; Clk      ; None                        ; None                      ; 3.709 ns                ;
; N/A                                     ; 256.87 MHz ( period = 3.893 ns )                    ; Ticks[10] ; Ticks[12]        ; Clk        ; Clk      ; None                        ; None                      ; 3.709 ns                ;
; N/A                                     ; 256.87 MHz ( period = 3.893 ns )                    ; Ticks[10] ; Ticks[13]        ; Clk        ; Clk      ; None                        ; None                      ; 3.709 ns                ;
; N/A                                     ; 256.87 MHz ( period = 3.893 ns )                    ; Ticks[10] ; Ticks[15]        ; Clk        ; Clk      ; None                        ; None                      ; 3.709 ns                ;
; N/A                                     ; 256.87 MHz ( period = 3.893 ns )                    ; Ticks[10] ; Ticks[14]        ; Clk        ; Clk      ; None                        ; None                      ; 3.709 ns                ;
; N/A                                     ; 257.73 MHz ( period = 3.880 ns )                    ; Ticks[5]  ; Ticks[23]        ; Clk        ; Clk      ; None                        ; None                      ; 3.699 ns                ;
; N/A                                     ; 257.73 MHz ( period = 3.880 ns )                    ; Ticks[5]  ; Ticks[29]        ; Clk        ; Clk      ; None                        ; None                      ; 3.699 ns                ;
; N/A                                     ; 257.73 MHz ( period = 3.880 ns )                    ; Ticks[5]  ; Ticks[30]        ; Clk        ; Clk      ; None                        ; None                      ; 3.699 ns                ;
; N/A                                     ; 257.73 MHz ( period = 3.880 ns )                    ; Ticks[5]  ; Ticks[27]        ; Clk        ; Clk      ; None                        ; None                      ; 3.699 ns                ;
; N/A                                     ; 257.73 MHz ( period = 3.880 ns )                    ; Ticks[5]  ; Ticks[26]        ; Clk        ; Clk      ; None                        ; None                      ; 3.699 ns                ;
; N/A                                     ; 257.73 MHz ( period = 3.880 ns )                    ; Ticks[5]  ; Ticks[25]        ; Clk        ; Clk      ; None                        ; None                      ; 3.699 ns                ;
; N/A                                     ; 257.73 MHz ( period = 3.880 ns )                    ; Ticks[5]  ; Ticks[24]        ; Clk        ; Clk      ; None                        ; None                      ; 3.699 ns                ;
; N/A                                     ; 257.73 MHz ( period = 3.880 ns )                    ; Ticks[5]  ; Ticks[22]        ; Clk        ; Clk      ; None                        ; None                      ; 3.699 ns                ;
; N/A                                     ; 257.73 MHz ( period = 3.880 ns )                    ; Ticks[5]  ; Ticks[28]        ; Clk        ; Clk      ; None                        ; None                      ; 3.699 ns                ;
; N/A                                     ; 257.73 MHz ( period = 3.880 ns )                    ; Ticks[5]  ; Ticks[16]        ; Clk        ; Clk      ; None                        ; None                      ; 3.699 ns                ;
; N/A                                     ; 257.73 MHz ( period = 3.880 ns )                    ; Ticks[5]  ; Ticks[19]        ; Clk        ; Clk      ; None                        ; None                      ; 3.699 ns                ;
; N/A                                     ; 257.73 MHz ( period = 3.880 ns )                    ; Ticks[5]  ; Ticks[18]        ; Clk        ; Clk      ; None                        ; None                      ; 3.699 ns                ;
; N/A                                     ; 257.73 MHz ( period = 3.880 ns )                    ; Ticks[5]  ; Ticks[21]        ; Clk        ; Clk      ; None                        ; None                      ; 3.699 ns                ;
; N/A                                     ; 257.73 MHz ( period = 3.880 ns )                    ; Ticks[5]  ; Ticks[17]        ; Clk        ; Clk      ; None                        ; None                      ; 3.699 ns                ;
; N/A                                     ; 257.73 MHz ( period = 3.880 ns )                    ; Ticks[5]  ; Ticks[20]        ; Clk        ; Clk      ; None                        ; None                      ; 3.699 ns                ;
; N/A                                     ; 261.10 MHz ( period = 3.830 ns )                    ; Ticks[23] ; Ticks[23]        ; Clk        ; Clk      ; None                        ; None                      ; 3.646 ns                ;
; N/A                                     ; 261.10 MHz ( period = 3.830 ns )                    ; Ticks[23] ; Ticks[29]        ; Clk        ; Clk      ; None                        ; None                      ; 3.646 ns                ;
; N/A                                     ; 261.10 MHz ( period = 3.830 ns )                    ; Ticks[23] ; Ticks[30]        ; Clk        ; Clk      ; None                        ; None                      ; 3.646 ns                ;
; N/A                                     ; 261.10 MHz ( period = 3.830 ns )                    ; Ticks[23] ; Ticks[27]        ; Clk        ; Clk      ; None                        ; None                      ; 3.646 ns                ;
; N/A                                     ; 261.10 MHz ( period = 3.830 ns )                    ; Ticks[23] ; Ticks[26]        ; Clk        ; Clk      ; None                        ; None                      ; 3.646 ns                ;
; N/A                                     ; 261.10 MHz ( period = 3.830 ns )                    ; Ticks[23] ; Ticks[25]        ; Clk        ; Clk      ; None                        ; None                      ; 3.646 ns                ;
; N/A                                     ; 261.10 MHz ( period = 3.830 ns )                    ; Ticks[23] ; Ticks[24]        ; Clk        ; Clk      ; None                        ; None                      ; 3.646 ns                ;
; N/A                                     ; 261.10 MHz ( period = 3.830 ns )                    ; Ticks[23] ; Ticks[22]        ; Clk        ; Clk      ; None                        ; None                      ; 3.646 ns                ;
; N/A                                     ; 261.10 MHz ( period = 3.830 ns )                    ; Ticks[23] ; Ticks[28]        ; Clk        ; Clk      ; None                        ; None                      ; 3.646 ns                ;
; N/A                                     ; 261.10 MHz ( period = 3.830 ns )                    ; Ticks[23] ; Ticks[16]        ; Clk        ; Clk      ; None                        ; None                      ; 3.646 ns                ;
; N/A                                     ; 261.10 MHz ( period = 3.830 ns )                    ; Ticks[23] ; Ticks[19]        ; Clk        ; Clk      ; None                        ; None                      ; 3.646 ns                ;
; N/A                                     ; 261.10 MHz ( period = 3.830 ns )                    ; Ticks[23] ; Ticks[18]        ; Clk        ; Clk      ; None                        ; None                      ; 3.646 ns                ;
; N/A                                     ; 261.10 MHz ( period = 3.830 ns )                    ; Ticks[23] ; Ticks[21]        ; Clk        ; Clk      ; None                        ; None                      ; 3.646 ns                ;
; N/A                                     ; 261.10 MHz ( period = 3.830 ns )                    ; Ticks[23] ; Ticks[17]        ; Clk        ; Clk      ; None                        ; None                      ; 3.646 ns                ;
; N/A                                     ; 261.10 MHz ( period = 3.830 ns )                    ; Ticks[23] ; Ticks[20]        ; Clk        ; Clk      ; None                        ; None                      ; 3.646 ns                ;
; N/A                                     ; 263.23 MHz ( period = 3.799 ns )                    ; Ticks[27] ; Ticks[23]        ; Clk        ; Clk      ; None                        ; None                      ; 3.615 ns                ;
; N/A                                     ; 263.23 MHz ( period = 3.799 ns )                    ; Ticks[27] ; Ticks[29]        ; Clk        ; Clk      ; None                        ; None                      ; 3.615 ns                ;
; N/A                                     ; 263.23 MHz ( period = 3.799 ns )                    ; Ticks[27] ; Ticks[30]        ; Clk        ; Clk      ; None                        ; None                      ; 3.615 ns                ;
; N/A                                     ; 263.23 MHz ( period = 3.799 ns )                    ; Ticks[27] ; Ticks[27]        ; Clk        ; Clk      ; None                        ; None                      ; 3.615 ns                ;
; N/A                                     ; 263.23 MHz ( period = 3.799 ns )                    ; Ticks[27] ; Ticks[26]        ; Clk        ; Clk      ; None                        ; None                      ; 3.615 ns                ;
; N/A                                     ; 263.23 MHz ( period = 3.799 ns )                    ; Ticks[27] ; Ticks[25]        ; Clk        ; Clk      ; None                        ; None                      ; 3.615 ns                ;
; N/A                                     ; 263.23 MHz ( period = 3.799 ns )                    ; Ticks[27] ; Ticks[24]        ; Clk        ; Clk      ; None                        ; None                      ; 3.615 ns                ;
; N/A                                     ; 263.23 MHz ( period = 3.799 ns )                    ; Ticks[27] ; Ticks[22]        ; Clk        ; Clk      ; None                        ; None                      ; 3.615 ns                ;
; N/A                                     ; 263.23 MHz ( period = 3.799 ns )                    ; Ticks[27] ; Ticks[28]        ; Clk        ; Clk      ; None                        ; None                      ; 3.615 ns                ;
; N/A                                     ; 263.23 MHz ( period = 3.799 ns )                    ; Ticks[27] ; Ticks[16]        ; Clk        ; Clk      ; None                        ; None                      ; 3.615 ns                ;
; N/A                                     ; 263.23 MHz ( period = 3.799 ns )                    ; Ticks[27] ; Ticks[19]        ; Clk        ; Clk      ; None                        ; None                      ; 3.615 ns                ;
; N/A                                     ; 263.23 MHz ( period = 3.799 ns )                    ; Ticks[27] ; Ticks[18]        ; Clk        ; Clk      ; None                        ; None                      ; 3.615 ns                ;
; N/A                                     ; 263.23 MHz ( period = 3.799 ns )                    ; Ticks[27] ; Ticks[21]        ; Clk        ; Clk      ; None                        ; None                      ; 3.615 ns                ;
; N/A                                     ; 263.23 MHz ( period = 3.799 ns )                    ; Ticks[27] ; Ticks[17]        ; Clk        ; Clk      ; None                        ; None                      ; 3.615 ns                ;
; N/A                                     ; 263.23 MHz ( period = 3.799 ns )                    ; Ticks[27] ; Ticks[20]        ; Clk        ; Clk      ; None                        ; None                      ; 3.615 ns                ;
; N/A                                     ; 263.57 MHz ( period = 3.794 ns )                    ; Ticks[11] ; Seconds[12]~reg0 ; Clk        ; Clk      ; None                        ; None                      ; 3.600 ns                ;
; N/A                                     ; 263.57 MHz ( period = 3.794 ns )                    ; Ticks[11] ; Seconds[13]~reg0 ; Clk        ; Clk      ; None                        ; None                      ; 3.600 ns                ;
; N/A                                     ; 263.57 MHz ( period = 3.794 ns )                    ; Ticks[11] ; Seconds[11]~reg0 ; Clk        ; Clk      ; None                        ; None                      ; 3.600 ns                ;
; N/A                                     ; 263.57 MHz ( period = 3.794 ns )                    ; Ticks[11] ; Seconds[15]~reg0 ; Clk        ; Clk      ; None                        ; None                      ; 3.600 ns                ;
; Timing analysis restricted to 200 rows. ; To change the limit use Settings (Assignments menu) ;           ;                  ;            ;          ;                             ;                           ;                         ;
+-----------------------------------------+-----------------------------------------------------+-----------+------------------+------------+----------+-----------------------------+---------------------------+-------------------------+


+------------------------------------------------------------------------+
; tsu                                                                    ;
+-------+--------------+------------+------+------------------+----------+
; Slack ; Required tsu ; Actual tsu ; From ; To               ; To Clock ;
+-------+--------------+------------+------+------------------+----------+
; N/A   ; None         ; 4.744 ns   ; nRst ; Ticks[23]        ; Clk      ;
; N/A   ; None         ; 4.744 ns   ; nRst ; Ticks[29]        ; Clk      ;
; N/A   ; None         ; 4.744 ns   ; nRst ; Ticks[30]        ; Clk      ;
; N/A   ; None         ; 4.744 ns   ; nRst ; Ticks[27]        ; Clk      ;
; N/A   ; None         ; 4.744 ns   ; nRst ; Ticks[26]        ; Clk      ;
; N/A   ; None         ; 4.744 ns   ; nRst ; Ticks[25]        ; Clk      ;
; N/A   ; None         ; 4.744 ns   ; nRst ; Ticks[24]        ; Clk      ;
; N/A   ; None         ; 4.744 ns   ; nRst ; Ticks[22]        ; Clk      ;
; N/A   ; None         ; 4.744 ns   ; nRst ; Ticks[28]        ; Clk      ;
; N/A   ; None         ; 4.744 ns   ; nRst ; Ticks[16]        ; Clk      ;
; N/A   ; None         ; 4.744 ns   ; nRst ; Ticks[19]        ; Clk      ;
; N/A   ; None         ; 4.744 ns   ; nRst ; Ticks[18]        ; Clk      ;
; N/A   ; None         ; 4.744 ns   ; nRst ; Ticks[21]        ; Clk      ;
; N/A   ; None         ; 4.744 ns   ; nRst ; Ticks[17]        ; Clk      ;
; N/A   ; None         ; 4.744 ns   ; nRst ; Ticks[20]        ; Clk      ;
; N/A   ; None         ; 4.481 ns   ; nRst ; Ticks[8]         ; Clk      ;
; N/A   ; None         ; 4.481 ns   ; nRst ; Ticks[2]         ; Clk      ;
; N/A   ; None         ; 4.481 ns   ; nRst ; Ticks[1]         ; Clk      ;
; N/A   ; None         ; 4.481 ns   ; nRst ; Ticks[9]         ; Clk      ;
; N/A   ; None         ; 4.481 ns   ; nRst ; Ticks[5]         ; Clk      ;
; N/A   ; None         ; 4.481 ns   ; nRst ; Ticks[7]         ; Clk      ;
; N/A   ; None         ; 4.481 ns   ; nRst ; Ticks[6]         ; Clk      ;
; N/A   ; None         ; 4.481 ns   ; nRst ; Ticks[3]         ; Clk      ;
; N/A   ; None         ; 4.481 ns   ; nRst ; Ticks[4]         ; Clk      ;
; N/A   ; None         ; 4.481 ns   ; nRst ; Ticks[11]        ; Clk      ;
; N/A   ; None         ; 4.481 ns   ; nRst ; Ticks[10]        ; Clk      ;
; N/A   ; None         ; 4.481 ns   ; nRst ; Ticks[12]        ; Clk      ;
; N/A   ; None         ; 4.481 ns   ; nRst ; Ticks[13]        ; Clk      ;
; N/A   ; None         ; 4.481 ns   ; nRst ; Ticks[15]        ; Clk      ;
; N/A   ; None         ; 4.481 ns   ; nRst ; Ticks[14]        ; Clk      ;
; N/A   ; None         ; 4.265 ns   ; nRst ; Seconds[0]~reg0  ; Clk      ;
; N/A   ; None         ; 4.265 ns   ; nRst ; Seconds[2]~reg0  ; Clk      ;
; N/A   ; None         ; 4.265 ns   ; nRst ; Seconds[9]~reg0  ; Clk      ;
; N/A   ; None         ; 4.265 ns   ; nRst ; Seconds[1]~reg0  ; Clk      ;
; N/A   ; None         ; 4.265 ns   ; nRst ; Seconds[8]~reg0  ; Clk      ;
; N/A   ; None         ; 4.265 ns   ; nRst ; Seconds[7]~reg0  ; Clk      ;
; N/A   ; None         ; 4.265 ns   ; nRst ; Seconds[4]~reg0  ; Clk      ;
; N/A   ; None         ; 4.265 ns   ; nRst ; Seconds[6]~reg0  ; Clk      ;
; N/A   ; None         ; 4.265 ns   ; nRst ; Seconds[5]~reg0  ; Clk      ;
; N/A   ; None         ; 4.265 ns   ; nRst ; Seconds[3]~reg0  ; Clk      ;
; N/A   ; None         ; 4.265 ns   ; nRst ; Seconds[14]~reg0 ; Clk      ;
; N/A   ; None         ; 4.265 ns   ; nRst ; Seconds[12]~reg0 ; Clk      ;
; N/A   ; None         ; 4.265 ns   ; nRst ; Seconds[13]~reg0 ; Clk      ;
; N/A   ; None         ; 4.265 ns   ; nRst ; Seconds[11]~reg0 ; Clk      ;
; N/A   ; None         ; 4.265 ns   ; nRst ; Seconds[15]~reg0 ; Clk      ;
; N/A   ; None         ; 4.265 ns   ; nRst ; Seconds[10]~reg0 ; Clk      ;
; N/A   ; None         ; 4.248 ns   ; nRst ; Seconds[28]~reg0 ; Clk      ;
; N/A   ; None         ; 4.248 ns   ; nRst ; Seconds[29]~reg0 ; Clk      ;
; N/A   ; None         ; 4.248 ns   ; nRst ; Seconds[24]~reg0 ; Clk      ;
; N/A   ; None         ; 4.248 ns   ; nRst ; Seconds[23]~reg0 ; Clk      ;
; N/A   ; None         ; 4.248 ns   ; nRst ; Seconds[25]~reg0 ; Clk      ;
; N/A   ; None         ; 4.248 ns   ; nRst ; Seconds[27]~reg0 ; Clk      ;
; N/A   ; None         ; 4.248 ns   ; nRst ; Seconds[26]~reg0 ; Clk      ;
; N/A   ; None         ; 4.248 ns   ; nRst ; Seconds[22]~reg0 ; Clk      ;
; N/A   ; None         ; 4.248 ns   ; nRst ; Seconds[30]~reg0 ; Clk      ;
; N/A   ; None         ; 4.248 ns   ; nRst ; Seconds[31]~reg0 ; Clk      ;
; N/A   ; None         ; 4.248 ns   ; nRst ; Seconds[18]~reg0 ; Clk      ;
; N/A   ; None         ; 4.248 ns   ; nRst ; Seconds[19]~reg0 ; Clk      ;
; N/A   ; None         ; 4.248 ns   ; nRst ; Seconds[20]~reg0 ; Clk      ;
; N/A   ; None         ; 4.248 ns   ; nRst ; Seconds[21]~reg0 ; Clk      ;
; N/A   ; None         ; 4.248 ns   ; nRst ; Seconds[16]~reg0 ; Clk      ;
; N/A   ; None         ; 4.248 ns   ; nRst ; Seconds[17]~reg0 ; Clk      ;
; N/A   ; None         ; 3.535 ns   ; nRst ; Ticks[0]         ; Clk      ;
; N/A   ; None         ; 3.535 ns   ; nRst ; Ticks[31]        ; Clk      ;
+-------+--------------+------------+------+------------------+----------+


+---------------------------------------------------------------------------------+
; tco                                                                             ;
+-------+--------------+------------+------------------+-------------+------------+
; Slack ; Required tco ; Actual tco ; From             ; To          ; From Clock ;
+-------+--------------+------------+------------------+-------------+------------+
; N/A   ; None         ; 7.745 ns   ; Seconds[5]~reg0  ; Seconds[5]  ; Clk        ;
; N/A   ; None         ; 7.350 ns   ; Ticks[29]        ; o_Ticks[29] ; Clk        ;
; N/A   ; None         ; 7.109 ns   ; Seconds[18]~reg0 ; Seconds[18] ; Clk        ;
; N/A   ; None         ; 6.860 ns   ; Seconds[29]~reg0 ; Seconds[29] ; Clk        ;
; N/A   ; None         ; 6.850 ns   ; Seconds[2]~reg0  ; Seconds[2]  ; Clk        ;
; N/A   ; None         ; 6.798 ns   ; Ticks[3]         ; o_Ticks[3]  ; Clk        ;
; N/A   ; None         ; 6.754 ns   ; Seconds[1]~reg0  ; Seconds[1]  ; Clk        ;
; N/A   ; None         ; 6.608 ns   ; Seconds[27]~reg0 ; Seconds[27] ; Clk        ;
; N/A   ; None         ; 6.541 ns   ; Seconds[11]~reg0 ; Seconds[11] ; Clk        ;
; N/A   ; None         ; 6.536 ns   ; Seconds[7]~reg0  ; Seconds[7]  ; Clk        ;
; N/A   ; None         ; 6.404 ns   ; Seconds[14]~reg0 ; Seconds[14] ; Clk        ;
; N/A   ; None         ; 6.394 ns   ; Ticks[14]        ; o_Ticks[14] ; Clk        ;
; N/A   ; None         ; 6.382 ns   ; Ticks[21]        ; o_Ticks[21] ; Clk        ;
; N/A   ; None         ; 6.381 ns   ; Seconds[30]~reg0 ; Seconds[30] ; Clk        ;
; N/A   ; None         ; 6.237 ns   ; Seconds[0]~reg0  ; Seconds[0]  ; Clk        ;
; N/A   ; None         ; 6.082 ns   ; Ticks[4]         ; o_Ticks[4]  ; Clk        ;
; N/A   ; None         ; 6.059 ns   ; Ticks[5]         ; o_Ticks[5]  ; Clk        ;
; N/A   ; None         ; 5.994 ns   ; Ticks[31]        ; o_Ticks[31] ; Clk        ;
; N/A   ; None         ; 5.961 ns   ; Seconds[17]~reg0 ; Seconds[17] ; Clk        ;
; N/A   ; None         ; 5.841 ns   ; Seconds[16]~reg0 ; Seconds[16] ; Clk        ;
; N/A   ; None         ; 5.816 ns   ; Ticks[1]         ; o_Ticks[1]  ; Clk        ;
; N/A   ; None         ; 5.779 ns   ; Seconds[19]~reg0 ; Seconds[19] ; Clk        ;
; N/A   ; None         ; 5.754 ns   ; Ticks[12]        ; o_Ticks[12] ; Clk        ;
; N/A   ; None         ; 5.736 ns   ; Seconds[4]~reg0  ; Seconds[4]  ; Clk        ;
; N/A   ; None         ; 5.723 ns   ; Ticks[13]        ; o_Ticks[13] ; Clk        ;
; N/A   ; None         ; 5.722 ns   ; Seconds[6]~reg0  ; Seconds[6]  ; Clk        ;
; N/A   ; None         ; 5.719 ns   ; Seconds[24]~reg0 ; Seconds[24] ; Clk        ;
; N/A   ; None         ; 5.713 ns   ; Seconds[31]~reg0 ; Seconds[31] ; Clk        ;
; N/A   ; None         ; 5.712 ns   ; Seconds[8]~reg0  ; Seconds[8]  ; Clk        ;
; N/A   ; None         ; 5.701 ns   ; Ticks[9]         ; o_Ticks[9]  ; Clk        ;
; N/A   ; None         ; 5.701 ns   ; Seconds[20]~reg0 ; Seconds[20] ; Clk        ;
; N/A   ; None         ; 5.699 ns   ; Ticks[15]        ; o_Ticks[15] ; Clk        ;
; N/A   ; None         ; 5.684 ns   ; Seconds[22]~reg0 ; Seconds[22] ; Clk        ;
; N/A   ; None         ; 5.679 ns   ; Ticks[22]        ; o_Ticks[22] ; Clk        ;
; N/A   ; None         ; 5.669 ns   ; Ticks[30]        ; o_Ticks[30] ; Clk        ;
; N/A   ; None         ; 5.661 ns   ; Seconds[15]~reg0 ; Seconds[15] ; Clk        ;
; N/A   ; None         ; 5.635 ns   ; Seconds[26]~reg0 ; Seconds[26] ; Clk        ;
; N/A   ; None         ; 5.633 ns   ; Seconds[21]~reg0 ; Seconds[21] ; Clk        ;
; N/A   ; None         ; 5.632 ns   ; Seconds[28]~reg0 ; Seconds[28] ; Clk        ;
; N/A   ; None         ; 5.630 ns   ; Seconds[13]~reg0 ; Seconds[13] ; Clk        ;
; N/A   ; None         ; 5.618 ns   ; Seconds[10]~reg0 ; Seconds[10] ; Clk        ;
; N/A   ; None         ; 5.618 ns   ; Seconds[3]~reg0  ; Seconds[3]  ; Clk        ;
; N/A   ; None         ; 5.528 ns   ; Ticks[27]        ; o_Ticks[27] ; Clk        ;
; N/A   ; None         ; 5.510 ns   ; Ticks[17]        ; o_Ticks[17] ; Clk        ;
; N/A   ; None         ; 5.506 ns   ; Ticks[28]        ; o_Ticks[28] ; Clk        ;
; N/A   ; None         ; 5.484 ns   ; Ticks[20]        ; o_Ticks[20] ; Clk        ;
; N/A   ; None         ; 5.468 ns   ; Ticks[24]        ; o_Ticks[24] ; Clk        ;
; N/A   ; None         ; 5.458 ns   ; Ticks[18]        ; o_Ticks[18] ; Clk        ;
; N/A   ; None         ; 5.424 ns   ; Seconds[25]~reg0 ; Seconds[25] ; Clk        ;
; N/A   ; None         ; 5.403 ns   ; Seconds[9]~reg0  ; Seconds[9]  ; Clk        ;
; N/A   ; None         ; 5.396 ns   ; Ticks[10]        ; o_Ticks[10] ; Clk        ;
; N/A   ; None         ; 5.394 ns   ; Seconds[12]~reg0 ; Seconds[12] ; Clk        ;
; N/A   ; None         ; 5.379 ns   ; Seconds[23]~reg0 ; Seconds[23] ; Clk        ;
; N/A   ; None         ; 5.361 ns   ; Ticks[0]         ; o_Ticks[0]  ; Clk        ;
; N/A   ; None         ; 5.339 ns   ; Ticks[2]         ; o_Ticks[2]  ; Clk        ;
; N/A   ; None         ; 5.337 ns   ; Ticks[23]        ; o_Ticks[23] ; Clk        ;
; N/A   ; None         ; 5.330 ns   ; Ticks[7]         ; o_Ticks[7]  ; Clk        ;
; N/A   ; None         ; 5.321 ns   ; Ticks[25]        ; o_Ticks[25] ; Clk        ;
; N/A   ; None         ; 5.321 ns   ; Ticks[11]        ; o_Ticks[11] ; Clk        ;
; N/A   ; None         ; 5.317 ns   ; Ticks[16]        ; o_Ticks[16] ; Clk        ;
; N/A   ; None         ; 5.189 ns   ; Ticks[26]        ; o_Ticks[26] ; Clk        ;
; N/A   ; None         ; 5.173 ns   ; Ticks[8]         ; o_Ticks[8]  ; Clk        ;
; N/A   ; None         ; 5.136 ns   ; Ticks[19]        ; o_Ticks[19] ; Clk        ;
; N/A   ; None         ; 5.128 ns   ; Ticks[6]         ; o_Ticks[6]  ; Clk        ;
+-------+--------------+------------+------------------+-------------+------------+


+------------------------------------------------------------------------------+
; th                                                                           ;
+---------------+-------------+-----------+------+------------------+----------+
; Minimum Slack ; Required th ; Actual th ; From ; To               ; To Clock ;
+---------------+-------------+-----------+------+------------------+----------+
; N/A           ; None        ; -3.296 ns ; nRst ; Ticks[0]         ; Clk      ;
; N/A           ; None        ; -3.296 ns ; nRst ; Ticks[31]        ; Clk      ;
; N/A           ; None        ; -4.009 ns ; nRst ; Seconds[28]~reg0 ; Clk      ;
; N/A           ; None        ; -4.009 ns ; nRst ; Seconds[29]~reg0 ; Clk      ;
; N/A           ; None        ; -4.009 ns ; nRst ; Seconds[24]~reg0 ; Clk      ;
; N/A           ; None        ; -4.009 ns ; nRst ; Seconds[23]~reg0 ; Clk      ;
; N/A           ; None        ; -4.009 ns ; nRst ; Seconds[25]~reg0 ; Clk      ;
; N/A           ; None        ; -4.009 ns ; nRst ; Seconds[27]~reg0 ; Clk      ;
; N/A           ; None        ; -4.009 ns ; nRst ; Seconds[26]~reg0 ; Clk      ;
; N/A           ; None        ; -4.009 ns ; nRst ; Seconds[22]~reg0 ; Clk      ;
; N/A           ; None        ; -4.009 ns ; nRst ; Seconds[30]~reg0 ; Clk      ;
; N/A           ; None        ; -4.009 ns ; nRst ; Seconds[31]~reg0 ; Clk      ;
; N/A           ; None        ; -4.009 ns ; nRst ; Seconds[18]~reg0 ; Clk      ;
; N/A           ; None        ; -4.009 ns ; nRst ; Seconds[19]~reg0 ; Clk      ;
; N/A           ; None        ; -4.009 ns ; nRst ; Seconds[20]~reg0 ; Clk      ;
; N/A           ; None        ; -4.009 ns ; nRst ; Seconds[21]~reg0 ; Clk      ;
; N/A           ; None        ; -4.009 ns ; nRst ; Seconds[16]~reg0 ; Clk      ;
; N/A           ; None        ; -4.009 ns ; nRst ; Seconds[17]~reg0 ; Clk      ;
; N/A           ; None        ; -4.026 ns ; nRst ; Seconds[0]~reg0  ; Clk      ;
; N/A           ; None        ; -4.026 ns ; nRst ; Seconds[2]~reg0  ; Clk      ;
; N/A           ; None        ; -4.026 ns ; nRst ; Seconds[9]~reg0  ; Clk      ;
; N/A           ; None        ; -4.026 ns ; nRst ; Seconds[1]~reg0  ; Clk      ;
; N/A           ; None        ; -4.026 ns ; nRst ; Seconds[8]~reg0  ; Clk      ;
; N/A           ; None        ; -4.026 ns ; nRst ; Seconds[7]~reg0  ; Clk      ;
; N/A           ; None        ; -4.026 ns ; nRst ; Seconds[4]~reg0  ; Clk      ;
; N/A           ; None        ; -4.026 ns ; nRst ; Seconds[6]~reg0  ; Clk      ;
; N/A           ; None        ; -4.026 ns ; nRst ; Seconds[5]~reg0  ; Clk      ;
; N/A           ; None        ; -4.026 ns ; nRst ; Seconds[3]~reg0  ; Clk      ;
; N/A           ; None        ; -4.026 ns ; nRst ; Seconds[14]~reg0 ; Clk      ;
; N/A           ; None        ; -4.026 ns ; nRst ; Seconds[12]~reg0 ; Clk      ;
; N/A           ; None        ; -4.026 ns ; nRst ; Seconds[13]~reg0 ; Clk      ;
; N/A           ; None        ; -4.026 ns ; nRst ; Seconds[11]~reg0 ; Clk      ;
; N/A           ; None        ; -4.026 ns ; nRst ; Seconds[15]~reg0 ; Clk      ;
; N/A           ; None        ; -4.026 ns ; nRst ; Seconds[10]~reg0 ; Clk      ;
; N/A           ; None        ; -4.242 ns ; nRst ; Ticks[8]         ; Clk      ;
; N/A           ; None        ; -4.242 ns ; nRst ; Ticks[2]         ; Clk      ;
; N/A           ; None        ; -4.242 ns ; nRst ; Ticks[1]         ; Clk      ;
; N/A           ; None        ; -4.242 ns ; nRst ; Ticks[9]         ; Clk      ;
; N/A           ; None        ; -4.242 ns ; nRst ; Ticks[5]         ; Clk      ;
; N/A           ; None        ; -4.242 ns ; nRst ; Ticks[7]         ; Clk      ;
; N/A           ; None        ; -4.242 ns ; nRst ; Ticks[6]         ; Clk      ;
; N/A           ; None        ; -4.242 ns ; nRst ; Ticks[3]         ; Clk      ;
; N/A           ; None        ; -4.242 ns ; nRst ; Ticks[4]         ; Clk      ;
; N/A           ; None        ; -4.242 ns ; nRst ; Ticks[11]        ; Clk      ;
; N/A           ; None        ; -4.242 ns ; nRst ; Ticks[10]        ; Clk      ;
; N/A           ; None        ; -4.242 ns ; nRst ; Ticks[12]        ; Clk      ;
; N/A           ; None        ; -4.242 ns ; nRst ; Ticks[13]        ; Clk      ;
; N/A           ; None        ; -4.242 ns ; nRst ; Ticks[15]        ; Clk      ;
; N/A           ; None        ; -4.242 ns ; nRst ; Ticks[14]        ; Clk      ;
; N/A           ; None        ; -4.505 ns ; nRst ; Ticks[23]        ; Clk      ;
; N/A           ; None        ; -4.505 ns ; nRst ; Ticks[29]        ; Clk      ;
; N/A           ; None        ; -4.505 ns ; nRst ; Ticks[30]        ; Clk      ;
; N/A           ; None        ; -4.505 ns ; nRst ; Ticks[27]        ; Clk      ;
; N/A           ; None        ; -4.505 ns ; nRst ; Ticks[26]        ; Clk      ;
; N/A           ; None        ; -4.505 ns ; nRst ; Ticks[25]        ; Clk      ;
; N/A           ; None        ; -4.505 ns ; nRst ; Ticks[24]        ; Clk      ;
; N/A           ; None        ; -4.505 ns ; nRst ; Ticks[22]        ; Clk      ;
; N/A           ; None        ; -4.505 ns ; nRst ; Ticks[28]        ; Clk      ;
; N/A           ; None        ; -4.505 ns ; nRst ; Ticks[16]        ; Clk      ;
; N/A           ; None        ; -4.505 ns ; nRst ; Ticks[19]        ; Clk      ;
; N/A           ; None        ; -4.505 ns ; nRst ; Ticks[18]        ; Clk      ;
; N/A           ; None        ; -4.505 ns ; nRst ; Ticks[21]        ; Clk      ;
; N/A           ; None        ; -4.505 ns ; nRst ; Ticks[17]        ; Clk      ;
; N/A           ; None        ; -4.505 ns ; nRst ; Ticks[20]        ; Clk      ;
+---------------+-------------+-----------+------+------------------+----------+


+--------------------------+
; Timing Analyzer Messages ;
+--------------------------+
Info: *******************************************************************
Info: Running Quartus II Classic Timing Analyzer
    Info: Version 9.1 Build 350 03/24/2010 Service Pack 2 SJ Web Edition
    Info: Processing started: Sat Oct 26 02:27:25 2019
Info: Command: quartus_tan --read_settings_files=off --write_settings_files=off Timer -c Timer --timing_analysis_only
Warning: Found pins functioning as undefined clocks and/or memory enables
    Info: Assuming node "Clk" is an undefined clock
Info: Clock "Clk" has Internal fmax of 238.95 MHz between source register "Ticks[11]" and destination register "Ticks[23]" (period= 4.185 ns)
    Info: + Longest register to register delay is 4.004 ns
        Info: 1: + IC(0.000 ns) + CELL(0.000 ns) = 0.000 ns; Loc. = LCFF_X26_Y3_N23; Fanout = 4; REG Node = 'Ticks[11]'
        Info: 2: + IC(1.114 ns) + CELL(0.378 ns) = 1.492 ns; Loc. = LCCOMB_X37_Y4_N18; Fanout = 1; COMB Node = 'Equal0~3'
        Info: 3: + IC(0.698 ns) + CELL(0.154 ns) = 2.344 ns; Loc. = LCCOMB_X34_Y3_N20; Fanout = 36; COMB Node = 'Equal0~6'
        Info: 4: + IC(0.243 ns) + CELL(0.053 ns) = 2.640 ns; Loc. = LCCOMB_X34_Y3_N6; Fanout = 30; COMB Node = 'Ticks[0]~1'
        Info: 5: + IC(0.967 ns) + CELL(0.397 ns) = 4.004 ns; Loc. = LCFF_X26_Y2_N15; Fanout = 4; REG Node = 'Ticks[23]'
        Info: Total cell delay = 0.982 ns ( 24.53 % )
        Info: Total interconnect delay = 3.022 ns ( 75.47 % )
    Info: - Smallest clock skew is 0.003 ns
        Info: + Shortest clock path from clock "Clk" to destination register is 2.494 ns
            Info: 1: + IC(0.000 ns) + CELL(0.854 ns) = 0.854 ns; Loc. = PIN_N20; Fanout = 1; CLK Node = 'Clk'
            Info: 2: + IC(0.343 ns) + CELL(0.000 ns) = 1.197 ns; Loc. = CLKCTRL_G3; Fanout = 64; COMB Node = 'Clk~clkctrl'
            Info: 3: + IC(0.679 ns) + CELL(0.618 ns) = 2.494 ns; Loc. = LCFF_X26_Y2_N15; Fanout = 4; REG Node = 'Ticks[23]'
            Info: Total cell delay = 1.472 ns ( 59.02 % )
            Info: Total interconnect delay = 1.022 ns ( 40.98 % )
        Info: - Longest clock path from clock "Clk" to source register is 2.491 ns
            Info: 1: + IC(0.000 ns) + CELL(0.854 ns) = 0.854 ns; Loc. = PIN_N20; Fanout = 1; CLK Node = 'Clk'
            Info: 2: + IC(0.343 ns) + CELL(0.000 ns) = 1.197 ns; Loc. = CLKCTRL_G3; Fanout = 64; COMB Node = 'Clk~clkctrl'
            Info: 3: + IC(0.676 ns) + CELL(0.618 ns) = 2.491 ns; Loc. = LCFF_X26_Y3_N23; Fanout = 4; REG Node = 'Ticks[11]'
            Info: Total cell delay = 1.472 ns ( 59.09 % )
            Info: Total interconnect delay = 1.019 ns ( 40.91 % )
    Info: + Micro clock to output delay of source is 0.094 ns
    Info: + Micro setup delay of destination is 0.090 ns
Info: tsu for register "Ticks[23]" (data pin = "nRst", clock pin = "Clk") is 4.744 ns
    Info: + Longest pin to register delay is 7.148 ns
        Info: 1: + IC(0.000 ns) + CELL(0.857 ns) = 0.857 ns; Loc. = PIN_D3; Fanout = 4; PIN Node = 'nRst'
        Info: 2: + IC(4.581 ns) + CELL(0.346 ns) = 5.784 ns; Loc. = LCCOMB_X34_Y3_N6; Fanout = 30; COMB Node = 'Ticks[0]~1'
        Info: 3: + IC(0.967 ns) + CELL(0.397 ns) = 7.148 ns; Loc. = LCFF_X26_Y2_N15; Fanout = 4; REG Node = 'Ticks[23]'
        Info: Total cell delay = 1.600 ns ( 22.38 % )
        Info: Total interconnect delay = 5.548 ns ( 77.62 % )
    Info: + Micro setup delay of destination is 0.090 ns
    Info: - Shortest clock path from clock "Clk" to destination register is 2.494 ns
        Info: 1: + IC(0.000 ns) + CELL(0.854 ns) = 0.854 ns; Loc. = PIN_N20; Fanout = 1; CLK Node = 'Clk'
        Info: 2: + IC(0.343 ns) + CELL(0.000 ns) = 1.197 ns; Loc. = CLKCTRL_G3; Fanout = 64; COMB Node = 'Clk~clkctrl'
        Info: 3: + IC(0.679 ns) + CELL(0.618 ns) = 2.494 ns; Loc. = LCFF_X26_Y2_N15; Fanout = 4; REG Node = 'Ticks[23]'
        Info: Total cell delay = 1.472 ns ( 59.02 % )
        Info: Total interconnect delay = 1.022 ns ( 40.98 % )
Info: tco from clock "Clk" to destination pin "Seconds[5]" through register "Seconds[5]~reg0" is 7.745 ns
    Info: + Longest clock path from clock "Clk" to source register is 2.481 ns
        Info: 1: + IC(0.000 ns) + CELL(0.854 ns) = 0.854 ns; Loc. = PIN_N20; Fanout = 1; CLK Node = 'Clk'
        Info: 2: + IC(0.343 ns) + CELL(0.000 ns) = 1.197 ns; Loc. = CLKCTRL_G3; Fanout = 64; COMB Node = 'Clk~clkctrl'
        Info: 3: + IC(0.666 ns) + CELL(0.618 ns) = 2.481 ns; Loc. = LCFF_X33_Y6_N11; Fanout = 5; REG Node = 'Seconds[5]~reg0'
        Info: Total cell delay = 1.472 ns ( 59.33 % )
        Info: Total interconnect delay = 1.009 ns ( 40.67 % )
    Info: + Micro clock to output delay of source is 0.094 ns
    Info: + Longest register to pin delay is 5.170 ns
        Info: 1: + IC(0.000 ns) + CELL(0.000 ns) = 0.000 ns; Loc. = LCFF_X33_Y6_N11; Fanout = 5; REG Node = 'Seconds[5]~reg0'
        Info: 2: + IC(3.198 ns) + CELL(1.972 ns) = 5.170 ns; Loc. = PIN_B16; Fanout = 0; PIN Node = 'Seconds[5]'
        Info: Total cell delay = 1.972 ns ( 38.14 % )
        Info: Total interconnect delay = 3.198 ns ( 61.86 % )
Info: th for register "Ticks[0]" (data pin = "nRst", clock pin = "Clk") is -3.296 ns
    Info: + Longest clock path from clock "Clk" to destination register is 2.494 ns
        Info: 1: + IC(0.000 ns) + CELL(0.854 ns) = 0.854 ns; Loc. = PIN_N20; Fanout = 1; CLK Node = 'Clk'
        Info: 2: + IC(0.343 ns) + CELL(0.000 ns) = 1.197 ns; Loc. = CLKCTRL_G3; Fanout = 64; COMB Node = 'Clk~clkctrl'
        Info: 3: + IC(0.679 ns) + CELL(0.618 ns) = 2.494 ns; Loc. = LCFF_X34_Y3_N1; Fanout = 4; REG Node = 'Ticks[0]'
        Info: Total cell delay = 1.472 ns ( 59.02 % )
        Info: Total interconnect delay = 1.022 ns ( 40.98 % )
    Info: + Micro hold delay of destination is 0.149 ns
    Info: - Shortest pin to register delay is 5.939 ns
        Info: 1: + IC(0.000 ns) + CELL(0.857 ns) = 0.857 ns; Loc. = PIN_D3; Fanout = 4; PIN Node = 'nRst'
        Info: 2: + IC(4.581 ns) + CELL(0.346 ns) = 5.784 ns; Loc. = LCCOMB_X34_Y3_N0; Fanout = 1; COMB Node = 'Ticks~0'
        Info: 3: + IC(0.000 ns) + CELL(0.155 ns) = 5.939 ns; Loc. = LCFF_X34_Y3_N1; Fanout = 4; REG Node = 'Ticks[0]'
        Info: Total cell delay = 1.358 ns ( 22.87 % )
        Info: Total interconnect delay = 4.581 ns ( 77.13 % )
Info: Quartus II Classic Timing Analyzer was successful. 0 errors, 1 warning
    Info: Peak virtual memory: 199 megabytes
    Info: Processing ended: Sat Oct 26 02:27:26 2019
    Info: Elapsed time: 00:00:01
    Info: Total CPU time (on all processors): 00:00:00


