Flow report for Timer
Fri Nov 15 15:13:32 2019
Quartus II 64-Bit Version 13.1.0 Build 162 10/23/2013 SJ Web Edition


---------------------
; Table of Contents ;
---------------------
  1. Legal Notice
  2. Flow Summary
  3. Flow Settings
  4. Flow Non-Default Global Settings
  5. Flow Elapsed Time
  6. Flow OS Summary
  7. Flow Log
  8. Flow Messages
  9. Flow Suppressed Messages



----------------
; Legal Notice ;
----------------
Copyright (C) 1991-2013 Altera Corporation
Your use of Altera Corporation's design tools, logic functions 
and other software and tools, and its AMPP partner logic 
functions, and any output files from any of the foregoing 
(including device programming or simulation files), and any 
associated documentation or information are expressly subject 
to the terms and conditions of the Altera Program License 
Subscription Agreement, Altera MegaCore Function License 
Agreement, or other applicable license agreement, including, 
without limitation, that your use is for the sole purpose of 
programming logic devices manufactured by Altera and sold by 
Altera or its authorized distributors.  Please refer to the 
applicable agreement for further details.



+---------------------------------------------------------------------------------+
; Flow Summary                                                                    ;
+------------------------------------+--------------------------------------------+
; Flow Status                        ; Successful - Fri Nov 15 15:13:32 2019      ;
; Quartus II 64-Bit Version          ; 13.1.0 Build 162 10/23/2013 SJ Web Edition ;
; Revision Name                      ; Timer                                      ;
; Top-level Entity Name              ; Timer                                      ;
; Family                             ; Cyclone IV E                               ;
; Device                             ; EP4CE75F29I7                               ;
; Timing Models                      ; Final                                      ;
; Total logic elements               ; 210 / 75,408 ( < 1 % )                     ;
;     Total combinational functions  ; 206 / 75,408 ( < 1 % )                     ;
;     Dedicated logic registers      ; 128 / 75,408 ( < 1 % )                     ;
; Total registers                    ; 128                                        ;
; Total pins                         ; 98 / 427 ( 23 % )                          ;
; Total virtual pins                 ; 0                                          ;
; Total memory bits                  ; 0 / 2,810,880 ( 0 % )                      ;
; Embedded Multiplier 9-bit elements ; 0 / 400 ( 0 % )                            ;
; Total PLLs                         ; 0 / 4 ( 0 % )                              ;
+------------------------------------+--------------------------------------------+


+-----------------------------------------+
; Flow Settings                           ;
+-------------------+---------------------+
; Option            ; Setting             ;
+-------------------+---------------------+
; Start date & time ; 11/15/2019 15:12:42 ;
; Main task         ; Compilation         ;
; Revision Name     ; Timer               ;
+-------------------+---------------------+


+-----------------------------------------------------------------------------------------------------------------------+
; Flow Non-Default Global Settings                                                                                      ;
+--------------------------------------+---------------------------------+---------------+-------------+----------------+
; Assignment Name                      ; Value                           ; Default Value ; Entity Name ; Section Id     ;
+--------------------------------------+---------------------------------+---------------+-------------+----------------+
; COMPILER_SIGNATURE_ID                ; 233654135307686.157382716204016 ; --            ; --          ; --             ;
; EDA_DESIGN_INSTANCE_NAME             ; NA                              ; --            ; --          ; Timer_tb       ;
; EDA_NATIVELINK_SIMULATION_TEST_BENCH ; Timer_tb                        ; --            ; --          ; eda_simulation ;
; EDA_OUTPUT_DATA_FORMAT               ; Vhdl                            ; --            ; --          ; eda_simulation ;
; EDA_SIMULATION_TOOL                  ; ModelSim-Altera (VHDL)          ; <None>        ; --          ; --             ;
; EDA_TEST_BENCH_ENABLE_STATUS         ; TEST_BENCH_MODE                 ; --            ; --          ; eda_simulation ;
; EDA_TEST_BENCH_FILE                  ; Timer_tb.vhd                    ; --            ; --          ; Timer_tb       ;
; EDA_TEST_BENCH_MODULE_NAME           ; Timer_tb                        ; --            ; --          ; Timer_tb       ;
; EDA_TEST_BENCH_NAME                  ; Timer_tb                        ; --            ; --          ; eda_simulation ;
; MAX_CORE_JUNCTION_TEMP               ; 100                             ; --            ; --          ; --             ;
; MIN_CORE_JUNCTION_TEMP               ; -40                             ; --            ; --          ; --             ;
; PARTITION_COLOR                      ; 16764057                        ; --            ; --          ; Top            ;
; PARTITION_FITTER_PRESERVATION_LEVEL  ; PLACEMENT_AND_ROUTING           ; --            ; --          ; Top            ;
; PARTITION_NETLIST_TYPE               ; SOURCE                          ; --            ; --          ; Top            ;
; PROJECT_OUTPUT_DIRECTORY             ; output_files                    ; --            ; --          ; --             ;
+--------------------------------------+---------------------------------+---------------+-------------+----------------+


+-------------------------------------------------------------------------------------------------------------------------------+
; Flow Elapsed Time                                                                                                             ;
+---------------------------+--------------+-------------------------+---------------------+------------------------------------+
; Module Name               ; Elapsed Time ; Average Processors Used ; Peak Virtual Memory ; Total CPU Time (on all processors) ;
+---------------------------+--------------+-------------------------+---------------------+------------------------------------+
; Analysis & Synthesis      ; 00:00:03     ; 1.0                     ; 4674 MB             ; 00:00:02                           ;
; Fitter                    ; 00:00:30     ; 1.0                     ; 5106 MB             ; 00:00:28                           ;
; Assembler                 ; 00:00:05     ; 1.0                     ; 4617 MB             ; 00:00:05                           ;
; TimeQuest Timing Analyzer ; 00:00:04     ; 1.0                     ; 4700 MB             ; 00:00:04                           ;
; EDA Netlist Writer        ; 00:00:01     ; 1.0                     ; 4565 MB             ; 00:00:01                           ;
; Total                     ; 00:00:43     ; --                      ; --                  ; 00:00:40                           ;
+---------------------------+--------------+-------------------------+---------------------+------------------------------------+


+----------------------------------------------------------------------------------------+
; Flow OS Summary                                                                        ;
+---------------------------+------------------+-----------+------------+----------------+
; Module Name               ; Machine Hostname ; OS Name   ; OS Version ; Processor type ;
+---------------------------+------------------+-----------+------------+----------------+
; Analysis & Synthesis      ; mu-nb-1835       ; Windows 7 ; 6.2        ; x86_64         ;
; Fitter                    ; mu-nb-1835       ; Windows 7 ; 6.2        ; x86_64         ;
; Assembler                 ; mu-nb-1835       ; Windows 7 ; 6.2        ; x86_64         ;
; TimeQuest Timing Analyzer ; mu-nb-1835       ; Windows 7 ; 6.2        ; x86_64         ;
; EDA Netlist Writer        ; mu-nb-1835       ; Windows 7 ; 6.2        ; x86_64         ;
+---------------------------+------------------+-----------+------------+----------------+


------------
; Flow Log ;
------------
quartus_map --read_settings_files=on --write_settings_files=off Timer -c Timer
quartus_fit --read_settings_files=off --write_settings_files=off Timer -c Timer
quartus_asm --read_settings_files=off --write_settings_files=off Timer -c Timer
quartus_sta Timer -c Timer
quartus_eda --read_settings_files=off --write_settings_files=off Timer -c Timer



