Classic Timing Analyzer report for RegisterFile
Sat Nov 02 22:48:31 2019
Quartus II Version 9.1 Build 350 03/24/2010 Service Pack 2 SJ Web Edition


---------------------
; Table of Contents ;
---------------------
  1. Legal Notice
  2. Timing Analyzer Summary
  3. Timing Analyzer Settings
  4. Clock Settings Summary
  5. Parallel Compilation
  6. Clock Setup: 'clock'
  7. tsu
  8. tco
  9. th
 10. Timing Analyzer Messages



----------------
; Legal Notice ;
----------------
Copyright (C) 1991-2010 Altera Corporation
Your use of Altera Corporation's design tools, logic functions 
and other software and tools, and its AMPP partner logic 
functions, and any output files from any of the foregoing 
(including device programming or simulation files), and any 
associated documentation or information are expressly subject 
to the terms and conditions of the Altera Program License 
Subscription Agreement, Altera MegaCore Function License 
Agreement, or other applicable license agreement, including, 
without limitation, that your use is for the sole purpose of 
programming logic devices manufactured by Altera and sold by 
Altera or its authorized distributors.  Please refer to the 
applicable agreement for further details.



+-----------------------------------------------------------------------------------------------------------------------------------------------------------------------------------------------------------------------------------------------------------------------------------------------------------------------------------------------------------------------------+
; Timing Analyzer Summary                                                                                                                                                                                                                                                                                                                                                     ;
+------------------------------+-------+---------------+------------------------------------------------+---------------------------------------------------------------------------------------------------------------+--------------------------------------------------------------------------------------------------------------+------------+----------+--------------+
; Type                         ; Slack ; Required Time ; Actual Time                                    ; From                                                                                                          ; To                                                                                                           ; From Clock ; To Clock ; Failed Paths ;
+------------------------------+-------+---------------+------------------------------------------------+---------------------------------------------------------------------------------------------------------------+--------------------------------------------------------------------------------------------------------------+------------+----------+--------------+
; Worst-case tsu               ; N/A   ; None          ; 3.294 ns                                       ; wren                                                                                                          ; altdpram0:inst|altsyncram:altsyncram_component|altsyncram_53q1:auto_generated|ram_block1a0~porta_datain_reg7 ; --         ; clock    ; 0            ;
; Worst-case tco               ; N/A   ; None          ; 7.885 ns                                       ; altdpram0:inst|altsyncram:altsyncram_component|altsyncram_53q1:auto_generated|q_b[7]                          ; q[7]                                                                                                         ; clock      ; --       ; 0            ;
; Worst-case th                ; N/A   ; None          ; -2.289 ns                                      ; data[4]                                                                                                       ; altdpram0:inst|altsyncram:altsyncram_component|altsyncram_53q1:auto_generated|ram_block1a0~porta_datain_reg4 ; --         ; clock    ; 0            ;
; Clock Setup: 'clock'         ; N/A   ; None          ; Restricted to 500.00 MHz ( period = 2.000 ns ) ; altdpram0:inst|altsyncram:altsyncram_component|altsyncram_53q1:auto_generated|ram_block1a0~portb_address_reg4 ; altdpram0:inst|altsyncram:altsyncram_component|altsyncram_53q1:auto_generated|q_b[7]                         ; clock      ; clock    ; 0            ;
; Total number of failed paths ;       ;               ;                                                ;                                                                                                               ;                                                                                                              ;            ;          ; 0            ;
+------------------------------+-------+---------------+------------------------------------------------+---------------------------------------------------------------------------------------------------------------+--------------------------------------------------------------------------------------------------------------+------------+----------+--------------+


+-----------------------------------------------------------------------------------------------------------------------------------------------------+
; Timing Analyzer Settings                                                                                                                            ;
+------------------------------------------------------------------------------------------------------+--------------------+------+----+-------------+
; Option                                                                                               ; Setting            ; From ; To ; Entity Name ;
+------------------------------------------------------------------------------------------------------+--------------------+------+----+-------------+
; Device Name                                                                                          ; EP2S15F484C3       ;      ;    ;             ;
; Timing Models                                                                                        ; Final              ;      ;    ;             ;
; Default hold multicycle                                                                              ; Same as Multicycle ;      ;    ;             ;
; Cut paths between unrelated clock domains                                                            ; On                 ;      ;    ;             ;
; Cut off read during write signal paths                                                               ; On                 ;      ;    ;             ;
; Cut off feedback from I/O pins                                                                       ; On                 ;      ;    ;             ;
; Report Combined Fast/Slow Timing                                                                     ; Off                ;      ;    ;             ;
; Ignore Clock Settings                                                                                ; Off                ;      ;    ;             ;
; Analyze latches as synchronous elements                                                              ; On                 ;      ;    ;             ;
; Enable Recovery/Removal analysis                                                                     ; Off                ;      ;    ;             ;
; Enable Clock Latency                                                                                 ; Off                ;      ;    ;             ;
; Use TimeQuest Timing Analyzer                                                                        ; Off                ;      ;    ;             ;
; Number of source nodes to report per destination node                                                ; 10                 ;      ;    ;             ;
; Number of destination nodes to report                                                                ; 10                 ;      ;    ;             ;
; Number of paths to report                                                                            ; 200                ;      ;    ;             ;
; Report Minimum Timing Checks                                                                         ; Off                ;      ;    ;             ;
; Use Fast Timing Models                                                                               ; Off                ;      ;    ;             ;
; Report IO Paths Separately                                                                           ; Off                ;      ;    ;             ;
; Perform Multicorner Analysis                                                                         ; On                 ;      ;    ;             ;
; Reports the worst-case path for each clock domain and analysis                                       ; Off                ;      ;    ;             ;
; Reports worst-case timing paths for each clock domain and analysis                                   ; Off                ;      ;    ;             ;
; Specifies the maximum number of worst-case timing paths to report for each clock domain and analysis ; 100                ;      ;    ;             ;
; Removes common clock path pessimism (CCPP) during slack computation                                  ; Off                ;      ;    ;             ;
; Output I/O Timing Endpoint                                                                           ; Near End           ;      ;    ;             ;
+------------------------------------------------------------------------------------------------------+--------------------+------+----+-------------+


+------------------------------------------------------------------------------------------------------------------------------------------------------------------------------------+
; Clock Settings Summary                                                                                                                                                             ;
+-----------------+--------------------+----------+------------------+---------------+--------------+----------+-----------------------+---------------------+--------+--------------+
; Clock Node Name ; Clock Setting Name ; Type     ; Fmax Requirement ; Early Latency ; Late Latency ; Based on ; Multiply Base Fmax by ; Divide Base Fmax by ; Offset ; Phase offset ;
+-----------------+--------------------+----------+------------------+---------------+--------------+----------+-----------------------+---------------------+--------+--------------+
; clock           ;                    ; User Pin ; None             ; 0.000 ns      ; 0.000 ns     ; --       ; N/A                   ; N/A                 ; N/A    ;              ;
+-----------------+--------------------+----------+------------------+---------------+--------------+----------+-----------------------+---------------------+--------+--------------+


Parallel compilation was disabled, but you have multiple processors available. Enable parallel compilation to reduce compilation time.
+-------------------------------------+
; Parallel Compilation                ;
+----------------------------+--------+
; Processors                 ; Number ;
+----------------------------+--------+
; Number detected on machine ; 4      ;
; Maximum allowed            ; 1      ;
+----------------------------+--------+


+---------------------------------------------------------------------------------------------------------------------------------------------------------------------------------------------------------------------------------------------------------------------------------------------------------------------------------------------------------------------------------------------------+
; Clock Setup: 'clock'                                                                                                                                                                                                                                                                                                                                                                              ;
+-------+------------------------------------------------+---------------------------------------------------------------------------------------------------------------+--------------------------------------------------------------------------------------------------------------+------------+----------+-----------------------------+---------------------------+-------------------------+
; Slack ; Actual fmax (period)                           ; From                                                                                                          ; To                                                                                                           ; From Clock ; To Clock ; Required Setup Relationship ; Required Longest P2P Time ; Actual Longest P2P Time ;
+-------+------------------------------------------------+---------------------------------------------------------------------------------------------------------------+--------------------------------------------------------------------------------------------------------------+------------+----------+-----------------------------+---------------------------+-------------------------+
; N/A   ; Restricted to 500.00 MHz ( period = 2.000 ns ) ; altdpram0:inst|altsyncram:altsyncram_component|altsyncram_53q1:auto_generated|ram_block1a0~portb_address_reg0 ; altdpram0:inst|altsyncram:altsyncram_component|altsyncram_53q1:auto_generated|q_b[0]                         ; clock      ; clock    ; None                        ; None                      ; 1.720 ns                ;
; N/A   ; Restricted to 500.00 MHz ( period = 2.000 ns ) ; altdpram0:inst|altsyncram:altsyncram_component|altsyncram_53q1:auto_generated|ram_block1a0~portb_address_reg1 ; altdpram0:inst|altsyncram:altsyncram_component|altsyncram_53q1:auto_generated|q_b[0]                         ; clock      ; clock    ; None                        ; None                      ; 1.720 ns                ;
; N/A   ; Restricted to 500.00 MHz ( period = 2.000 ns ) ; altdpram0:inst|altsyncram:altsyncram_component|altsyncram_53q1:auto_generated|ram_block1a0~portb_address_reg2 ; altdpram0:inst|altsyncram:altsyncram_component|altsyncram_53q1:auto_generated|q_b[0]                         ; clock      ; clock    ; None                        ; None                      ; 1.720 ns                ;
; N/A   ; Restricted to 500.00 MHz ( period = 2.000 ns ) ; altdpram0:inst|altsyncram:altsyncram_component|altsyncram_53q1:auto_generated|ram_block1a0~portb_address_reg3 ; altdpram0:inst|altsyncram:altsyncram_component|altsyncram_53q1:auto_generated|q_b[0]                         ; clock      ; clock    ; None                        ; None                      ; 1.720 ns                ;
; N/A   ; Restricted to 500.00 MHz ( period = 2.000 ns ) ; altdpram0:inst|altsyncram:altsyncram_component|altsyncram_53q1:auto_generated|ram_block1a0~portb_address_reg4 ; altdpram0:inst|altsyncram:altsyncram_component|altsyncram_53q1:auto_generated|q_b[0]                         ; clock      ; clock    ; None                        ; None                      ; 1.720 ns                ;
; N/A   ; Restricted to 500.00 MHz ( period = 2.000 ns ) ; altdpram0:inst|altsyncram:altsyncram_component|altsyncram_53q1:auto_generated|ram_block1a0~portb_address_reg0 ; altdpram0:inst|altsyncram:altsyncram_component|altsyncram_53q1:auto_generated|q_b[1]                         ; clock      ; clock    ; None                        ; None                      ; 1.720 ns                ;
; N/A   ; Restricted to 500.00 MHz ( period = 2.000 ns ) ; altdpram0:inst|altsyncram:altsyncram_component|altsyncram_53q1:auto_generated|ram_block1a0~portb_address_reg1 ; altdpram0:inst|altsyncram:altsyncram_component|altsyncram_53q1:auto_generated|q_b[1]                         ; clock      ; clock    ; None                        ; None                      ; 1.720 ns                ;
; N/A   ; Restricted to 500.00 MHz ( period = 2.000 ns ) ; altdpram0:inst|altsyncram:altsyncram_component|altsyncram_53q1:auto_generated|ram_block1a0~portb_address_reg2 ; altdpram0:inst|altsyncram:altsyncram_component|altsyncram_53q1:auto_generated|q_b[1]                         ; clock      ; clock    ; None                        ; None                      ; 1.720 ns                ;
; N/A   ; Restricted to 500.00 MHz ( period = 2.000 ns ) ; altdpram0:inst|altsyncram:altsyncram_component|altsyncram_53q1:auto_generated|ram_block1a0~portb_address_reg3 ; altdpram0:inst|altsyncram:altsyncram_component|altsyncram_53q1:auto_generated|q_b[1]                         ; clock      ; clock    ; None                        ; None                      ; 1.720 ns                ;
; N/A   ; Restricted to 500.00 MHz ( period = 2.000 ns ) ; altdpram0:inst|altsyncram:altsyncram_component|altsyncram_53q1:auto_generated|ram_block1a0~portb_address_reg4 ; altdpram0:inst|altsyncram:altsyncram_component|altsyncram_53q1:auto_generated|q_b[1]                         ; clock      ; clock    ; None                        ; None                      ; 1.720 ns                ;
; N/A   ; Restricted to 500.00 MHz ( period = 2.000 ns ) ; altdpram0:inst|altsyncram:altsyncram_component|altsyncram_53q1:auto_generated|ram_block1a0~portb_address_reg0 ; altdpram0:inst|altsyncram:altsyncram_component|altsyncram_53q1:auto_generated|q_b[2]                         ; clock      ; clock    ; None                        ; None                      ; 1.720 ns                ;
; N/A   ; Restricted to 500.00 MHz ( period = 2.000 ns ) ; altdpram0:inst|altsyncram:altsyncram_component|altsyncram_53q1:auto_generated|ram_block1a0~portb_address_reg1 ; altdpram0:inst|altsyncram:altsyncram_component|altsyncram_53q1:auto_generated|q_b[2]                         ; clock      ; clock    ; None                        ; None                      ; 1.720 ns                ;
; N/A   ; Restricted to 500.00 MHz ( period = 2.000 ns ) ; altdpram0:inst|altsyncram:altsyncram_component|altsyncram_53q1:auto_generated|ram_block1a0~portb_address_reg2 ; altdpram0:inst|altsyncram:altsyncram_component|altsyncram_53q1:auto_generated|q_b[2]                         ; clock      ; clock    ; None                        ; None                      ; 1.720 ns                ;
; N/A   ; Restricted to 500.00 MHz ( period = 2.000 ns ) ; altdpram0:inst|altsyncram:altsyncram_component|altsyncram_53q1:auto_generated|ram_block1a0~portb_address_reg3 ; altdpram0:inst|altsyncram:altsyncram_component|altsyncram_53q1:auto_generated|q_b[2]                         ; clock      ; clock    ; None                        ; None                      ; 1.720 ns                ;
; N/A   ; Restricted to 500.00 MHz ( period = 2.000 ns ) ; altdpram0:inst|altsyncram:altsyncram_component|altsyncram_53q1:auto_generated|ram_block1a0~portb_address_reg4 ; altdpram0:inst|altsyncram:altsyncram_component|altsyncram_53q1:auto_generated|q_b[2]                         ; clock      ; clock    ; None                        ; None                      ; 1.720 ns                ;
; N/A   ; Restricted to 500.00 MHz ( period = 2.000 ns ) ; altdpram0:inst|altsyncram:altsyncram_component|altsyncram_53q1:auto_generated|ram_block1a0~portb_address_reg0 ; altdpram0:inst|altsyncram:altsyncram_component|altsyncram_53q1:auto_generated|q_b[3]                         ; clock      ; clock    ; None                        ; None                      ; 1.720 ns                ;
; N/A   ; Restricted to 500.00 MHz ( period = 2.000 ns ) ; altdpram0:inst|altsyncram:altsyncram_component|altsyncram_53q1:auto_generated|ram_block1a0~portb_address_reg1 ; altdpram0:inst|altsyncram:altsyncram_component|altsyncram_53q1:auto_generated|q_b[3]                         ; clock      ; clock    ; None                        ; None                      ; 1.720 ns                ;
; N/A   ; Restricted to 500.00 MHz ( period = 2.000 ns ) ; altdpram0:inst|altsyncram:altsyncram_component|altsyncram_53q1:auto_generated|ram_block1a0~portb_address_reg2 ; altdpram0:inst|altsyncram:altsyncram_component|altsyncram_53q1:auto_generated|q_b[3]                         ; clock      ; clock    ; None                        ; None                      ; 1.720 ns                ;
; N/A   ; Restricted to 500.00 MHz ( period = 2.000 ns ) ; altdpram0:inst|altsyncram:altsyncram_component|altsyncram_53q1:auto_generated|ram_block1a0~portb_address_reg3 ; altdpram0:inst|altsyncram:altsyncram_component|altsyncram_53q1:auto_generated|q_b[3]                         ; clock      ; clock    ; None                        ; None                      ; 1.720 ns                ;
; N/A   ; Restricted to 500.00 MHz ( period = 2.000 ns ) ; altdpram0:inst|altsyncram:altsyncram_component|altsyncram_53q1:auto_generated|ram_block1a0~portb_address_reg4 ; altdpram0:inst|altsyncram:altsyncram_component|altsyncram_53q1:auto_generated|q_b[3]                         ; clock      ; clock    ; None                        ; None                      ; 1.720 ns                ;
; N/A   ; Restricted to 500.00 MHz ( period = 2.000 ns ) ; altdpram0:inst|altsyncram:altsyncram_component|altsyncram_53q1:auto_generated|ram_block1a0~portb_address_reg0 ; altdpram0:inst|altsyncram:altsyncram_component|altsyncram_53q1:auto_generated|q_b[4]                         ; clock      ; clock    ; None                        ; None                      ; 1.720 ns                ;
; N/A   ; Restricted to 500.00 MHz ( period = 2.000 ns ) ; altdpram0:inst|altsyncram:altsyncram_component|altsyncram_53q1:auto_generated|ram_block1a0~portb_address_reg1 ; altdpram0:inst|altsyncram:altsyncram_component|altsyncram_53q1:auto_generated|q_b[4]                         ; clock      ; clock    ; None                        ; None                      ; 1.720 ns                ;
; N/A   ; Restricted to 500.00 MHz ( period = 2.000 ns ) ; altdpram0:inst|altsyncram:altsyncram_component|altsyncram_53q1:auto_generated|ram_block1a0~portb_address_reg2 ; altdpram0:inst|altsyncram:altsyncram_component|altsyncram_53q1:auto_generated|q_b[4]                         ; clock      ; clock    ; None                        ; None                      ; 1.720 ns                ;
; N/A   ; Restricted to 500.00 MHz ( period = 2.000 ns ) ; altdpram0:inst|altsyncram:altsyncram_component|altsyncram_53q1:auto_generated|ram_block1a0~portb_address_reg3 ; altdpram0:inst|altsyncram:altsyncram_component|altsyncram_53q1:auto_generated|q_b[4]                         ; clock      ; clock    ; None                        ; None                      ; 1.720 ns                ;
; N/A   ; Restricted to 500.00 MHz ( period = 2.000 ns ) ; altdpram0:inst|altsyncram:altsyncram_component|altsyncram_53q1:auto_generated|ram_block1a0~portb_address_reg4 ; altdpram0:inst|altsyncram:altsyncram_component|altsyncram_53q1:auto_generated|q_b[4]                         ; clock      ; clock    ; None                        ; None                      ; 1.720 ns                ;
; N/A   ; Restricted to 500.00 MHz ( period = 2.000 ns ) ; altdpram0:inst|altsyncram:altsyncram_component|altsyncram_53q1:auto_generated|ram_block1a0~portb_address_reg0 ; altdpram0:inst|altsyncram:altsyncram_component|altsyncram_53q1:auto_generated|q_b[5]                         ; clock      ; clock    ; None                        ; None                      ; 1.720 ns                ;
; N/A   ; Restricted to 500.00 MHz ( period = 2.000 ns ) ; altdpram0:inst|altsyncram:altsyncram_component|altsyncram_53q1:auto_generated|ram_block1a0~portb_address_reg1 ; altdpram0:inst|altsyncram:altsyncram_component|altsyncram_53q1:auto_generated|q_b[5]                         ; clock      ; clock    ; None                        ; None                      ; 1.720 ns                ;
; N/A   ; Restricted to 500.00 MHz ( period = 2.000 ns ) ; altdpram0:inst|altsyncram:altsyncram_component|altsyncram_53q1:auto_generated|ram_block1a0~portb_address_reg2 ; altdpram0:inst|altsyncram:altsyncram_component|altsyncram_53q1:auto_generated|q_b[5]                         ; clock      ; clock    ; None                        ; None                      ; 1.720 ns                ;
; N/A   ; Restricted to 500.00 MHz ( period = 2.000 ns ) ; altdpram0:inst|altsyncram:altsyncram_component|altsyncram_53q1:auto_generated|ram_block1a0~portb_address_reg3 ; altdpram0:inst|altsyncram:altsyncram_component|altsyncram_53q1:auto_generated|q_b[5]                         ; clock      ; clock    ; None                        ; None                      ; 1.720 ns                ;
; N/A   ; Restricted to 500.00 MHz ( period = 2.000 ns ) ; altdpram0:inst|altsyncram:altsyncram_component|altsyncram_53q1:auto_generated|ram_block1a0~portb_address_reg4 ; altdpram0:inst|altsyncram:altsyncram_component|altsyncram_53q1:auto_generated|q_b[5]                         ; clock      ; clock    ; None                        ; None                      ; 1.720 ns                ;
; N/A   ; Restricted to 500.00 MHz ( period = 2.000 ns ) ; altdpram0:inst|altsyncram:altsyncram_component|altsyncram_53q1:auto_generated|ram_block1a0~portb_address_reg0 ; altdpram0:inst|altsyncram:altsyncram_component|altsyncram_53q1:auto_generated|q_b[6]                         ; clock      ; clock    ; None                        ; None                      ; 1.720 ns                ;
; N/A   ; Restricted to 500.00 MHz ( period = 2.000 ns ) ; altdpram0:inst|altsyncram:altsyncram_component|altsyncram_53q1:auto_generated|ram_block1a0~portb_address_reg1 ; altdpram0:inst|altsyncram:altsyncram_component|altsyncram_53q1:auto_generated|q_b[6]                         ; clock      ; clock    ; None                        ; None                      ; 1.720 ns                ;
; N/A   ; Restricted to 500.00 MHz ( period = 2.000 ns ) ; altdpram0:inst|altsyncram:altsyncram_component|altsyncram_53q1:auto_generated|ram_block1a0~portb_address_reg2 ; altdpram0:inst|altsyncram:altsyncram_component|altsyncram_53q1:auto_generated|q_b[6]                         ; clock      ; clock    ; None                        ; None                      ; 1.720 ns                ;
; N/A   ; Restricted to 500.00 MHz ( period = 2.000 ns ) ; altdpram0:inst|altsyncram:altsyncram_component|altsyncram_53q1:auto_generated|ram_block1a0~portb_address_reg3 ; altdpram0:inst|altsyncram:altsyncram_component|altsyncram_53q1:auto_generated|q_b[6]                         ; clock      ; clock    ; None                        ; None                      ; 1.720 ns                ;
; N/A   ; Restricted to 500.00 MHz ( period = 2.000 ns ) ; altdpram0:inst|altsyncram:altsyncram_component|altsyncram_53q1:auto_generated|ram_block1a0~portb_address_reg4 ; altdpram0:inst|altsyncram:altsyncram_component|altsyncram_53q1:auto_generated|q_b[6]                         ; clock      ; clock    ; None                        ; None                      ; 1.720 ns                ;
; N/A   ; Restricted to 500.00 MHz ( period = 2.000 ns ) ; altdpram0:inst|altsyncram:altsyncram_component|altsyncram_53q1:auto_generated|ram_block1a0~portb_address_reg0 ; altdpram0:inst|altsyncram:altsyncram_component|altsyncram_53q1:auto_generated|q_b[7]                         ; clock      ; clock    ; None                        ; None                      ; 1.720 ns                ;
; N/A   ; Restricted to 500.00 MHz ( period = 2.000 ns ) ; altdpram0:inst|altsyncram:altsyncram_component|altsyncram_53q1:auto_generated|ram_block1a0~portb_address_reg1 ; altdpram0:inst|altsyncram:altsyncram_component|altsyncram_53q1:auto_generated|q_b[7]                         ; clock      ; clock    ; None                        ; None                      ; 1.720 ns                ;
; N/A   ; Restricted to 500.00 MHz ( period = 2.000 ns ) ; altdpram0:inst|altsyncram:altsyncram_component|altsyncram_53q1:auto_generated|ram_block1a0~portb_address_reg2 ; altdpram0:inst|altsyncram:altsyncram_component|altsyncram_53q1:auto_generated|q_b[7]                         ; clock      ; clock    ; None                        ; None                      ; 1.720 ns                ;
; N/A   ; Restricted to 500.00 MHz ( period = 2.000 ns ) ; altdpram0:inst|altsyncram:altsyncram_component|altsyncram_53q1:auto_generated|ram_block1a0~portb_address_reg3 ; altdpram0:inst|altsyncram:altsyncram_component|altsyncram_53q1:auto_generated|q_b[7]                         ; clock      ; clock    ; None                        ; None                      ; 1.720 ns                ;
; N/A   ; Restricted to 500.00 MHz ( period = 2.000 ns ) ; altdpram0:inst|altsyncram:altsyncram_component|altsyncram_53q1:auto_generated|ram_block1a0~portb_address_reg4 ; altdpram0:inst|altsyncram:altsyncram_component|altsyncram_53q1:auto_generated|q_b[7]                         ; clock      ; clock    ; None                        ; None                      ; 1.720 ns                ;
; N/A   ; Restricted to 500.00 MHz ( period = 2.000 ns ) ; altdpram0:inst|altsyncram:altsyncram_component|altsyncram_53q1:auto_generated|ram_block1a0~porta_datain_reg0  ; altdpram0:inst|altsyncram:altsyncram_component|altsyncram_53q1:auto_generated|ram_block1a0~porta_memory_reg0 ; clock      ; clock    ; None                        ; None                      ; 1.720 ns                ;
; N/A   ; Restricted to 500.00 MHz ( period = 2.000 ns ) ; altdpram0:inst|altsyncram:altsyncram_component|altsyncram_53q1:auto_generated|ram_block1a0~porta_datain_reg1  ; altdpram0:inst|altsyncram:altsyncram_component|altsyncram_53q1:auto_generated|ram_block1a1~porta_memory_reg0 ; clock      ; clock    ; None                        ; None                      ; 1.720 ns                ;
; N/A   ; Restricted to 500.00 MHz ( period = 2.000 ns ) ; altdpram0:inst|altsyncram:altsyncram_component|altsyncram_53q1:auto_generated|ram_block1a0~porta_datain_reg2  ; altdpram0:inst|altsyncram:altsyncram_component|altsyncram_53q1:auto_generated|ram_block1a2~porta_memory_reg0 ; clock      ; clock    ; None                        ; None                      ; 1.720 ns                ;
; N/A   ; Restricted to 500.00 MHz ( period = 2.000 ns ) ; altdpram0:inst|altsyncram:altsyncram_component|altsyncram_53q1:auto_generated|ram_block1a0~porta_datain_reg3  ; altdpram0:inst|altsyncram:altsyncram_component|altsyncram_53q1:auto_generated|ram_block1a3~porta_memory_reg0 ; clock      ; clock    ; None                        ; None                      ; 1.720 ns                ;
; N/A   ; Restricted to 500.00 MHz ( period = 2.000 ns ) ; altdpram0:inst|altsyncram:altsyncram_component|altsyncram_53q1:auto_generated|ram_block1a0~porta_datain_reg4  ; altdpram0:inst|altsyncram:altsyncram_component|altsyncram_53q1:auto_generated|ram_block1a4~porta_memory_reg0 ; clock      ; clock    ; None                        ; None                      ; 1.720 ns                ;
; N/A   ; Restricted to 500.00 MHz ( period = 2.000 ns ) ; altdpram0:inst|altsyncram:altsyncram_component|altsyncram_53q1:auto_generated|ram_block1a0~porta_datain_reg5  ; altdpram0:inst|altsyncram:altsyncram_component|altsyncram_53q1:auto_generated|ram_block1a5~porta_memory_reg0 ; clock      ; clock    ; None                        ; None                      ; 1.720 ns                ;
; N/A   ; Restricted to 500.00 MHz ( period = 2.000 ns ) ; altdpram0:inst|altsyncram:altsyncram_component|altsyncram_53q1:auto_generated|ram_block1a0~porta_datain_reg6  ; altdpram0:inst|altsyncram:altsyncram_component|altsyncram_53q1:auto_generated|ram_block1a6~porta_memory_reg0 ; clock      ; clock    ; None                        ; None                      ; 1.720 ns                ;
; N/A   ; Restricted to 500.00 MHz ( period = 2.000 ns ) ; altdpram0:inst|altsyncram:altsyncram_component|altsyncram_53q1:auto_generated|ram_block1a0~porta_datain_reg7  ; altdpram0:inst|altsyncram:altsyncram_component|altsyncram_53q1:auto_generated|ram_block1a7~porta_memory_reg0 ; clock      ; clock    ; None                        ; None                      ; 1.720 ns                ;
+-------+------------------------------------------------+---------------------------------------------------------------------------------------------------------------+--------------------------------------------------------------------------------------------------------------+------------+----------+-----------------------------+---------------------------+-------------------------+


+-----------------------------------------------------------------------------------------------------------------------------------------------------------------------------+
; tsu                                                                                                                                                                         ;
+-------+--------------+------------+--------------+---------------------------------------------------------------------------------------------------------------+----------+
; Slack ; Required tsu ; Actual tsu ; From         ; To                                                                                                            ; To Clock ;
+-------+--------------+------------+--------------+---------------------------------------------------------------------------------------------------------------+----------+
; N/A   ; None         ; 3.294 ns   ; wren         ; altdpram0:inst|altsyncram:altsyncram_component|altsyncram_53q1:auto_generated|ram_block1a0~porta_we_reg       ; clock    ;
; N/A   ; None         ; 3.294 ns   ; wren         ; altdpram0:inst|altsyncram:altsyncram_component|altsyncram_53q1:auto_generated|ram_block1a0~porta_datain_reg0  ; clock    ;
; N/A   ; None         ; 3.294 ns   ; wren         ; altdpram0:inst|altsyncram:altsyncram_component|altsyncram_53q1:auto_generated|ram_block1a0~porta_address_reg0 ; clock    ;
; N/A   ; None         ; 3.294 ns   ; wren         ; altdpram0:inst|altsyncram:altsyncram_component|altsyncram_53q1:auto_generated|ram_block1a0~porta_address_reg1 ; clock    ;
; N/A   ; None         ; 3.294 ns   ; wren         ; altdpram0:inst|altsyncram:altsyncram_component|altsyncram_53q1:auto_generated|ram_block1a0~porta_address_reg2 ; clock    ;
; N/A   ; None         ; 3.294 ns   ; wren         ; altdpram0:inst|altsyncram:altsyncram_component|altsyncram_53q1:auto_generated|ram_block1a0~porta_address_reg3 ; clock    ;
; N/A   ; None         ; 3.294 ns   ; wren         ; altdpram0:inst|altsyncram:altsyncram_component|altsyncram_53q1:auto_generated|ram_block1a0~porta_address_reg4 ; clock    ;
; N/A   ; None         ; 3.294 ns   ; wren         ; altdpram0:inst|altsyncram:altsyncram_component|altsyncram_53q1:auto_generated|ram_block1a0~porta_datain_reg1  ; clock    ;
; N/A   ; None         ; 3.294 ns   ; wren         ; altdpram0:inst|altsyncram:altsyncram_component|altsyncram_53q1:auto_generated|ram_block1a0~porta_datain_reg2  ; clock    ;
; N/A   ; None         ; 3.294 ns   ; wren         ; altdpram0:inst|altsyncram:altsyncram_component|altsyncram_53q1:auto_generated|ram_block1a0~porta_datain_reg3  ; clock    ;
; N/A   ; None         ; 3.294 ns   ; wren         ; altdpram0:inst|altsyncram:altsyncram_component|altsyncram_53q1:auto_generated|ram_block1a0~porta_datain_reg4  ; clock    ;
; N/A   ; None         ; 3.294 ns   ; wren         ; altdpram0:inst|altsyncram:altsyncram_component|altsyncram_53q1:auto_generated|ram_block1a0~porta_datain_reg5  ; clock    ;
; N/A   ; None         ; 3.294 ns   ; wren         ; altdpram0:inst|altsyncram:altsyncram_component|altsyncram_53q1:auto_generated|ram_block1a0~porta_datain_reg6  ; clock    ;
; N/A   ; None         ; 3.294 ns   ; wren         ; altdpram0:inst|altsyncram:altsyncram_component|altsyncram_53q1:auto_generated|ram_block1a0~porta_datain_reg7  ; clock    ;
; N/A   ; None         ; 3.001 ns   ; wraddress[2] ; altdpram0:inst|altsyncram:altsyncram_component|altsyncram_53q1:auto_generated|ram_block1a0~porta_address_reg2 ; clock    ;
; N/A   ; None         ; 2.992 ns   ; data[0]      ; altdpram0:inst|altsyncram:altsyncram_component|altsyncram_53q1:auto_generated|ram_block1a0~porta_datain_reg0  ; clock    ;
; N/A   ; None         ; 2.985 ns   ; wraddress[4] ; altdpram0:inst|altsyncram:altsyncram_component|altsyncram_53q1:auto_generated|ram_block1a0~porta_address_reg4 ; clock    ;
; N/A   ; None         ; 2.979 ns   ; data[3]      ; altdpram0:inst|altsyncram:altsyncram_component|altsyncram_53q1:auto_generated|ram_block1a0~porta_datain_reg3  ; clock    ;
; N/A   ; None         ; 2.962 ns   ; rdaddress[3] ; altdpram0:inst|altsyncram:altsyncram_component|altsyncram_53q1:auto_generated|ram_block1a0~portb_address_reg3 ; clock    ;
; N/A   ; None         ; 2.954 ns   ; rdaddress[1] ; altdpram0:inst|altsyncram:altsyncram_component|altsyncram_53q1:auto_generated|ram_block1a0~portb_address_reg1 ; clock    ;
; N/A   ; None         ; 2.952 ns   ; rdaddress[0] ; altdpram0:inst|altsyncram:altsyncram_component|altsyncram_53q1:auto_generated|ram_block1a0~portb_address_reg0 ; clock    ;
; N/A   ; None         ; 2.852 ns   ; wraddress[3] ; altdpram0:inst|altsyncram:altsyncram_component|altsyncram_53q1:auto_generated|ram_block1a0~porta_address_reg3 ; clock    ;
; N/A   ; None         ; 2.833 ns   ; wraddress[0] ; altdpram0:inst|altsyncram:altsyncram_component|altsyncram_53q1:auto_generated|ram_block1a0~porta_address_reg0 ; clock    ;
; N/A   ; None         ; 2.805 ns   ; data[2]      ; altdpram0:inst|altsyncram:altsyncram_component|altsyncram_53q1:auto_generated|ram_block1a0~porta_datain_reg2  ; clock    ;
; N/A   ; None         ; 2.804 ns   ; data[1]      ; altdpram0:inst|altsyncram:altsyncram_component|altsyncram_53q1:auto_generated|ram_block1a0~porta_datain_reg1  ; clock    ;
; N/A   ; None         ; 2.768 ns   ; data[7]      ; altdpram0:inst|altsyncram:altsyncram_component|altsyncram_53q1:auto_generated|ram_block1a0~porta_datain_reg7  ; clock    ;
; N/A   ; None         ; 2.588 ns   ; data[6]      ; altdpram0:inst|altsyncram:altsyncram_component|altsyncram_53q1:auto_generated|ram_block1a0~porta_datain_reg6  ; clock    ;
; N/A   ; None         ; 2.585 ns   ; rdaddress[4] ; altdpram0:inst|altsyncram:altsyncram_component|altsyncram_53q1:auto_generated|ram_block1a0~portb_address_reg4 ; clock    ;
; N/A   ; None         ; 2.538 ns   ; wraddress[1] ; altdpram0:inst|altsyncram:altsyncram_component|altsyncram_53q1:auto_generated|ram_block1a0~porta_address_reg1 ; clock    ;
; N/A   ; None         ; 2.519 ns   ; rdaddress[2] ; altdpram0:inst|altsyncram:altsyncram_component|altsyncram_53q1:auto_generated|ram_block1a0~portb_address_reg2 ; clock    ;
; N/A   ; None         ; 2.517 ns   ; data[5]      ; altdpram0:inst|altsyncram:altsyncram_component|altsyncram_53q1:auto_generated|ram_block1a0~porta_datain_reg5  ; clock    ;
; N/A   ; None         ; 2.514 ns   ; data[4]      ; altdpram0:inst|altsyncram:altsyncram_component|altsyncram_53q1:auto_generated|ram_block1a0~porta_datain_reg4  ; clock    ;
+-------+--------------+------------+--------------+---------------------------------------------------------------------------------------------------------------+----------+


+----------------------------------------------------------------------------------------------------------------------------------------------+
; tco                                                                                                                                          ;
+-------+--------------+------------+--------------------------------------------------------------------------------------+------+------------+
; Slack ; Required tco ; Actual tco ; From                                                                                 ; To   ; From Clock ;
+-------+--------------+------------+--------------------------------------------------------------------------------------+------+------------+
; N/A   ; None         ; 7.885 ns   ; altdpram0:inst|altsyncram:altsyncram_component|altsyncram_53q1:auto_generated|q_b[7] ; q[7] ; clock      ;
; N/A   ; None         ; 7.064 ns   ; altdpram0:inst|altsyncram:altsyncram_component|altsyncram_53q1:auto_generated|q_b[1] ; q[1] ; clock      ;
; N/A   ; None         ; 5.820 ns   ; altdpram0:inst|altsyncram:altsyncram_component|altsyncram_53q1:auto_generated|q_b[5] ; q[5] ; clock      ;
; N/A   ; None         ; 5.448 ns   ; altdpram0:inst|altsyncram:altsyncram_component|altsyncram_53q1:auto_generated|q_b[6] ; q[6] ; clock      ;
; N/A   ; None         ; 5.325 ns   ; altdpram0:inst|altsyncram:altsyncram_component|altsyncram_53q1:auto_generated|q_b[0] ; q[0] ; clock      ;
; N/A   ; None         ; 5.302 ns   ; altdpram0:inst|altsyncram:altsyncram_component|altsyncram_53q1:auto_generated|q_b[4] ; q[4] ; clock      ;
; N/A   ; None         ; 5.005 ns   ; altdpram0:inst|altsyncram:altsyncram_component|altsyncram_53q1:auto_generated|q_b[3] ; q[3] ; clock      ;
; N/A   ; None         ; 5.001 ns   ; altdpram0:inst|altsyncram:altsyncram_component|altsyncram_53q1:auto_generated|q_b[2] ; q[2] ; clock      ;
+-------+--------------+------------+--------------------------------------------------------------------------------------+------+------------+


+-----------------------------------------------------------------------------------------------------------------------------------------------------------------------------------+
; th                                                                                                                                                                                ;
+---------------+-------------+-----------+--------------+---------------------------------------------------------------------------------------------------------------+----------+
; Minimum Slack ; Required th ; Actual th ; From         ; To                                                                                                            ; To Clock ;
+---------------+-------------+-----------+--------------+---------------------------------------------------------------------------------------------------------------+----------+
; N/A           ; None        ; -2.289 ns ; data[4]      ; altdpram0:inst|altsyncram:altsyncram_component|altsyncram_53q1:auto_generated|ram_block1a0~porta_datain_reg4  ; clock    ;
; N/A           ; None        ; -2.292 ns ; data[5]      ; altdpram0:inst|altsyncram:altsyncram_component|altsyncram_53q1:auto_generated|ram_block1a0~porta_datain_reg5  ; clock    ;
; N/A           ; None        ; -2.294 ns ; rdaddress[2] ; altdpram0:inst|altsyncram:altsyncram_component|altsyncram_53q1:auto_generated|ram_block1a0~portb_address_reg2 ; clock    ;
; N/A           ; None        ; -2.313 ns ; wraddress[1] ; altdpram0:inst|altsyncram:altsyncram_component|altsyncram_53q1:auto_generated|ram_block1a0~porta_address_reg1 ; clock    ;
; N/A           ; None        ; -2.360 ns ; rdaddress[4] ; altdpram0:inst|altsyncram:altsyncram_component|altsyncram_53q1:auto_generated|ram_block1a0~portb_address_reg4 ; clock    ;
; N/A           ; None        ; -2.363 ns ; data[6]      ; altdpram0:inst|altsyncram:altsyncram_component|altsyncram_53q1:auto_generated|ram_block1a0~porta_datain_reg6  ; clock    ;
; N/A           ; None        ; -2.543 ns ; data[7]      ; altdpram0:inst|altsyncram:altsyncram_component|altsyncram_53q1:auto_generated|ram_block1a0~porta_datain_reg7  ; clock    ;
; N/A           ; None        ; -2.579 ns ; data[1]      ; altdpram0:inst|altsyncram:altsyncram_component|altsyncram_53q1:auto_generated|ram_block1a0~porta_datain_reg1  ; clock    ;
; N/A           ; None        ; -2.580 ns ; data[2]      ; altdpram0:inst|altsyncram:altsyncram_component|altsyncram_53q1:auto_generated|ram_block1a0~porta_datain_reg2  ; clock    ;
; N/A           ; None        ; -2.608 ns ; wraddress[0] ; altdpram0:inst|altsyncram:altsyncram_component|altsyncram_53q1:auto_generated|ram_block1a0~porta_address_reg0 ; clock    ;
; N/A           ; None        ; -2.627 ns ; wraddress[3] ; altdpram0:inst|altsyncram:altsyncram_component|altsyncram_53q1:auto_generated|ram_block1a0~porta_address_reg3 ; clock    ;
; N/A           ; None        ; -2.727 ns ; rdaddress[0] ; altdpram0:inst|altsyncram:altsyncram_component|altsyncram_53q1:auto_generated|ram_block1a0~portb_address_reg0 ; clock    ;
; N/A           ; None        ; -2.729 ns ; rdaddress[1] ; altdpram0:inst|altsyncram:altsyncram_component|altsyncram_53q1:auto_generated|ram_block1a0~portb_address_reg1 ; clock    ;
; N/A           ; None        ; -2.737 ns ; rdaddress[3] ; altdpram0:inst|altsyncram:altsyncram_component|altsyncram_53q1:auto_generated|ram_block1a0~portb_address_reg3 ; clock    ;
; N/A           ; None        ; -2.754 ns ; data[3]      ; altdpram0:inst|altsyncram:altsyncram_component|altsyncram_53q1:auto_generated|ram_block1a0~porta_datain_reg3  ; clock    ;
; N/A           ; None        ; -2.760 ns ; wraddress[4] ; altdpram0:inst|altsyncram:altsyncram_component|altsyncram_53q1:auto_generated|ram_block1a0~porta_address_reg4 ; clock    ;
; N/A           ; None        ; -2.767 ns ; data[0]      ; altdpram0:inst|altsyncram:altsyncram_component|altsyncram_53q1:auto_generated|ram_block1a0~porta_datain_reg0  ; clock    ;
; N/A           ; None        ; -2.776 ns ; wraddress[2] ; altdpram0:inst|altsyncram:altsyncram_component|altsyncram_53q1:auto_generated|ram_block1a0~porta_address_reg2 ; clock    ;
; N/A           ; None        ; -2.853 ns ; wren         ; altdpram0:inst|altsyncram:altsyncram_component|altsyncram_53q1:auto_generated|ram_block1a0~porta_we_reg       ; clock    ;
; N/A           ; None        ; -3.069 ns ; wren         ; altdpram0:inst|altsyncram:altsyncram_component|altsyncram_53q1:auto_generated|ram_block1a0~porta_datain_reg0  ; clock    ;
; N/A           ; None        ; -3.069 ns ; wren         ; altdpram0:inst|altsyncram:altsyncram_component|altsyncram_53q1:auto_generated|ram_block1a0~porta_address_reg0 ; clock    ;
; N/A           ; None        ; -3.069 ns ; wren         ; altdpram0:inst|altsyncram:altsyncram_component|altsyncram_53q1:auto_generated|ram_block1a0~porta_address_reg1 ; clock    ;
; N/A           ; None        ; -3.069 ns ; wren         ; altdpram0:inst|altsyncram:altsyncram_component|altsyncram_53q1:auto_generated|ram_block1a0~porta_address_reg2 ; clock    ;
; N/A           ; None        ; -3.069 ns ; wren         ; altdpram0:inst|altsyncram:altsyncram_component|altsyncram_53q1:auto_generated|ram_block1a0~porta_address_reg3 ; clock    ;
; N/A           ; None        ; -3.069 ns ; wren         ; altdpram0:inst|altsyncram:altsyncram_component|altsyncram_53q1:auto_generated|ram_block1a0~porta_address_reg4 ; clock    ;
; N/A           ; None        ; -3.069 ns ; wren         ; altdpram0:inst|altsyncram:altsyncram_component|altsyncram_53q1:auto_generated|ram_block1a0~porta_datain_reg1  ; clock    ;
; N/A           ; None        ; -3.069 ns ; wren         ; altdpram0:inst|altsyncram:altsyncram_component|altsyncram_53q1:auto_generated|ram_block1a0~porta_datain_reg2  ; clock    ;
; N/A           ; None        ; -3.069 ns ; wren         ; altdpram0:inst|altsyncram:altsyncram_component|altsyncram_53q1:auto_generated|ram_block1a0~porta_datain_reg3  ; clock    ;
; N/A           ; None        ; -3.069 ns ; wren         ; altdpram0:inst|altsyncram:altsyncram_component|altsyncram_53q1:auto_generated|ram_block1a0~porta_datain_reg4  ; clock    ;
; N/A           ; None        ; -3.069 ns ; wren         ; altdpram0:inst|altsyncram:altsyncram_component|altsyncram_53q1:auto_generated|ram_block1a0~porta_datain_reg5  ; clock    ;
; N/A           ; None        ; -3.069 ns ; wren         ; altdpram0:inst|altsyncram:altsyncram_component|altsyncram_53q1:auto_generated|ram_block1a0~porta_datain_reg6  ; clock    ;
; N/A           ; None        ; -3.069 ns ; wren         ; altdpram0:inst|altsyncram:altsyncram_component|altsyncram_53q1:auto_generated|ram_block1a0~porta_datain_reg7  ; clock    ;
+---------------+-------------+-----------+--------------+---------------------------------------------------------------------------------------------------------------+----------+


+--------------------------+
; Timing Analyzer Messages ;
+--------------------------+
Info: *******************************************************************
Info: Running Quartus II Classic Timing Analyzer
    Info: Version 9.1 Build 350 03/24/2010 Service Pack 2 SJ Web Edition
    Info: Processing started: Sat Nov 02 22:48:30 2019
Info: Command: quartus_tan --read_settings_files=off --write_settings_files=off RegisterFile -c RegisterFile --timing_analysis_only
Warning: Found pins functioning as undefined clocks and/or memory enables
    Info: Assuming node "clock" is an undefined clock
Info: Clock "clock" Internal fmax is restricted to 500.0 MHz between source memory "altdpram0:inst|altsyncram:altsyncram_component|altsyncram_53q1:auto_generated|ram_block1a0~portb_address_reg0" and destination memory "altdpram0:inst|altsyncram:altsyncram_component|altsyncram_53q1:auto_generated|q_b[0]"
    Info: fmax restricted to Clock High delay (1.0 ns) plus Clock Low delay (1.0 ns) : restricted to 2.0 ns. Expand message to see actual delay path.
        Info: + Longest memory to memory delay is 1.720 ns
            Info: 1: + IC(0.000 ns) + CELL(0.000 ns) = 0.000 ns; Loc. = M512_X24_Y1; Fanout = 8; MEM Node = 'altdpram0:inst|altsyncram:altsyncram_component|altsyncram_53q1:auto_generated|ram_block1a0~portb_address_reg0'
            Info: 2: + IC(0.000 ns) + CELL(1.720 ns) = 1.720 ns; Loc. = M512_X24_Y1; Fanout = 1; MEM Node = 'altdpram0:inst|altsyncram:altsyncram_component|altsyncram_53q1:auto_generated|q_b[0]'
            Info: Total cell delay = 1.720 ns ( 100.00 % )
        Info: - Smallest clock skew is -0.058 ns
            Info: + Shortest clock path from clock "clock" to destination memory is 2.289 ns
                Info: 1: + IC(0.000 ns) + CELL(0.854 ns) = 0.854 ns; Loc. = PIN_N20; Fanout = 1; CLK Node = 'clock'
                Info: 2: + IC(0.343 ns) + CELL(0.000 ns) = 1.197 ns; Loc. = CLKCTRL_G3; Fanout = 35; COMB Node = 'clock~clkctrl'
                Info: 3: + IC(0.679 ns) + CELL(0.413 ns) = 2.289 ns; Loc. = M512_X24_Y1; Fanout = 1; MEM Node = 'altdpram0:inst|altsyncram:altsyncram_component|altsyncram_53q1:auto_generated|q_b[0]'
                Info: Total cell delay = 1.267 ns ( 55.35 % )
                Info: Total interconnect delay = 1.022 ns ( 44.65 % )
            Info: - Longest clock path from clock "clock" to source memory is 2.347 ns
                Info: 1: + IC(0.000 ns) + CELL(0.854 ns) = 0.854 ns; Loc. = PIN_N20; Fanout = 1; CLK Node = 'clock'
                Info: 2: + IC(0.343 ns) + CELL(0.000 ns) = 1.197 ns; Loc. = CLKCTRL_G3; Fanout = 35; COMB Node = 'clock~clkctrl'
                Info: 3: + IC(0.679 ns) + CELL(0.471 ns) = 2.347 ns; Loc. = M512_X24_Y1; Fanout = 8; MEM Node = 'altdpram0:inst|altsyncram:altsyncram_component|altsyncram_53q1:auto_generated|ram_block1a0~portb_address_reg0'
                Info: Total cell delay = 1.325 ns ( 56.46 % )
                Info: Total interconnect delay = 1.022 ns ( 43.54 % )
        Info: + Micro clock to output delay of source is 0.140 ns
        Info: + Micro setup delay of destination is 0.022 ns
Info: tsu for memory "altdpram0:inst|altsyncram:altsyncram_component|altsyncram_53q1:auto_generated|ram_block1a0~porta_we_reg" (data pin = "wren", clock pin = "clock") is 3.294 ns
    Info: + Longest pin to memory delay is 5.606 ns
        Info: 1: + IC(0.000 ns) + CELL(0.817 ns) = 0.817 ns; Loc. = PIN_T9; Fanout = 15; PIN Node = 'wren'
        Info: 2: + IC(4.349 ns) + CELL(0.440 ns) = 5.606 ns; Loc. = M512_X24_Y1; Fanout = 0; MEM Node = 'altdpram0:inst|altsyncram:altsyncram_component|altsyncram_53q1:auto_generated|ram_block1a0~porta_we_reg'
        Info: Total cell delay = 1.257 ns ( 22.42 % )
        Info: Total interconnect delay = 4.349 ns ( 77.58 % )
    Info: + Micro setup delay of destination is 0.022 ns
    Info: - Shortest clock path from clock "clock" to destination memory is 2.334 ns
        Info: 1: + IC(0.000 ns) + CELL(0.854 ns) = 0.854 ns; Loc. = PIN_N20; Fanout = 1; CLK Node = 'clock'
        Info: 2: + IC(0.343 ns) + CELL(0.000 ns) = 1.197 ns; Loc. = CLKCTRL_G3; Fanout = 35; COMB Node = 'clock~clkctrl'
        Info: 3: + IC(0.679 ns) + CELL(0.458 ns) = 2.334 ns; Loc. = M512_X24_Y1; Fanout = 0; MEM Node = 'altdpram0:inst|altsyncram:altsyncram_component|altsyncram_53q1:auto_generated|ram_block1a0~porta_we_reg'
        Info: Total cell delay = 1.312 ns ( 56.21 % )
        Info: Total interconnect delay = 1.022 ns ( 43.79 % )
Info: tco from clock "clock" to destination pin "q[7]" through memory "altdpram0:inst|altsyncram:altsyncram_component|altsyncram_53q1:auto_generated|q_b[7]" is 7.885 ns
    Info: + Longest clock path from clock "clock" to source memory is 2.289 ns
        Info: 1: + IC(0.000 ns) + CELL(0.854 ns) = 0.854 ns; Loc. = PIN_N20; Fanout = 1; CLK Node = 'clock'
        Info: 2: + IC(0.343 ns) + CELL(0.000 ns) = 1.197 ns; Loc. = CLKCTRL_G3; Fanout = 35; COMB Node = 'clock~clkctrl'
        Info: 3: + IC(0.679 ns) + CELL(0.413 ns) = 2.289 ns; Loc. = M512_X24_Y1; Fanout = 1; MEM Node = 'altdpram0:inst|altsyncram:altsyncram_component|altsyncram_53q1:auto_generated|q_b[7]'
        Info: Total cell delay = 1.267 ns ( 55.35 % )
        Info: Total interconnect delay = 1.022 ns ( 44.65 % )
    Info: + Micro clock to output delay of source is 0.140 ns
    Info: + Longest memory to pin delay is 5.456 ns
        Info: 1: + IC(0.000 ns) + CELL(0.065 ns) = 0.065 ns; Loc. = M512_X24_Y1; Fanout = 1; MEM Node = 'altdpram0:inst|altsyncram:altsyncram_component|altsyncram_53q1:auto_generated|q_b[7]'
        Info: 2: + IC(3.449 ns) + CELL(1.942 ns) = 5.456 ns; Loc. = PIN_F15; Fanout = 0; PIN Node = 'q[7]'
        Info: Total cell delay = 2.007 ns ( 36.79 % )
        Info: Total interconnect delay = 3.449 ns ( 63.21 % )
Info: th for memory "altdpram0:inst|altsyncram:altsyncram_component|altsyncram_53q1:auto_generated|ram_block1a0~porta_datain_reg4" (data pin = "data[4]", clock pin = "clock") is -2.289 ns
    Info: + Longest clock path from clock "clock" to destination memory is 2.335 ns
        Info: 1: + IC(0.000 ns) + CELL(0.854 ns) = 0.854 ns; Loc. = PIN_N20; Fanout = 1; CLK Node = 'clock'
        Info: 2: + IC(0.343 ns) + CELL(0.000 ns) = 1.197 ns; Loc. = CLKCTRL_G3; Fanout = 35; COMB Node = 'clock~clkctrl'
        Info: 3: + IC(0.679 ns) + CELL(0.459 ns) = 2.335 ns; Loc. = M512_X24_Y1; Fanout = 1; MEM Node = 'altdpram0:inst|altsyncram:altsyncram_component|altsyncram_53q1:auto_generated|ram_block1a0~porta_datain_reg4'
        Info: Total cell delay = 1.313 ns ( 56.23 % )
        Info: Total interconnect delay = 1.022 ns ( 43.77 % )
    Info: + Micro hold delay of destination is 0.203 ns
    Info: - Shortest pin to memory delay is 4.827 ns
        Info: 1: + IC(0.000 ns) + CELL(0.799 ns) = 0.799 ns; Loc. = PIN_W9; Fanout = 1; PIN Node = 'data[4]'
        Info: 2: + IC(3.894 ns) + CELL(0.134 ns) = 4.827 ns; Loc. = M512_X24_Y1; Fanout = 1; MEM Node = 'altdpram0:inst|altsyncram:altsyncram_component|altsyncram_53q1:auto_generated|ram_block1a0~porta_datain_reg4'
        Info: Total cell delay = 0.933 ns ( 19.33 % )
        Info: Total interconnect delay = 3.894 ns ( 80.67 % )
Info: Quartus II Classic Timing Analyzer was successful. 0 errors, 1 warning
    Info: Peak virtual memory: 195 megabytes
    Info: Processing ended: Sat Nov 02 22:48:31 2019
    Info: Elapsed time: 00:00:01
    Info: Total CPU time (on all processors): 00:00:00


