Flow report for MPCRAM
Sun Nov 10 12:33:20 2019
Quartus II 64-Bit Version 13.1.0 Build 162 10/23/2013 SJ Web Edition


---------------------
; Table of Contents ;
---------------------
  1. Legal Notice
  2. Flow Summary
  3. Flow Settings
  4. Flow Non-Default Global Settings
  5. Flow Elapsed Time
  6. Flow OS Summary
  7. Flow Log
  8. Flow Messages
  9. Flow Suppressed Messages



----------------
; Legal Notice ;
----------------
Copyright (C) 1991-2013 Altera Corporation
Your use of Altera Corporation's design tools, logic functions 
and other software and tools, and its AMPP partner logic 
functions, and any output files from any of the foregoing 
(including device programming or simulation files), and any 
associated documentation or information are expressly subject 
to the terms and conditions of the Altera Program License 
Subscription Agreement, Altera MegaCore Function License 
Agreement, or other applicable license agreement, including, 
without limitation, that your use is for the sole purpose of 
programming logic devices manufactured by Altera and sold by 
Altera or its authorized distributors.  Please refer to the 
applicable agreement for further details.



+---------------------------------------------------------------------------------+
; Flow Summary                                                                    ;
+------------------------------------+--------------------------------------------+
; Flow Status                        ; Successful - Sun Nov 10 12:33:20 2019      ;
; Quartus II 64-Bit Version          ; 13.1.0 Build 162 10/23/2013 SJ Web Edition ;
; Revision Name                      ; MPCRAM                                     ;
; Top-level Entity Name              ; ModulePCRAM                                ;
; Family                             ; Cyclone IV E                               ;
; Device                             ; EP4CE55F29C6                               ;
; Timing Models                      ; Final                                      ;
; Total logic elements               ; 23 / 55,856 ( < 1 % )                      ;
;     Total combinational functions  ; 8 / 55,856 ( < 1 % )                       ;
;     Dedicated logic registers      ; 16 / 55,856 ( < 1 % )                      ;
; Total registers                    ; 16                                         ;
; Total pins                         ; 38 / 375 ( 10 % )                          ;
; Total virtual pins                 ; 0                                          ;
; Total memory bits                  ; 2,048 / 2,396,160 ( < 1 % )                ;
; Embedded Multiplier 9-bit elements ; 0 / 308 ( 0 % )                            ;
; Total PLLs                         ; 0 / 4 ( 0 % )                              ;
+------------------------------------+--------------------------------------------+


+-----------------------------------------+
; Flow Settings                           ;
+-------------------+---------------------+
; Option            ; Setting             ;
+-------------------+---------------------+
; Start date & time ; 11/10/2019 12:18:03 ;
; Main task         ; Compilation         ;
; Revision Name     ; MPCRAM              ;
+-------------------+---------------------+


+-----------------------------------------------------------------------------------------------------------------------------------------------------+
; Flow Non-Default Global Settings                                                                                                                    ;
+-------------------------------------+----------------------------------------------------------------+---------------+-------------+----------------+
; Assignment Name                     ; Value                                                          ; Default Value ; Entity Name ; Section Id     ;
+-------------------------------------+----------------------------------------------------------------+---------------+-------------+----------------+
; COMPILER_SIGNATURE_ID               ; 180649687681063.157338828213580                                ; --            ; --          ; --             ;
; EDA_GENERATE_FUNCTIONAL_NETLIST     ; On                                                             ; --            ; --          ; eda_simulation ;
; EDA_NETLIST_WRITER_OUTPUT_DIR       ; D:/MyFiles/Courses/VHDLcourse/Lectures/MPCRAM/simulation/qsim/ ; --            ; --          ; eda_simulation ;
; EDA_OUTPUT_DATA_FORMAT              ; Verilog Hdl                                                    ; --            ; --          ; eda_simulation ;
; EDA_SIMULATION_TOOL                 ; ModelSim-Altera (Verilog)                                      ; <None>        ; --          ; --             ;
; EDA_TIME_SCALE                      ; 1 ps                                                           ; --            ; --          ; eda_simulation ;
; MAX_CORE_JUNCTION_TEMP              ; 85                                                             ; --            ; --          ; --             ;
; MIN_CORE_JUNCTION_TEMP              ; 0                                                              ; --            ; --          ; --             ;
; NOMINAL_CORE_SUPPLY_VOLTAGE         ; 1.2V                                                           ; --            ; --          ; --             ;
; PARTITION_COLOR                     ; 16764057                                                       ; --            ; ModulePCRAM ; Top            ;
; PARTITION_FITTER_PRESERVATION_LEVEL ; PLACEMENT_AND_ROUTING                                          ; --            ; ModulePCRAM ; Top            ;
; PARTITION_NETLIST_TYPE              ; SOURCE                                                         ; --            ; ModulePCRAM ; Top            ;
; POWER_BOARD_THERMAL_MODEL           ; None (CONSERVATIVE)                                            ; --            ; --          ; --             ;
; POWER_PRESET_COOLING_SOLUTION       ; 23 MM HEAT SINK WITH 200 LFPM AIRFLOW                          ; --            ; --          ; --             ;
; PROJECT_OUTPUT_DIRECTORY            ; output_files                                                   ; --            ; --          ; --             ;
; TOP_LEVEL_ENTITY                    ; ModulePCRAM                                                    ; MPCRAM        ; --          ; --             ;
+-------------------------------------+----------------------------------------------------------------+---------------+-------------+----------------+


+-------------------------------------------------------------------------------------------------------------------------------+
; Flow Elapsed Time                                                                                                             ;
+---------------------------+--------------+-------------------------+---------------------+------------------------------------+
; Module Name               ; Elapsed Time ; Average Processors Used ; Peak Virtual Memory ; Total CPU Time (on all processors) ;
+---------------------------+--------------+-------------------------+---------------------+------------------------------------+
; Analysis & Synthesis      ; 00:00:02     ; 1.0                     ; 4673 MB             ; 00:00:02                           ;
; Fitter                    ; 00:00:11     ; 1.0                     ; 5045 MB             ; 00:00:10                           ;
; Assembler                 ; 00:00:02     ; 1.0                     ; 4597 MB             ; 00:00:02                           ;
; TimeQuest Timing Analyzer ; 00:00:03     ; 1.0                     ; 4681 MB             ; 00:00:02                           ;
; EDA Netlist Writer        ; 00:00:00     ; 1.0                     ; 4540 MB             ; 00:00:00                           ;
; EDA Netlist Writer        ; 00:00:00     ; 1.0                     ; 4546 MB             ; 00:00:00                           ;
; EDA Netlist Writer        ; 00:00:01     ; 1.0                     ; 4562 MB             ; 00:00:00                           ;
; EDA Netlist Writer        ; 00:00:01     ; 1.0                     ; 4546 MB             ; 00:00:00                           ;
; EDA Netlist Writer        ; 00:00:01     ; 1.0                     ; 4562 MB             ; 00:00:00                           ;
; EDA Netlist Writer        ; 00:00:01     ; 1.0                     ; 4546 MB             ; 00:00:00                           ;
; EDA Netlist Writer        ; 00:00:00     ; 1.0                     ; 4562 MB             ; 00:00:00                           ;
; EDA Netlist Writer        ; 00:00:00     ; 1.0                     ; 4546 MB             ; 00:00:00                           ;
; EDA Netlist Writer        ; 00:00:00     ; 1.0                     ; 4562 MB             ; 00:00:00                           ;
; EDA Netlist Writer        ; 00:00:01     ; 1.0                     ; 4546 MB             ; 00:00:00                           ;
; EDA Netlist Writer        ; 00:00:01     ; 1.0                     ; 4562 MB             ; 00:00:00                           ;
; EDA Netlist Writer        ; 00:00:00     ; 1.0                     ; 4546 MB             ; 00:00:00                           ;
; EDA Netlist Writer        ; 00:00:01     ; 1.0                     ; 4554 MB             ; 00:00:01                           ;
; EDA Netlist Writer        ; 00:00:01     ; 1.0                     ; 4546 MB             ; 00:00:00                           ;
; EDA Netlist Writer        ; 00:00:01     ; 1.0                     ; 4554 MB             ; 00:00:01                           ;
; EDA Netlist Writer        ; 00:00:00     ; 1.0                     ; 4546 MB             ; 00:00:00                           ;
; EDA Netlist Writer        ; 00:00:01     ; 1.0                     ; 4554 MB             ; 00:00:01                           ;
; Total                     ; 00:00:28     ; --                      ; --                  ; 00:00:19                           ;
+---------------------------+--------------+-------------------------+---------------------+------------------------------------+


+----------------------------------------------------------------------------------------+
; Flow OS Summary                                                                        ;
+---------------------------+------------------+-----------+------------+----------------+
; Module Name               ; Machine Hostname ; OS Name   ; OS Version ; Processor type ;
+---------------------------+------------------+-----------+------------+----------------+
; Analysis & Synthesis      ; DESKTOP-G25O981  ; Windows 7 ; 6.2        ; x86_64         ;
; Fitter                    ; DESKTOP-G25O981  ; Windows 7 ; 6.2        ; x86_64         ;
; Assembler                 ; DESKTOP-G25O981  ; Windows 7 ; 6.2        ; x86_64         ;
; TimeQuest Timing Analyzer ; DESKTOP-G25O981  ; Windows 7 ; 6.2        ; x86_64         ;
; EDA Netlist Writer        ; DESKTOP-G25O981  ; Windows 7 ; 6.2        ; x86_64         ;
; EDA Netlist Writer        ; DESKTOP-G25O981  ; Windows 7 ; 6.2        ; x86_64         ;
; EDA Netlist Writer        ; DESKTOP-G25O981  ; Windows 7 ; 6.2        ; x86_64         ;
; EDA Netlist Writer        ; DESKTOP-G25O981  ; Windows 7 ; 6.2        ; x86_64         ;
; EDA Netlist Writer        ; DESKTOP-G25O981  ; Windows 7 ; 6.2        ; x86_64         ;
; EDA Netlist Writer        ; DESKTOP-G25O981  ; Windows 7 ; 6.2        ; x86_64         ;
; EDA Netlist Writer        ; DESKTOP-G25O981  ; Windows 7 ; 6.2        ; x86_64         ;
; EDA Netlist Writer        ; DESKTOP-G25O981  ; Windows 7 ; 6.2        ; x86_64         ;
; EDA Netlist Writer        ; DESKTOP-G25O981  ; Windows 7 ; 6.2        ; x86_64         ;
; EDA Netlist Writer        ; DESKTOP-G25O981  ; Windows 7 ; 6.2        ; x86_64         ;
; EDA Netlist Writer        ; DESKTOP-G25O981  ; Windows 7 ; 6.2        ; x86_64         ;
; EDA Netlist Writer        ; DESKTOP-G25O981  ; Windows 7 ; 6.2        ; x86_64         ;
; EDA Netlist Writer        ; DESKTOP-G25O981  ; Windows 7 ; 6.2        ; x86_64         ;
; EDA Netlist Writer        ; DESKTOP-G25O981  ; Windows 7 ; 6.2        ; x86_64         ;
; EDA Netlist Writer        ; DESKTOP-G25O981  ; Windows 7 ; 6.2        ; x86_64         ;
; EDA Netlist Writer        ; DESKTOP-G25O981  ; Windows 7 ; 6.2        ; x86_64         ;
; EDA Netlist Writer        ; DESKTOP-G25O981  ; Windows 7 ; 6.2        ; x86_64         ;
+---------------------------+------------------+-----------+------------+----------------+


------------
; Flow Log ;
------------
quartus_map --read_settings_files=on --write_settings_files=off MPCRAM -c MPCRAM
quartus_fit --read_settings_files=off --write_settings_files=off MPCRAM -c MPCRAM
quartus_asm --read_settings_files=off --write_settings_files=off MPCRAM -c MPCRAM
quartus_sta MPCRAM -c MPCRAM
quartus_eda --read_settings_files=off --write_settings_files=off MPCRAM -c MPCRAM
quartus_eda --gen_testbench --check_outputs=on --tool=modelsim_oem --format=verilog MPCRAM -c MPCRAM --vector_source=D:/MyFiles/Courses/VHDLcourse/Lectures/MPCRAM/MPCRAM.vwf --testbench_file=D:/MyFiles/Courses/VHDLcourse/Lectures/MPCRAM/simulation/qsim/MPCRAM.vwf.vt
quartus_eda --functional=on --flatten_buses=off --simulation=on --tool=modelsim_oem --format=verilog --output_directory=D:/MyFiles/Courses/VHDLcourse/Lectures/MPCRAM/simulation/qsim/ MPCRAM -c MPCRAM
quartus_eda --gen_testbench --check_outputs=on --tool=modelsim_oem --format=verilog MPCRAM -c MPCRAM --vector_source=D:/MyFiles/Courses/VHDLcourse/Lectures/MPCRAM/MPCRAM.vwf --testbench_file=D:/MyFiles/Courses/VHDLcourse/Lectures/MPCRAM/simulation/qsim/MPCRAM.vwf.vt
quartus_eda --functional=on --flatten_buses=off --simulation=on --tool=modelsim_oem --format=verilog --output_directory=D:/MyFiles/Courses/VHDLcourse/Lectures/MPCRAM/simulation/qsim/ MPCRAM -c MPCRAM
quartus_eda --gen_testbench --check_outputs=on --tool=modelsim_oem --format=verilog MPCRAM -c MPCRAM --vector_source=D:/MyFiles/Courses/VHDLcourse/Lectures/MPCRAM/MPCRAM.vwf --testbench_file=D:/MyFiles/Courses/VHDLcourse/Lectures/MPCRAM/simulation/qsim/MPCRAM.vwf.vt
quartus_eda --functional=on --flatten_buses=off --simulation=on --tool=modelsim_oem --format=verilog --output_directory=D:/MyFiles/Courses/VHDLcourse/Lectures/MPCRAM/simulation/qsim/ MPCRAM -c MPCRAM
quartus_eda --gen_testbench --check_outputs=on --tool=modelsim_oem --format=verilog MPCRAM -c MPCRAM --vector_source=D:/MyFiles/Courses/VHDLcourse/Lectures/MPCRAM/MPCRAM.vwf --testbench_file=D:/MyFiles/Courses/VHDLcourse/Lectures/MPCRAM/simulation/qsim/MPCRAM.vwf.vt
quartus_eda --functional=on --flatten_buses=off --simulation=on --tool=modelsim_oem --format=verilog --output_directory=D:/MyFiles/Courses/VHDLcourse/Lectures/MPCRAM/simulation/qsim/ MPCRAM -c MPCRAM
quartus_eda --gen_testbench --check_outputs=on --tool=modelsim_oem --format=verilog MPCRAM -c MPCRAM --vector_source=D:/MyFiles/Courses/VHDLcourse/Lectures/MPCRAM/MPCRAM.vwf --testbench_file=D:/MyFiles/Courses/VHDLcourse/Lectures/MPCRAM/simulation/qsim/MPCRAM.vwf.vt
quartus_eda --functional=on --flatten_buses=off --simulation=on --tool=modelsim_oem --format=verilog --output_directory=D:/MyFiles/Courses/VHDLcourse/Lectures/MPCRAM/simulation/qsim/ MPCRAM -c MPCRAM
quartus_eda --gen_testbench --check_outputs=on --tool=modelsim_oem --format=verilog MPCRAM -c MPCRAM --vector_source=D:/MyFiles/Courses/VHDLcourse/Lectures/MPCRAM/MPCRAM.vwf --testbench_file=D:/MyFiles/Courses/VHDLcourse/Lectures/MPCRAM/simulation/qsim/MPCRAM.vwf.vt
quartus_eda --functional=off --flatten_buses=off --timescale=1ps --simulation=on --tool=modelsim_oem --format=verilog --output_directory=D:/MyFiles/Courses/VHDLcourse/Lectures/MPCRAM/simulation/qsim/ MPCRAM -c MPCRAM
quartus_eda --gen_testbench --check_outputs=on --tool=modelsim_oem --format=verilog MPCRAM -c MPCRAM --vector_source=D:/MyFiles/Courses/VHDLcourse/Lectures/MPCRAM/MPCRAM.vwf --testbench_file=D:/MyFiles/Courses/VHDLcourse/Lectures/MPCRAM/simulation/qsim/MPCRAM.vwf.vt
quartus_eda --functional=off --flatten_buses=off --timescale=1ps --simulation=on --tool=modelsim_oem --format=verilog --output_directory=D:/MyFiles/Courses/VHDLcourse/Lectures/MPCRAM/simulation/qsim/ MPCRAM -c MPCRAM
quartus_eda --gen_testbench --check_outputs=on --tool=modelsim_oem --format=verilog MPCRAM -c MPCRAM --vector_source=D:/MyFiles/Courses/VHDLcourse/Lectures/MPCRAM/MPCRAM.vwf --testbench_file=D:/MyFiles/Courses/VHDLcourse/Lectures/MPCRAM/simulation/qsim/MPCRAM.vwf.vt
quartus_eda --functional=off --flatten_buses=off --timescale=1ps --simulation=on --tool=modelsim_oem --format=verilog --output_directory=D:/MyFiles/Courses/VHDLcourse/Lectures/MPCRAM/simulation/qsim/ MPCRAM -c MPCRAM



