Analysis & Synthesis report for ProgramCounter_8Bits
Mon Nov 04 00:29:26 2019
Quartus II Version 9.1 Build 350 03/24/2010 Service Pack 2 SJ Web Edition


---------------------
; Table of Contents ;
---------------------
  1. Legal Notice
  2. Analysis & Synthesis Summary
  3. Analysis & Synthesis Settings
  4. Parallel Compilation
  5. Port Connectivity Checks: "MUX_2_1:\GenerateINMUX:0:INMUX"
  6. Analysis & Synthesis Messages



----------------
; Legal Notice ;
----------------
Copyright (C) 1991-2010 Altera Corporation
Your use of Altera Corporation's design tools, logic functions 
and other software and tools, and its AMPP partner logic 
functions, and any output files from any of the foregoing 
(including device programming or simulation files), and any 
associated documentation or information are expressly subject 
to the terms and conditions of the Altera Program License 
Subscription Agreement, Altera MegaCore Function License 
Agreement, or other applicable license agreement, including, 
without limitation, that your use is for the sole purpose of 
programming logic devices manufactured by Altera and sold by 
Altera or its authorized distributors.  Please refer to the 
applicable agreement for further details.



+------------------------------------------------------------------------------+
; Analysis & Synthesis Summary                                                 ;
+-------------------------------+----------------------------------------------+
; Analysis & Synthesis Status   ; Failed - Mon Nov 04 00:29:26 2019            ;
; Quartus II Version            ; 9.1 Build 350 03/24/2010 SP 2 SJ Web Edition ;
; Revision Name                 ; ProgramCounter_8Bits                         ;
; Top-level Entity Name         ; ProgramCounterTopLevel                       ;
; Family                        ; Stratix II                                   ;
; Logic utilization             ; N/A until Partition Merge                    ;
;     Combinational ALUTs       ; N/A until Partition Merge                    ;
;     Dedicated logic registers ; N/A until Partition Merge                    ;
; Total registers               ; N/A until Partition Merge                    ;
; Total pins                    ; N/A until Partition Merge                    ;
; Total virtual pins            ; N/A until Partition Merge                    ;
; Total block memory bits       ; N/A until Partition Merge                    ;
; DSP block 9-bit elements      ; N/A until Partition Merge                    ;
; Total PLLs                    ; N/A until Partition Merge                    ;
; Total DLLs                    ; N/A until Partition Merge                    ;
+-------------------------------+----------------------------------------------+


+----------------------------------------------------------------------------------------------------------------------------+
; Analysis & Synthesis Settings                                                                                              ;
+----------------------------------------------------------------------------+------------------------+----------------------+
; Option                                                                     ; Setting                ; Default Value        ;
+----------------------------------------------------------------------------+------------------------+----------------------+
; Top-level entity name                                                      ; ProgramCounterTopLevel ; ProgramCounter_8Bits ;
; Family name                                                                ; Stratix II             ; Stratix II           ;
; Type of Retiming Performed During Resynthesis                              ; Full                   ;                      ;
; Resynthesis Optimization Effort                                            ; Normal                 ;                      ;
; Physical Synthesis Level for Resynthesis                                   ; Normal                 ;                      ;
; Use Generated Physical Constraints File                                    ; On                     ;                      ;
; Use smart compilation                                                      ; Off                    ; Off                  ;
; Enable parallel Assembler and TimeQuest Timing Analyzer during compilation ; On                     ; On                   ;
; Enable compact report table                                                ; Off                    ; Off                  ;
; Restructure Multiplexers                                                   ; Auto                   ; Auto                 ;
; Create Debugging Nodes for IP Cores                                        ; Off                    ; Off                  ;
; Preserve fewer node names                                                  ; On                     ; On                   ;
; Disable OpenCore Plus hardware evaluation                                  ; Off                    ; Off                  ;
; Verilog Version                                                            ; Verilog_2001           ; Verilog_2001         ;
; VHDL Version                                                               ; VHDL_1993              ; VHDL_1993            ;
; State Machine Processing                                                   ; Auto                   ; Auto                 ;
; Safe State Machine                                                         ; Off                    ; Off                  ;
; Extract Verilog State Machines                                             ; On                     ; On                   ;
; Extract VHDL State Machines                                                ; On                     ; On                   ;
; Ignore Verilog initial constructs                                          ; Off                    ; Off                  ;
; Iteration limit for constant Verilog loops                                 ; 5000                   ; 5000                 ;
; Iteration limit for non-constant Verilog loops                             ; 250                    ; 250                  ;
; Add Pass-Through Logic to Inferred RAMs                                    ; On                     ; On                   ;
; Parallel Synthesis                                                         ; On                     ; On                   ;
; DSP Block Balancing                                                        ; Auto                   ; Auto                 ;
; NOT Gate Push-Back                                                         ; On                     ; On                   ;
; Power-Up Don't Care                                                        ; On                     ; On                   ;
; Remove Redundant Logic Cells                                               ; Off                    ; Off                  ;
; Remove Duplicate Registers                                                 ; On                     ; On                   ;
; Ignore CARRY Buffers                                                       ; Off                    ; Off                  ;
; Ignore CASCADE Buffers                                                     ; Off                    ; Off                  ;
; Ignore GLOBAL Buffers                                                      ; Off                    ; Off                  ;
; Ignore ROW GLOBAL Buffers                                                  ; Off                    ; Off                  ;
; Ignore LCELL Buffers                                                       ; Off                    ; Off                  ;
; Ignore SOFT Buffers                                                        ; On                     ; On                   ;
; Limit AHDL Integers to 32 Bits                                             ; Off                    ; Off                  ;
; Optimization Technique                                                     ; Balanced               ; Balanced             ;
; Carry Chain Length                                                         ; 70                     ; 70                   ;
; Auto Carry Chains                                                          ; On                     ; On                   ;
; Auto Open-Drain Pins                                                       ; On                     ; On                   ;
; Perform WYSIWYG Primitive Resynthesis                                      ; Off                    ; Off                  ;
; Auto ROM Replacement                                                       ; On                     ; On                   ;
; Auto RAM Replacement                                                       ; On                     ; On                   ;
; Auto DSP Block Replacement                                                 ; On                     ; On                   ;
; Auto Shift Register Replacement                                            ; Auto                   ; Auto                 ;
; Auto Clock Enable Replacement                                              ; On                     ; On                   ;
; Strict RAM Replacement                                                     ; Off                    ; Off                  ;
; Allow Synchronous Control Signals                                          ; On                     ; On                   ;
; Force Use of Synchronous Clear Signals                                     ; Off                    ; Off                  ;
; Auto RAM Block Balancing                                                   ; On                     ; On                   ;
; Auto RAM to Logic Cell Conversion                                          ; Off                    ; Off                  ;
; Auto Resource Sharing                                                      ; Off                    ; Off                  ;
; Allow Any RAM Size For Recognition                                         ; Off                    ; Off                  ;
; Allow Any ROM Size For Recognition                                         ; Off                    ; Off                  ;
; Allow Any Shift Register Size For Recognition                              ; Off                    ; Off                  ;
; Use LogicLock Constraints during Resource Balancing                        ; On                     ; On                   ;
; Ignore translate_off and synthesis_off directives                          ; Off                    ; Off                  ;
; Timing-Driven Synthesis                                                    ; Off                    ; Off                  ;
; Show Parameter Settings Tables in Synthesis Report                         ; On                     ; On                   ;
; Ignore Maximum Fan-Out Assignments                                         ; Off                    ; Off                  ;
; Synchronization Register Chain Length                                      ; 2                      ; 2                    ;
; PowerPlay Power Optimization                                               ; Normal compilation     ; Normal compilation   ;
; HDL message level                                                          ; Level2                 ; Level2               ;
; Suppress Register Optimization Related Messages                            ; Off                    ; Off                  ;
; Number of Removed Registers Reported in Synthesis Report                   ; 5000                   ; 5000                 ;
; Number of Inverted Registers Reported in Synthesis Report                  ; 100                    ; 100                  ;
; Clock MUX Protection                                                       ; On                     ; On                   ;
; Auto Gated Clock Conversion                                                ; Off                    ; Off                  ;
; Block Design Naming                                                        ; Auto                   ; Auto                 ;
; SDC constraint protection                                                  ; Off                    ; Off                  ;
; Synthesis Effort                                                           ; Auto                   ; Auto                 ;
; Shift Register Replacement - Allow Asynchronous Clear Signal               ; On                     ; On                   ;
; Analysis & Synthesis Message Level                                         ; Medium                 ; Medium               ;
; Disable Register Merging Across Hierarchies                                ; Auto                   ; Auto                 ;
; Resource Aware Inference For Block RAM                                     ; On                     ; On                   ;
+----------------------------------------------------------------------------+------------------------+----------------------+


Parallel compilation was disabled, but you have multiple processors available. Enable parallel compilation to reduce compilation time.
+-------------------------------------+
; Parallel Compilation                ;
+----------------------------+--------+
; Processors                 ; Number ;
+----------------------------+--------+
; Number detected on machine ; 4      ;
; Maximum allowed            ; 1      ;
+----------------------------+--------+


+-------------------------------------------------------------------------------------------------------------------+
; Port Connectivity Checks: "MUX_2_1:\GenerateINMUX:0:INMUX"                                                        ;
+---------+--------+----------+-------------------------------------------------------------------------------------+
; Port    ; Type   ; Severity ; Details                                                                             ;
+---------+--------+----------+-------------------------------------------------------------------------------------+
; dataout ; Output ; Info     ; Connected to dangling logic. Logic that only feeds a dangling port will be removed. ;
+---------+--------+----------+-------------------------------------------------------------------------------------+


+-------------------------------+
; Analysis & Synthesis Messages ;
+-------------------------------+
Info: *******************************************************************
Info: Running Quartus II Analysis & Synthesis
    Info: Version 9.1 Build 350 03/24/2010 Service Pack 2 SJ Web Edition
    Info: Processing started: Mon Nov 04 00:29:24 2019
Info: Command: quartus_map --read_settings_files=on --write_settings_files=off ProgramCounter_8Bits -c ProgramCounter_8Bits
Info: Found 2 design units, including 1 entities, in source file mux_2_1.vhd
    Info: Found design unit 1: MUX_2_1-behavioral
    Info: Found entity 1: MUX_2_1
Info: Found 2 design units, including 1 entities, in source file programcountertoplevel.vhd
    Info: Found design unit 1: ProgramCounterTopLevel-behavioral
    Info: Found entity 1: ProgramCounterTopLevel
Info: Found 2 design units, including 1 entities, in source file dff_1.vhd
    Info: Found design unit 1: DFF_1-Behavioral
    Info: Found entity 1: DFF_1
Info: Elaborating entity "ProgramCounterTopLevel" for the top level hierarchy
Warning (10541): VHDL Signal Declaration warning at ProgramCounterTopLevel.vhd(16): used implicit default value for signal "DFFinD_iINMUXin0" because signal was never assigned a value or an explicit default value. Use of implicit default value may introduce unintended design optimizations.
Warning (10873): Using initial value X (don't care) for net "PC_COUNT_OUT[0]" at ProgramCounterTopLevel.vhd(9)
Info: Elaborating entity "DFF_1" for hierarchy "DFF_1:\GenerateDFFs:1:DFFn"
Warning (10492): VHDL Process Statement warning at DFF_1.vhd(19): signal "RST" is read inside the Process Statement but isn't in the Process Statement's sensitivity list
Info: Elaborating entity "MUX_2_1" for hierarchy "MUX_2_1:\GenerateINMUX:0:INMUX"
Error: Net "DFFoutQN_OUTMUXin0[7]", which fans out to "GenerateOUTMUX", cannot be assigned more than one value File: E:/MyFiles/Courses/VHDL fromwire to datapath/Lectures/Program Counter LAB/ProgramCounterTopLevel.vhd Line: 18
    Error: Net is fed by "DFFoutQN_OUTMUXin0[7]" File: E:/MyFiles/Courses/VHDL fromwire to datapath/Lectures/Program Counter LAB/ProgramCounterTopLevel.vhd Line: 18
    Error: Net is fed by "DFF_1:\GenerateDFFs:7:DFFn|QN" File: E:/MyFiles/Courses/VHDL fromwire to datapath/Lectures/Program Counter LAB/DFF_1.vhd Line: 10
    Error: Net is fed by "DFF_1:\GenerateDFFs:7:DFFn|QN~reg0" File: E:/MyFiles/Courses/VHDL fromwire to datapath/Lectures/Program Counter LAB/DFF_1.vhd Line: 19
Error: Net "DFFoutQN_OUTMUXin0[6]", which fans out to "GenerateOUTMUX", cannot be assigned more than one value File: E:/MyFiles/Courses/VHDL fromwire to datapath/Lectures/Program Counter LAB/ProgramCounterTopLevel.vhd Line: 18
    Error: Net is fed by "DFFoutQN_OUTMUXin0[6]" File: E:/MyFiles/Courses/VHDL fromwire to datapath/Lectures/Program Counter LAB/ProgramCounterTopLevel.vhd Line: 18
    Error: Net is fed by "DFF_1:\GenerateDFFs:6:DFFn|QN" File: E:/MyFiles/Courses/VHDL fromwire to datapath/Lectures/Program Counter LAB/DFF_1.vhd Line: 10
    Error: Net is fed by "DFF_1:\GenerateDFFs:6:DFFn|QN~reg0" File: E:/MyFiles/Courses/VHDL fromwire to datapath/Lectures/Program Counter LAB/DFF_1.vhd Line: 19
Error: Net "DFFoutQN_OUTMUXin0[5]", which fans out to "GenerateOUTMUX", cannot be assigned more than one value File: E:/MyFiles/Courses/VHDL fromwire to datapath/Lectures/Program Counter LAB/ProgramCounterTopLevel.vhd Line: 18
    Error: Net is fed by "DFFoutQN_OUTMUXin0[5]" File: E:/MyFiles/Courses/VHDL fromwire to datapath/Lectures/Program Counter LAB/ProgramCounterTopLevel.vhd Line: 18
    Error: Net is fed by "DFF_1:\GenerateDFFs:5:DFFn|QN" File: E:/MyFiles/Courses/VHDL fromwire to datapath/Lectures/Program Counter LAB/DFF_1.vhd Line: 10
    Error: Net is fed by "DFF_1:\GenerateDFFs:5:DFFn|QN~reg0" File: E:/MyFiles/Courses/VHDL fromwire to datapath/Lectures/Program Counter LAB/DFF_1.vhd Line: 19
Error: Net "DFFoutQN_OUTMUXin0[4]", which fans out to "GenerateOUTMUX", cannot be assigned more than one value File: E:/MyFiles/Courses/VHDL fromwire to datapath/Lectures/Program Counter LAB/ProgramCounterTopLevel.vhd Line: 18
    Error: Net is fed by "DFFoutQN_OUTMUXin0[4]" File: E:/MyFiles/Courses/VHDL fromwire to datapath/Lectures/Program Counter LAB/ProgramCounterTopLevel.vhd Line: 18
    Error: Net is fed by "DFF_1:\GenerateDFFs:4:DFFn|QN" File: E:/MyFiles/Courses/VHDL fromwire to datapath/Lectures/Program Counter LAB/DFF_1.vhd Line: 10
    Error: Net is fed by "DFF_1:\GenerateDFFs:4:DFFn|QN~reg0" File: E:/MyFiles/Courses/VHDL fromwire to datapath/Lectures/Program Counter LAB/DFF_1.vhd Line: 19
Error: Net "DFFoutQN_OUTMUXin0[3]", which fans out to "GenerateOUTMUX", cannot be assigned more than one value File: E:/MyFiles/Courses/VHDL fromwire to datapath/Lectures/Program Counter LAB/ProgramCounterTopLevel.vhd Line: 18
    Error: Net is fed by "DFFoutQN_OUTMUXin0[3]" File: E:/MyFiles/Courses/VHDL fromwire to datapath/Lectures/Program Counter LAB/ProgramCounterTopLevel.vhd Line: 18
    Error: Net is fed by "DFF_1:\GenerateDFFs:3:DFFn|QN" File: E:/MyFiles/Courses/VHDL fromwire to datapath/Lectures/Program Counter LAB/DFF_1.vhd Line: 10
    Error: Net is fed by "DFF_1:\GenerateDFFs:3:DFFn|QN~reg0" File: E:/MyFiles/Courses/VHDL fromwire to datapath/Lectures/Program Counter LAB/DFF_1.vhd Line: 19
Error: Net "DFFoutQN_OUTMUXin0[2]", which fans out to "GenerateOUTMUX", cannot be assigned more than one value File: E:/MyFiles/Courses/VHDL fromwire to datapath/Lectures/Program Counter LAB/ProgramCounterTopLevel.vhd Line: 18
    Error: Net is fed by "DFFoutQN_OUTMUXin0[2]" File: E:/MyFiles/Courses/VHDL fromwire to datapath/Lectures/Program Counter LAB/ProgramCounterTopLevel.vhd Line: 18
    Error: Net is fed by "DFF_1:\GenerateDFFs:2:DFFn|QN" File: E:/MyFiles/Courses/VHDL fromwire to datapath/Lectures/Program Counter LAB/DFF_1.vhd Line: 10
    Error: Net is fed by "DFF_1:\GenerateDFFs:2:DFFn|QN~reg0" File: E:/MyFiles/Courses/VHDL fromwire to datapath/Lectures/Program Counter LAB/DFF_1.vhd Line: 19
Error: Net "DFFoutQN_OUTMUXin0[1]", which fans out to "GenerateOUTMUX", cannot be assigned more than one value File: E:/MyFiles/Courses/VHDL fromwire to datapath/Lectures/Program Counter LAB/ProgramCounterTopLevel.vhd Line: 18
    Error: Net is fed by "DFFoutQN_OUTMUXin0[1]" File: E:/MyFiles/Courses/VHDL fromwire to datapath/Lectures/Program Counter LAB/ProgramCounterTopLevel.vhd Line: 18
    Error: Net is fed by "DFF_1:\GenerateDFFs:1:DFFn|QN" File: E:/MyFiles/Courses/VHDL fromwire to datapath/Lectures/Program Counter LAB/DFF_1.vhd Line: 10
    Error: Net is fed by "DFF_1:\GenerateDFFs:1:DFFn|QN~reg0" File: E:/MyFiles/Courses/VHDL fromwire to datapath/Lectures/Program Counter LAB/DFF_1.vhd Line: 19
Error: Quartus II Analysis & Synthesis was unsuccessful. 28 errors, 3 warnings
    Error: Peak virtual memory: 246 megabytes
    Error: Processing ended: Mon Nov 04 00:29:26 2019
    Error: Elapsed time: 00:00:02
    Error: Total CPU time (on all processors): 00:00:02


