Analysis & Synthesis report for PC_RAM
Sat Nov 09 23:07:19 2019
Quartus II 64-Bit Version 13.1.0 Build 162 10/23/2013 SJ Web Edition


---------------------
; Table of Contents ;
---------------------
  1. Legal Notice
  2. Analysis & Synthesis Summary
  3. Analysis & Synthesis Settings
  4. Parallel Compilation
  5. Analysis & Synthesis Source Files Read
  6. Analysis & Synthesis Resource Usage Summary
  7. Analysis & Synthesis Resource Utilization by Entity
  8. Analysis & Synthesis RAM Summary
  9. General Register Statistics
 10. Source assignments for RAM:RAM_1|altdpram0:b2v_inst|altsyncram:altsyncram_component|altsyncram_l6q1:auto_generated
 11. Parameter Settings for User Entity Instance: RAM:RAM_1|altdpram0:b2v_inst|altsyncram:altsyncram_component
 12. altsyncram Parameter Settings by Entity Instance
 13. Elapsed Time Per Partition
 14. Analysis & Synthesis Messages



----------------
; Legal Notice ;
----------------
Copyright (C) 1991-2013 Altera Corporation
Your use of Altera Corporation's design tools, logic functions 
and other software and tools, and its AMPP partner logic 
functions, and any output files from any of the foregoing 
(including device programming or simulation files), and any 
associated documentation or information are expressly subject 
to the terms and conditions of the Altera Program License 
Subscription Agreement, Altera MegaCore Function License 
Agreement, or other applicable license agreement, including, 
without limitation, that your use is for the sole purpose of 
programming logic devices manufactured by Altera and sold by 
Altera or its authorized distributors.  Please refer to the 
applicable agreement for further details.



+---------------------------------------------------------------------------------+
; Analysis & Synthesis Summary                                                    ;
+------------------------------------+--------------------------------------------+
; Analysis & Synthesis Status        ; Successful - Sat Nov 09 23:07:19 2019      ;
; Quartus II 64-Bit Version          ; 13.1.0 Build 162 10/23/2013 SJ Web Edition ;
; Revision Name                      ; PC_RAM                                     ;
; Top-level Entity Name              ; PC_RAM_TopLevel                            ;
; Family                             ; Cyclone IV E                               ;
; Total logic elements               ; 15                                         ;
;     Total combinational functions  ; 15                                         ;
;     Dedicated logic registers      ; 10                                         ;
; Total registers                    ; 10                                         ;
; Total pins                         ; 37                                         ;
; Total virtual pins                 ; 0                                          ;
; Total memory bits                  ; 256                                        ;
; Embedded Multiplier 9-bit elements ; 0                                          ;
; Total PLLs                         ; 0                                          ;
+------------------------------------+--------------------------------------------+


+----------------------------------------------------------------------------------------------------------------------+
; Analysis & Synthesis Settings                                                                                        ;
+----------------------------------------------------------------------------+--------------------+--------------------+
; Option                                                                     ; Setting            ; Default Value      ;
+----------------------------------------------------------------------------+--------------------+--------------------+
; Device                                                                     ; EP4CE30F29I7       ;                    ;
; Top-level entity name                                                      ; PC_RAM_TopLevel    ; PC_RAM             ;
; Family name                                                                ; Cyclone IV E       ; Cyclone IV GX      ;
; Use smart compilation                                                      ; Off                ; Off                ;
; Enable parallel Assembler and TimeQuest Timing Analyzer during compilation ; On                 ; On                 ;
; Enable compact report table                                                ; Off                ; Off                ;
; Restructure Multiplexers                                                   ; Auto               ; Auto               ;
; Create Debugging Nodes for IP Cores                                        ; Off                ; Off                ;
; Preserve fewer node names                                                  ; On                 ; On                 ;
; Disable OpenCore Plus hardware evaluation                                  ; Off                ; Off                ;
; Verilog Version                                                            ; Verilog_2001       ; Verilog_2001       ;
; VHDL Version                                                               ; VHDL_1993          ; VHDL_1993          ;
; State Machine Processing                                                   ; Auto               ; Auto               ;
; Safe State Machine                                                         ; Off                ; Off                ;
; Extract Verilog State Machines                                             ; On                 ; On                 ;
; Extract VHDL State Machines                                                ; On                 ; On                 ;
; Ignore Verilog initial constructs                                          ; Off                ; Off                ;
; Iteration limit for constant Verilog loops                                 ; 5000               ; 5000               ;
; Iteration limit for non-constant Verilog loops                             ; 250                ; 250                ;
; Add Pass-Through Logic to Inferred RAMs                                    ; On                 ; On                 ;
; Infer RAMs from Raw Logic                                                  ; On                 ; On                 ;
; Parallel Synthesis                                                         ; On                 ; On                 ;
; DSP Block Balancing                                                        ; Auto               ; Auto               ;
; NOT Gate Push-Back                                                         ; On                 ; On                 ;
; Power-Up Don't Care                                                        ; On                 ; On                 ;
; Remove Redundant Logic Cells                                               ; Off                ; Off                ;
; Remove Duplicate Registers                                                 ; On                 ; On                 ;
; Ignore CARRY Buffers                                                       ; Off                ; Off                ;
; Ignore CASCADE Buffers                                                     ; Off                ; Off                ;
; Ignore GLOBAL Buffers                                                      ; Off                ; Off                ;
; Ignore ROW GLOBAL Buffers                                                  ; Off                ; Off                ;
; Ignore LCELL Buffers                                                       ; Off                ; Off                ;
; Ignore SOFT Buffers                                                        ; On                 ; On                 ;
; Limit AHDL Integers to 32 Bits                                             ; Off                ; Off                ;
; Optimization Technique                                                     ; Balanced           ; Balanced           ;
; Carry Chain Length                                                         ; 70                 ; 70                 ;
; Auto Carry Chains                                                          ; On                 ; On                 ;
; Auto Open-Drain Pins                                                       ; On                 ; On                 ;
; Perform WYSIWYG Primitive Resynthesis                                      ; Off                ; Off                ;
; Auto ROM Replacement                                                       ; On                 ; On                 ;
; Auto RAM Replacement                                                       ; On                 ; On                 ;
; Auto DSP Block Replacement                                                 ; On                 ; On                 ;
; Auto Shift Register Replacement                                            ; Auto               ; Auto               ;
; Allow Shift Register Merging across Hierarchies                            ; Auto               ; Auto               ;
; Auto Clock Enable Replacement                                              ; On                 ; On                 ;
; Strict RAM Replacement                                                     ; Off                ; Off                ;
; Allow Synchronous Control Signals                                          ; On                 ; On                 ;
; Force Use of Synchronous Clear Signals                                     ; Off                ; Off                ;
; Auto RAM Block Balancing                                                   ; On                 ; On                 ;
; Auto RAM to Logic Cell Conversion                                          ; Off                ; Off                ;
; Auto Resource Sharing                                                      ; Off                ; Off                ;
; Allow Any RAM Size For Recognition                                         ; Off                ; Off                ;
; Allow Any ROM Size For Recognition                                         ; Off                ; Off                ;
; Allow Any Shift Register Size For Recognition                              ; Off                ; Off                ;
; Use LogicLock Constraints during Resource Balancing                        ; On                 ; On                 ;
; Ignore translate_off and synthesis_off directives                          ; Off                ; Off                ;
; Timing-Driven Synthesis                                                    ; On                 ; On                 ;
; Report Parameter Settings                                                  ; On                 ; On                 ;
; Report Source Assignments                                                  ; On                 ; On                 ;
; Report Connectivity Checks                                                 ; On                 ; On                 ;
; Ignore Maximum Fan-Out Assignments                                         ; Off                ; Off                ;
; Synchronization Register Chain Length                                      ; 2                  ; 2                  ;
; PowerPlay Power Optimization                                               ; Normal compilation ; Normal compilation ;
; HDL message level                                                          ; Level2             ; Level2             ;
; Suppress Register Optimization Related Messages                            ; Off                ; Off                ;
; Number of Removed Registers Reported in Synthesis Report                   ; 5000               ; 5000               ;
; Number of Swept Nodes Reported in Synthesis Report                         ; 5000               ; 5000               ;
; Number of Inverted Registers Reported in Synthesis Report                  ; 100                ; 100                ;
; Clock MUX Protection                                                       ; On                 ; On                 ;
; Auto Gated Clock Conversion                                                ; Off                ; Off                ;
; Block Design Naming                                                        ; Auto               ; Auto               ;
; SDC constraint protection                                                  ; Off                ; Off                ;
; Synthesis Effort                                                           ; Auto               ; Auto               ;
; Shift Register Replacement - Allow Asynchronous Clear Signal               ; On                 ; On                 ;
; Pre-Mapping Resynthesis Optimization                                       ; Off                ; Off                ;
; Analysis & Synthesis Message Level                                         ; Medium             ; Medium             ;
; Disable Register Merging Across Hierarchies                                ; Auto               ; Auto               ;
; Resource Aware Inference For Block RAM                                     ; On                 ; On                 ;
; Synthesis Seed                                                             ; 1                  ; 1                  ;
+----------------------------------------------------------------------------+--------------------+--------------------+


Parallel compilation was disabled, but you have multiple processors available. Enable parallel compilation to reduce compilation time.
+-------------------------------------+
; Parallel Compilation                ;
+----------------------------+--------+
; Processors                 ; Number ;
+----------------------------+--------+
; Number detected on machine ; 8      ;
; Maximum allowed            ; 1      ;
+----------------------------+--------+


+--------------------------------------------------------------------------------------------------------------------------------------------------------------------------------------------------+
; Analysis & Synthesis Source Files Read                                                                                                                                                           ;
+-------------------------------------------------+-----------------+------------------------------+-------------------------------------------------------------------------------------+---------+
; File Name with User-Entered Path                ; Used in Netlist ; File Type                    ; File Name with Absolute Path                                                        ; Library ;
+-------------------------------------------------+-----------------+------------------------------+-------------------------------------------------------------------------------------+---------+
; ../ProgramCounterLAB/MUX_2_1.vhd                ; yes             ; User VHDL File               ; D:/MyFiles/Courses/VHDLcourse/Lectures/ProgramCounterLAB/MUX_2_1.vhd                ;         ;
; ../ProgramCounterLAB/DFF_1.vhd                  ; yes             ; User VHDL File               ; D:/MyFiles/Courses/VHDLcourse/Lectures/ProgramCounterLAB/DFF_1.vhd                  ;         ;
; ../Memory/altdpram0.vhd                         ; yes             ; User VHDL File               ; D:/MyFiles/Courses/VHDLcourse/Lectures/Memory/altdpram0.vhd                         ;         ;
; ../ProgramCounterLAB/ProgramCounterTopLevel.vhd ; yes             ; User VHDL File               ; D:/MyFiles/Courses/VHDLcourse/Lectures/ProgramCounterLAB/ProgramCounterTopLevel.vhd ;         ;
; ../Memory/RAM.vhd                               ; yes             ; User VHDL File               ; D:/MyFiles/Courses/VHDLcourse/Lectures/Memory/RAM.vhd                               ;         ;
; ../TopLevelIO_pkg/TopLevelIO_pkg.vhd            ; yes             ; User VHDL File               ; D:/MyFiles/Courses/VHDLcourse/Lectures/TopLevelIO_pkg/TopLevelIO_pkg.vhd            ;         ;
; PC_RAM_TopLevel.vhd                             ; yes             ; User VHDL File               ; D:/MyFiles/Courses/VHDLcourse/Lectures/PCRAM/PC_RAM_TopLevel.vhd                    ;         ;
; altsyncram.tdf                                  ; yes             ; Megafunction                 ; d:/programfile/altera/13.1/quartus/libraries/megafunctions/altsyncram.tdf           ;         ;
; stratix_ram_block.inc                           ; yes             ; Megafunction                 ; d:/programfile/altera/13.1/quartus/libraries/megafunctions/stratix_ram_block.inc    ;         ;
; lpm_mux.inc                                     ; yes             ; Megafunction                 ; d:/programfile/altera/13.1/quartus/libraries/megafunctions/lpm_mux.inc              ;         ;
; lpm_decode.inc                                  ; yes             ; Megafunction                 ; d:/programfile/altera/13.1/quartus/libraries/megafunctions/lpm_decode.inc           ;         ;
; aglobal131.inc                                  ; yes             ; Megafunction                 ; d:/programfile/altera/13.1/quartus/libraries/megafunctions/aglobal131.inc           ;         ;
; a_rdenreg.inc                                   ; yes             ; Megafunction                 ; d:/programfile/altera/13.1/quartus/libraries/megafunctions/a_rdenreg.inc            ;         ;
; altrom.inc                                      ; yes             ; Megafunction                 ; d:/programfile/altera/13.1/quartus/libraries/megafunctions/altrom.inc               ;         ;
; altram.inc                                      ; yes             ; Megafunction                 ; d:/programfile/altera/13.1/quartus/libraries/megafunctions/altram.inc               ;         ;
; altdpram.inc                                    ; yes             ; Megafunction                 ; d:/programfile/altera/13.1/quartus/libraries/megafunctions/altdpram.inc             ;         ;
; db/altsyncram_l6q1.tdf                          ; yes             ; Auto-Generated Megafunction  ; D:/MyFiles/Courses/VHDLcourse/Lectures/PCRAM/db/altsyncram_l6q1.tdf                 ;         ;
+-------------------------------------------------+-----------------+------------------------------+-------------------------------------------------------------------------------------+---------+


+---------------------------------------------------------------+
; Analysis & Synthesis Resource Usage Summary                   ;
+---------------------------------------------+-----------------+
; Resource                                    ; Usage           ;
+---------------------------------------------+-----------------+
; Estimated Total logic elements              ; 15              ;
;                                             ;                 ;
; Total combinational functions               ; 15              ;
; Logic element usage by number of LUT inputs ;                 ;
;     -- 4 input functions                    ; 5               ;
;     -- 3 input functions                    ; 10              ;
;     -- <=2 input functions                  ; 0               ;
;                                             ;                 ;
; Logic elements by mode                      ;                 ;
;     -- normal mode                          ; 15              ;
;     -- arithmetic mode                      ; 0               ;
;                                             ;                 ;
; Total registers                             ; 10              ;
;     -- Dedicated logic registers            ; 10              ;
;     -- I/O registers                        ; 0               ;
;                                             ;                 ;
; I/O pins                                    ; 37              ;
; Total memory bits                           ; 256             ;
; Embedded Multiplier 9-bit elements          ; 0               ;
; Maximum fan-out node                        ; i_PC.Load~input ;
; Maximum fan-out                             ; 15              ;
; Total fan-out                               ; 224             ;
; Average fan-out                             ; 2.09            ;
+---------------------------------------------+-----------------+


+----------------------------------------------------------------------------------------------------------------------------------------------------------------------------------------------------------------------------------------------------------------------------------------+
; Analysis & Synthesis Resource Utilization by Entity                                                                                                                                                                                                                                    ;
+----------------------------------------------+-------------------+--------------+-------------+--------------+---------+-----------+------+--------------+--------------------------------------------------------------------------------------------------------------+--------------+
; Compilation Hierarchy Node                   ; LC Combinationals ; LC Registers ; Memory Bits ; DSP Elements ; DSP 9x9 ; DSP 18x18 ; Pins ; Virtual Pins ; Full Hierarchy Name                                                                                          ; Library Name ;
+----------------------------------------------+-------------------+--------------+-------------+--------------+---------+-----------+------+--------------+--------------------------------------------------------------------------------------------------------------+--------------+
; |PC_RAM_TopLevel                             ; 15 (0)            ; 10 (0)       ; 256         ; 0            ; 0       ; 0         ; 37   ; 0            ; |PC_RAM_TopLevel                                                                                             ; work         ;
;    |ProgramCounterTopLevel:PC|               ; 15 (0)            ; 10 (0)       ; 0           ; 0            ; 0       ; 0         ; 0    ; 0            ; |PC_RAM_TopLevel|ProgramCounterTopLevel:PC                                                                   ; work         ;
;       |DFF_1:\GenerateDFFs:0:DFFn|           ; 1 (1)             ; 2 (2)        ; 0           ; 0            ; 0       ; 0         ; 0    ; 0            ; |PC_RAM_TopLevel|ProgramCounterTopLevel:PC|DFF_1:\GenerateDFFs:0:DFFn                                        ; work         ;
;       |DFF_1:\GenerateDFFs:1:DFFn|           ; 1 (1)             ; 2 (2)        ; 0           ; 0            ; 0       ; 0         ; 0    ; 0            ; |PC_RAM_TopLevel|ProgramCounterTopLevel:PC|DFF_1:\GenerateDFFs:1:DFFn                                        ; work         ;
;       |DFF_1:\GenerateDFFs:2:DFFn|           ; 1 (1)             ; 2 (2)        ; 0           ; 0            ; 0       ; 0         ; 0    ; 0            ; |PC_RAM_TopLevel|ProgramCounterTopLevel:PC|DFF_1:\GenerateDFFs:2:DFFn                                        ; work         ;
;       |DFF_1:\GenerateDFFs:3:DFFn|           ; 1 (1)             ; 2 (2)        ; 0           ; 0            ; 0       ; 0         ; 0    ; 0            ; |PC_RAM_TopLevel|ProgramCounterTopLevel:PC|DFF_1:\GenerateDFFs:3:DFFn                                        ; work         ;
;       |DFF_1:\GenerateDFFs:4:DFFn|           ; 1 (1)             ; 2 (2)        ; 0           ; 0            ; 0       ; 0         ; 0    ; 0            ; |PC_RAM_TopLevel|ProgramCounterTopLevel:PC|DFF_1:\GenerateDFFs:4:DFFn                                        ; work         ;
;       |MUX_2_1:CMUX1|                        ; 1 (1)             ; 0 (0)        ; 0           ; 0            ; 0       ; 0         ; 0    ; 0            ; |PC_RAM_TopLevel|ProgramCounterTopLevel:PC|MUX_2_1:CMUX1                                                     ; work         ;
;       |MUX_2_1:\GenerateCMUX:1:CMUX|         ; 1 (1)             ; 0 (0)        ; 0           ; 0            ; 0       ; 0         ; 0    ; 0            ; |PC_RAM_TopLevel|ProgramCounterTopLevel:PC|MUX_2_1:\GenerateCMUX:1:CMUX                                      ; work         ;
;       |MUX_2_1:\GenerateCMUX:2:CMUX|         ; 1 (1)             ; 0 (0)        ; 0           ; 0            ; 0       ; 0         ; 0    ; 0            ; |PC_RAM_TopLevel|ProgramCounterTopLevel:PC|MUX_2_1:\GenerateCMUX:2:CMUX                                      ; work         ;
;       |MUX_2_1:\GenerateCMUX:3:CMUX|         ; 1 (1)             ; 0 (0)        ; 0           ; 0            ; 0       ; 0         ; 0    ; 0            ; |PC_RAM_TopLevel|ProgramCounterTopLevel:PC|MUX_2_1:\GenerateCMUX:3:CMUX                                      ; work         ;
;       |MUX_2_1:\GenerateCMUX:4:CMUX|         ; 1 (1)             ; 0 (0)        ; 0           ; 0            ; 0       ; 0         ; 0    ; 0            ; |PC_RAM_TopLevel|ProgramCounterTopLevel:PC|MUX_2_1:\GenerateCMUX:4:CMUX                                      ; work         ;
;       |MUX_2_1:\GenerateDMUX:0:DMUX|         ; 1 (1)             ; 0 (0)        ; 0           ; 0            ; 0       ; 0         ; 0    ; 0            ; |PC_RAM_TopLevel|ProgramCounterTopLevel:PC|MUX_2_1:\GenerateDMUX:0:DMUX                                      ; work         ;
;       |MUX_2_1:\GenerateDMUX:1:DMUX|         ; 1 (1)             ; 0 (0)        ; 0           ; 0            ; 0       ; 0         ; 0    ; 0            ; |PC_RAM_TopLevel|ProgramCounterTopLevel:PC|MUX_2_1:\GenerateDMUX:1:DMUX                                      ; work         ;
;       |MUX_2_1:\GenerateDMUX:2:DMUX|         ; 1 (1)             ; 0 (0)        ; 0           ; 0            ; 0       ; 0         ; 0    ; 0            ; |PC_RAM_TopLevel|ProgramCounterTopLevel:PC|MUX_2_1:\GenerateDMUX:2:DMUX                                      ; work         ;
;       |MUX_2_1:\GenerateDMUX:3:DMUX|         ; 1 (1)             ; 0 (0)        ; 0           ; 0            ; 0       ; 0         ; 0    ; 0            ; |PC_RAM_TopLevel|ProgramCounterTopLevel:PC|MUX_2_1:\GenerateDMUX:3:DMUX                                      ; work         ;
;       |MUX_2_1:\GenerateDMUX:4:DMUX|         ; 1 (1)             ; 0 (0)        ; 0           ; 0            ; 0       ; 0         ; 0    ; 0            ; |PC_RAM_TopLevel|ProgramCounterTopLevel:PC|MUX_2_1:\GenerateDMUX:4:DMUX                                      ; work         ;
;    |RAM:RAM_1|                               ; 0 (0)             ; 0 (0)        ; 256         ; 0            ; 0       ; 0         ; 0    ; 0            ; |PC_RAM_TopLevel|RAM:RAM_1                                                                                   ; work         ;
;       |altdpram0:b2v_inst|                   ; 0 (0)             ; 0 (0)        ; 256         ; 0            ; 0       ; 0         ; 0    ; 0            ; |PC_RAM_TopLevel|RAM:RAM_1|altdpram0:b2v_inst                                                                ; work         ;
;          |altsyncram:altsyncram_component|   ; 0 (0)             ; 0 (0)        ; 256         ; 0            ; 0       ; 0         ; 0    ; 0            ; |PC_RAM_TopLevel|RAM:RAM_1|altdpram0:b2v_inst|altsyncram:altsyncram_component                                ; work         ;
;             |altsyncram_l6q1:auto_generated| ; 0 (0)             ; 0 (0)        ; 256         ; 0            ; 0       ; 0         ; 0    ; 0            ; |PC_RAM_TopLevel|RAM:RAM_1|altdpram0:b2v_inst|altsyncram:altsyncram_component|altsyncram_l6q1:auto_generated ; work         ;
+----------------------------------------------+-------------------+--------------+-------------+--------------+---------+-----------+------+--------------+--------------------------------------------------------------------------------------------------------------+--------------+
Note: For table entries with two numbers listed, the numbers in parentheses indicate the number of resources of the given type used by the specific entity alone. The numbers listed outside of parentheses indicate the total resources of the given type used by the specific entity and all of its sub-entities in the hierarchy.


+------------------------------------------------------------------------------------------------------------------------------------------------------------------------------------------------------------+
; Analysis & Synthesis RAM Summary                                                                                                                                                                           ;
+--------------------------------------------------------------------------------------------------------+------+------------------+--------------+--------------+--------------+--------------+------+------+
; Name                                                                                                   ; Type ; Mode             ; Port A Depth ; Port A Width ; Port B Depth ; Port B Width ; Size ; MIF  ;
+--------------------------------------------------------------------------------------------------------+------+------------------+--------------+--------------+--------------+--------------+------+------+
; RAM:RAM_1|altdpram0:b2v_inst|altsyncram:altsyncram_component|altsyncram_l6q1:auto_generated|ALTSYNCRAM ; AUTO ; Simple Dual Port ; 32           ; 8            ; 32           ; 8            ; 256  ; None ;
+--------------------------------------------------------------------------------------------------------+------+------------------+--------------+--------------+--------------+--------------+------+------+


+------------------------------------------------------+
; General Register Statistics                          ;
+----------------------------------------------+-------+
; Statistic                                    ; Value ;
+----------------------------------------------+-------+
; Total registers                              ; 10    ;
; Number of registers using Synchronous Clear  ; 0     ;
; Number of registers using Synchronous Load   ; 0     ;
; Number of registers using Asynchronous Clear ; 5     ;
; Number of registers using Asynchronous Load  ; 0     ;
; Number of registers using Clock Enable       ; 0     ;
; Number of registers using Preset             ; 0     ;
+----------------------------------------------+-------+


+--------------------------------------------------------------------------------------------------------------------+
; Source assignments for RAM:RAM_1|altdpram0:b2v_inst|altsyncram:altsyncram_component|altsyncram_l6q1:auto_generated ;
+---------------------------------+--------------------+------+------------------------------------------------------+
; Assignment                      ; Value              ; From ; To                                                   ;
+---------------------------------+--------------------+------+------------------------------------------------------+
; OPTIMIZE_POWER_DURING_SYNTHESIS ; NORMAL_COMPILATION ; -    ; -                                                    ;
+---------------------------------+--------------------+------+------------------------------------------------------+


+-----------------------------------------------------------------------------------------------------------+
; Parameter Settings for User Entity Instance: RAM:RAM_1|altdpram0:b2v_inst|altsyncram:altsyncram_component ;
+------------------------------------+----------------------+-----------------------------------------------+
; Parameter Name                     ; Value                ; Type                                          ;
+------------------------------------+----------------------+-----------------------------------------------+
; BYTE_SIZE_BLOCK                    ; 8                    ; Untyped                                       ;
; AUTO_CARRY_CHAINS                  ; ON                   ; AUTO_CARRY                                    ;
; IGNORE_CARRY_BUFFERS               ; OFF                  ; IGNORE_CARRY                                  ;
; AUTO_CASCADE_CHAINS                ; ON                   ; AUTO_CASCADE                                  ;
; IGNORE_CASCADE_BUFFERS             ; OFF                  ; IGNORE_CASCADE                                ;
; WIDTH_BYTEENA                      ; 1                    ; Untyped                                       ;
; OPERATION_MODE                     ; DUAL_PORT            ; Untyped                                       ;
; WIDTH_A                            ; 8                    ; Signed Integer                                ;
; WIDTHAD_A                          ; 5                    ; Signed Integer                                ;
; NUMWORDS_A                         ; 32                   ; Signed Integer                                ;
; OUTDATA_REG_A                      ; UNREGISTERED         ; Untyped                                       ;
; ADDRESS_ACLR_A                     ; NONE                 ; Untyped                                       ;
; OUTDATA_ACLR_A                     ; NONE                 ; Untyped                                       ;
; WRCONTROL_ACLR_A                   ; NONE                 ; Untyped                                       ;
; INDATA_ACLR_A                      ; NONE                 ; Untyped                                       ;
; BYTEENA_ACLR_A                     ; NONE                 ; Untyped                                       ;
; WIDTH_B                            ; 8                    ; Signed Integer                                ;
; WIDTHAD_B                          ; 5                    ; Signed Integer                                ;
; NUMWORDS_B                         ; 32                   ; Signed Integer                                ;
; INDATA_REG_B                       ; CLOCK1               ; Untyped                                       ;
; WRCONTROL_WRADDRESS_REG_B          ; CLOCK1               ; Untyped                                       ;
; RDCONTROL_REG_B                    ; CLOCK1               ; Untyped                                       ;
; ADDRESS_REG_B                      ; CLOCK0               ; Untyped                                       ;
; OUTDATA_REG_B                      ; CLOCK0               ; Untyped                                       ;
; BYTEENA_REG_B                      ; CLOCK1               ; Untyped                                       ;
; INDATA_ACLR_B                      ; NONE                 ; Untyped                                       ;
; WRCONTROL_ACLR_B                   ; NONE                 ; Untyped                                       ;
; ADDRESS_ACLR_B                     ; NONE                 ; Untyped                                       ;
; OUTDATA_ACLR_B                     ; NONE                 ; Untyped                                       ;
; RDCONTROL_ACLR_B                   ; NONE                 ; Untyped                                       ;
; BYTEENA_ACLR_B                     ; NONE                 ; Untyped                                       ;
; WIDTH_BYTEENA_A                    ; 1                    ; Signed Integer                                ;
; WIDTH_BYTEENA_B                    ; 1                    ; Untyped                                       ;
; RAM_BLOCK_TYPE                     ; M512                 ; Untyped                                       ;
; BYTE_SIZE                          ; 8                    ; Untyped                                       ;
; READ_DURING_WRITE_MODE_MIXED_PORTS ; DONT_CARE            ; Untyped                                       ;
; READ_DURING_WRITE_MODE_PORT_A      ; NEW_DATA_NO_NBE_READ ; Untyped                                       ;
; READ_DURING_WRITE_MODE_PORT_B      ; NEW_DATA_NO_NBE_READ ; Untyped                                       ;
; INIT_FILE                          ; UNUSED               ; Untyped                                       ;
; INIT_FILE_LAYOUT                   ; PORT_A               ; Untyped                                       ;
; MAXIMUM_DEPTH                      ; 0                    ; Untyped                                       ;
; CLOCK_ENABLE_INPUT_A               ; BYPASS               ; Untyped                                       ;
; CLOCK_ENABLE_INPUT_B               ; BYPASS               ; Untyped                                       ;
; CLOCK_ENABLE_OUTPUT_A              ; BYPASS               ; Untyped                                       ;
; CLOCK_ENABLE_OUTPUT_B              ; BYPASS               ; Untyped                                       ;
; CLOCK_ENABLE_CORE_A                ; USE_INPUT_CLKEN      ; Untyped                                       ;
; CLOCK_ENABLE_CORE_B                ; USE_INPUT_CLKEN      ; Untyped                                       ;
; ENABLE_ECC                         ; FALSE                ; Untyped                                       ;
; ECC_PIPELINE_STAGE_ENABLED         ; FALSE                ; Untyped                                       ;
; WIDTH_ECCSTATUS                    ; 3                    ; Untyped                                       ;
; DEVICE_FAMILY                      ; Cyclone IV E         ; Untyped                                       ;
; CBXI_PARAMETER                     ; altsyncram_l6q1      ; Untyped                                       ;
+------------------------------------+----------------------+-----------------------------------------------+
Note: In order to hide this table in the UI and the text report file, please set the "Show Parameter Settings in Synthesis Report" option in "Analysis and Synthesis Settings -> More Settings" to "Off".


+----------------------------------------------------------------------------------------------------------+
; altsyncram Parameter Settings by Entity Instance                                                         ;
+-------------------------------------------+--------------------------------------------------------------+
; Name                                      ; Value                                                        ;
+-------------------------------------------+--------------------------------------------------------------+
; Number of entity instances                ; 1                                                            ;
; Entity Instance                           ; RAM:RAM_1|altdpram0:b2v_inst|altsyncram:altsyncram_component ;
;     -- OPERATION_MODE                     ; DUAL_PORT                                                    ;
;     -- WIDTH_A                            ; 8                                                            ;
;     -- NUMWORDS_A                         ; 32                                                           ;
;     -- OUTDATA_REG_A                      ; UNREGISTERED                                                 ;
;     -- WIDTH_B                            ; 8                                                            ;
;     -- NUMWORDS_B                         ; 32                                                           ;
;     -- ADDRESS_REG_B                      ; CLOCK0                                                       ;
;     -- OUTDATA_REG_B                      ; CLOCK0                                                       ;
;     -- RAM_BLOCK_TYPE                     ; M512                                                         ;
;     -- READ_DURING_WRITE_MODE_MIXED_PORTS ; DONT_CARE                                                    ;
+-------------------------------------------+--------------------------------------------------------------+


+-------------------------------+
; Elapsed Time Per Partition    ;
+----------------+--------------+
; Partition Name ; Elapsed Time ;
+----------------+--------------+
; Top            ; 00:00:00     ;
+----------------+--------------+


+-------------------------------+
; Analysis & Synthesis Messages ;
+-------------------------------+
Info: *******************************************************************
Info: Running Quartus II 64-Bit Analysis & Synthesis
    Info: Version 13.1.0 Build 162 10/23/2013 SJ Web Edition
    Info: Processing started: Sat Nov 09 23:07:16 2019
Info: Command: quartus_map --read_settings_files=on --write_settings_files=off PC_RAM -c PC_RAM
Warning (20028): Parallel compilation is not licensed and has been disabled
Info (12021): Found 2 design units, including 1 entities, in source file /myfiles/courses/vhdlcourse/lectures/programcounterlab/mux_2_1.vhd
    Info (12022): Found design unit 1: MUX_2_1-behavioral
    Info (12023): Found entity 1: MUX_2_1
Info (12021): Found 2 design units, including 1 entities, in source file /myfiles/courses/vhdlcourse/lectures/programcounterlab/dff_8.vhd
    Info (12022): Found design unit 1: DFF_8-Behavioral
    Info (12023): Found entity 1: DFF_8
Info (12021): Found 2 design units, including 1 entities, in source file /myfiles/courses/vhdlcourse/lectures/programcounterlab/dff_1.vhd
    Info (12022): Found design unit 1: DFF_1-Behavioral
    Info (12023): Found entity 1: DFF_1
Info (12021): Found 2 design units, including 1 entities, in source file /myfiles/courses/vhdlcourse/lectures/memory/altdpram0.vhd
    Info (12022): Found design unit 1: altdpram0-SYN
    Info (12023): Found entity 1: altdpram0
Info (12021): Found 2 design units, including 1 entities, in source file /myfiles/courses/vhdlcourse/lectures/programcounterlab/programcountertoplevel.vhd
    Info (12022): Found design unit 1: ProgramCounterTopLevel-behavioral
    Info (12023): Found entity 1: ProgramCounterTopLevel
Info (12021): Found 2 design units, including 1 entities, in source file /myfiles/courses/vhdlcourse/lectures/memory/ram.vhd
    Info (12022): Found design unit 1: RAM-bdf_type
    Info (12023): Found entity 1: RAM
Info (12021): Found 1 design units, including 0 entities, in source file /myfiles/courses/vhdlcourse/lectures/toplevelio_pkg/toplevelio_pkg.vhd
    Info (12022): Found design unit 1: TopLevelIO_pkg
Info (12021): Found 2 design units, including 1 entities, in source file pc_ram_toplevel.vhd
    Info (12022): Found design unit 1: PC_RAM_TopLevel-behavioral
    Info (12023): Found entity 1: PC_RAM_TopLevel
Info (12127): Elaborating entity "PC_RAM_TopLevel" for the top level hierarchy
Warning (10541): VHDL Signal Declaration warning at PC_RAM_TopLevel.vhd(12): used implicit default value for signal "o_PC" because signal was never assigned a value or an explicit default value. Use of implicit default value may introduce unintended design optimizations.
Info (12128): Elaborating entity "RAM" for hierarchy "RAM:RAM_1"
Info (12128): Elaborating entity "altdpram0" for hierarchy "RAM:RAM_1|altdpram0:b2v_inst"
Info (12128): Elaborating entity "altsyncram" for hierarchy "RAM:RAM_1|altdpram0:b2v_inst|altsyncram:altsyncram_component"
Info (12130): Elaborated megafunction instantiation "RAM:RAM_1|altdpram0:b2v_inst|altsyncram:altsyncram_component"
Info (12133): Instantiated megafunction "RAM:RAM_1|altdpram0:b2v_inst|altsyncram:altsyncram_component" with the following parameter:
    Info (12134): Parameter "address_reg_b" = "CLOCK0"
    Info (12134): Parameter "clock_enable_input_a" = "BYPASS"
    Info (12134): Parameter "clock_enable_input_b" = "BYPASS"
    Info (12134): Parameter "clock_enable_output_a" = "BYPASS"
    Info (12134): Parameter "clock_enable_output_b" = "BYPASS"
    Info (12134): Parameter "intended_device_family" = "Stratix II"
    Info (12134): Parameter "lpm_type" = "altsyncram"
    Info (12134): Parameter "numwords_a" = "32"
    Info (12134): Parameter "numwords_b" = "32"
    Info (12134): Parameter "operation_mode" = "DUAL_PORT"
    Info (12134): Parameter "outdata_aclr_b" = "NONE"
    Info (12134): Parameter "outdata_reg_b" = "CLOCK0"
    Info (12134): Parameter "power_up_uninitialized" = "FALSE"
    Info (12134): Parameter "ram_block_type" = "M512"
    Info (12134): Parameter "read_during_write_mode_mixed_ports" = "DONT_CARE"
    Info (12134): Parameter "widthad_a" = "5"
    Info (12134): Parameter "widthad_b" = "5"
    Info (12134): Parameter "width_a" = "8"
    Info (12134): Parameter "width_b" = "8"
    Info (12134): Parameter "width_byteena_a" = "1"
Warning (287001): Assertion warning: Device family Cyclone IV E does not have M512 blocks -- using available memory blocks
Info (12021): Found 1 design units, including 1 entities, in source file db/altsyncram_l6q1.tdf
    Info (12023): Found entity 1: altsyncram_l6q1
Info (12128): Elaborating entity "altsyncram_l6q1" for hierarchy "RAM:RAM_1|altdpram0:b2v_inst|altsyncram:altsyncram_component|altsyncram_l6q1:auto_generated"
Info (12128): Elaborating entity "ProgramCounterTopLevel" for hierarchy "ProgramCounterTopLevel:PC"
Info (12128): Elaborating entity "DFF_1" for hierarchy "ProgramCounterTopLevel:PC|DFF_1:\GenerateDFFs:0:DFFn"
Warning (10492): VHDL Process Statement warning at DFF_1.vhd(19): signal "RST" is read inside the Process Statement but isn't in the Process Statement's sensitivity list
Info (12128): Elaborating entity "MUX_2_1" for hierarchy "ProgramCounterTopLevel:PC|MUX_2_1:\GenerateDMUX:0:DMUX"
Warning (19016): Clock multiplexers are found and protected
    Warning (19017): Found clock multiplexer ProgramCounterTopLevel:PC|MUX_2_1:CMUX1|Selector0~0
    Warning (19017): Found clock multiplexer ProgramCounterTopLevel:PC|MUX_2_1:\GenerateCMUX:1:CMUX|Selector0~0
    Warning (19017): Found clock multiplexer ProgramCounterTopLevel:PC|MUX_2_1:\GenerateCMUX:2:CMUX|Selector0~0
    Warning (19017): Found clock multiplexer ProgramCounterTopLevel:PC|MUX_2_1:\GenerateCMUX:3:CMUX|Selector0~0
    Warning (19017): Found clock multiplexer ProgramCounterTopLevel:PC|MUX_2_1:\GenerateCMUX:4:CMUX|Selector0~0
Warning (13024): Output pins are stuck at VCC or GND
    Warning (13410): Pin "o_PC.PC_COUNT_OUT[0]" is stuck at GND
    Warning (13410): Pin "o_PC.PC_COUNT_OUT[1]" is stuck at GND
    Warning (13410): Pin "o_PC.PC_COUNT_OUT[2]" is stuck at GND
    Warning (13410): Pin "o_PC.PC_COUNT_OUT[3]" is stuck at GND
    Warning (13410): Pin "o_PC.PC_COUNT_OUT[4]" is stuck at GND
Info (286030): Timing-Driven Synthesis is running
Info (16010): Generating hard_block partition "hard_block:auto_generated_inst"
    Info (16011): Adding 0 node(s), including 0 DDIO, 0 PLL, 0 transceiver and 0 LCELL
Info (21057): Implemented 60 device resources after synthesis - the final resource count might be different
    Info (21058): Implemented 24 input pins
    Info (21059): Implemented 13 output pins
    Info (21061): Implemented 15 logic cells
    Info (21064): Implemented 8 RAM segments
Info: Quartus II 64-Bit Analysis & Synthesis was successful. 0 errors, 16 warnings
    Info: Peak virtual memory: 4672 megabytes
    Info: Processing ended: Sat Nov 09 23:07:19 2019
    Info: Elapsed time: 00:00:03
    Info: Total CPU time (on all processors): 00:00:02


