Flow report for PC_RAM
Sat Nov 09 23:13:57 2019
Quartus II 64-Bit Version 13.1.0 Build 162 10/23/2013 SJ Web Edition


---------------------
; Table of Contents ;
---------------------
  1. Legal Notice
  2. Flow Summary
  3. Flow Settings
  4. Flow Non-Default Global Settings
  5. Flow Elapsed Time
  6. Flow OS Summary
  7. Flow Log
  8. Flow Messages
  9. Flow Suppressed Messages



----------------
; Legal Notice ;
----------------
Copyright (C) 1991-2013 Altera Corporation
Your use of Altera Corporation's design tools, logic functions 
and other software and tools, and its AMPP partner logic 
functions, and any output files from any of the foregoing 
(including device programming or simulation files), and any 
associated documentation or information are expressly subject 
to the terms and conditions of the Altera Program License 
Subscription Agreement, Altera MegaCore Function License 
Agreement, or other applicable license agreement, including, 
without limitation, that your use is for the sole purpose of 
programming logic devices manufactured by Altera and sold by 
Altera or its authorized distributors.  Please refer to the 
applicable agreement for further details.



+---------------------------------------------------------------------------------+
; Flow Summary                                                                    ;
+------------------------------------+--------------------------------------------+
; Flow Status                        ; Successful - Sat Nov 09 23:13:57 2019      ;
; Quartus II 64-Bit Version          ; 13.1.0 Build 162 10/23/2013 SJ Web Edition ;
; Revision Name                      ; PC_RAM                                     ;
; Top-level Entity Name              ; PC_RAM_TopLevel                            ;
; Family                             ; Cyclone IV E                               ;
; Device                             ; EP4CE30F29I7                               ;
; Timing Models                      ; Final                                      ;
; Total logic elements               ; 21 / 28,848 ( < 1 % )                      ;
;     Total combinational functions  ; 15 / 28,848 ( < 1 % )                      ;
;     Dedicated logic registers      ; 10 / 28,848 ( < 1 % )                      ;
; Total registers                    ; 10                                         ;
; Total pins                         ; 37 / 533 ( 7 % )                           ;
; Total virtual pins                 ; 0                                          ;
; Total memory bits                  ; 256 / 608,256 ( < 1 % )                    ;
; Embedded Multiplier 9-bit elements ; 0 / 132 ( 0 % )                            ;
; Total PLLs                         ; 0 / 4 ( 0 % )                              ;
+------------------------------------+--------------------------------------------+


+-----------------------------------------+
; Flow Settings                           ;
+-------------------+---------------------+
; Option            ; Setting             ;
+-------------------+---------------------+
; Start date & time ; 11/09/2019 23:07:17 ;
; Main task         ; Compilation         ;
; Revision Name     ; PC_RAM              ;
+-------------------+---------------------+


+---------------------------------------------------------------------------------------------------------------------------------------------------------+
; Flow Non-Default Global Settings                                                                                                                        ;
+-------------------------------------+----------------------------------------------------------------+---------------+-----------------+----------------+
; Assignment Name                     ; Value                                                          ; Default Value ; Entity Name     ; Section Id     ;
+-------------------------------------+----------------------------------------------------------------+---------------+-----------------+----------------+
; COMPILER_SIGNATURE_ID               ; 180649687681063.157334083710340                                ; --            ; --              ; --             ;
; EDA_GENERATE_FUNCTIONAL_NETLIST     ; On                                                             ; --            ; --              ; eda_simulation ;
; EDA_NETLIST_WRITER_OUTPUT_DIR       ; D:/MyFiles/Courses/VHDLcourse/Lectures/PC_RAM/simulation/qsim/ ; --            ; --              ; eda_simulation ;
; EDA_OUTPUT_DATA_FORMAT              ; Verilog Hdl                                                    ; --            ; --              ; eda_simulation ;
; EDA_SIMULATION_TOOL                 ; ModelSim-Altera (Verilog)                                      ; <None>        ; --              ; --             ;
; MAX_CORE_JUNCTION_TEMP              ; 100                                                            ; --            ; --              ; --             ;
; MIN_CORE_JUNCTION_TEMP              ; -40                                                            ; --            ; --              ; --             ;
; NOMINAL_CORE_SUPPLY_VOLTAGE         ; 1.2V                                                           ; --            ; --              ; --             ;
; PARTITION_COLOR                     ; 16764057                                                       ; --            ; PC_RAM_TopLevel ; Top            ;
; PARTITION_FITTER_PRESERVATION_LEVEL ; PLACEMENT_AND_ROUTING                                          ; --            ; PC_RAM_TopLevel ; Top            ;
; PARTITION_NETLIST_TYPE              ; SOURCE                                                         ; --            ; PC_RAM_TopLevel ; Top            ;
; PROJECT_OUTPUT_DIRECTORY            ; output_files                                                   ; --            ; --              ; --             ;
; TOP_LEVEL_ENTITY                    ; PC_RAM_TopLevel                                                ; PC_RAM        ; --              ; --             ;
+-------------------------------------+----------------------------------------------------------------+---------------+-----------------+----------------+


+-------------------------------------------------------------------------------------------------------------------------------+
; Flow Elapsed Time                                                                                                             ;
+---------------------------+--------------+-------------------------+---------------------+------------------------------------+
; Module Name               ; Elapsed Time ; Average Processors Used ; Peak Virtual Memory ; Total CPU Time (on all processors) ;
+---------------------------+--------------+-------------------------+---------------------+------------------------------------+
; Analysis & Synthesis      ; 00:00:02     ; 1.0                     ; 4672 MB             ; 00:00:01                           ;
; Fitter                    ; 00:00:11     ; 1.0                     ; 5001 MB             ; 00:00:10                           ;
; Assembler                 ; 00:00:02     ; 1.0                     ; 4597 MB             ; 00:00:02                           ;
; TimeQuest Timing Analyzer ; 00:00:02     ; 1.0                     ; 4661 MB             ; 00:00:02                           ;
; EDA Netlist Writer        ; 00:00:01     ; 1.0                     ; 4535 MB             ; 00:00:00                           ;
; EDA Netlist Writer        ; 00:00:00     ; 1.0                     ; 4546 MB             ; 00:00:00                           ;
; EDA Netlist Writer        ; 00:00:00     ; 1.0                     ; 4551 MB             ; 00:00:00                           ;
; EDA Netlist Writer        ; 00:00:01     ; 1.0                     ; 4546 MB             ; 00:00:00                           ;
; EDA Netlist Writer        ; 00:00:00     ; 1.0                     ; 4551 MB             ; 00:00:00                           ;
; Total                     ; 00:00:19     ; --                      ; --                  ; 00:00:15                           ;
+---------------------------+--------------+-------------------------+---------------------+------------------------------------+


+----------------------------------------------------------------------------------------+
; Flow OS Summary                                                                        ;
+---------------------------+------------------+-----------+------------+----------------+
; Module Name               ; Machine Hostname ; OS Name   ; OS Version ; Processor type ;
+---------------------------+------------------+-----------+------------+----------------+
; Analysis & Synthesis      ; DESKTOP-G25O981  ; Windows 7 ; 6.2        ; x86_64         ;
; Fitter                    ; DESKTOP-G25O981  ; Windows 7 ; 6.2        ; x86_64         ;
; Assembler                 ; DESKTOP-G25O981  ; Windows 7 ; 6.2        ; x86_64         ;
; TimeQuest Timing Analyzer ; DESKTOP-G25O981  ; Windows 7 ; 6.2        ; x86_64         ;
; EDA Netlist Writer        ; DESKTOP-G25O981  ; Windows 7 ; 6.2        ; x86_64         ;
; EDA Netlist Writer        ; DESKTOP-G25O981  ; Windows 7 ; 6.2        ; x86_64         ;
; EDA Netlist Writer        ; DESKTOP-G25O981  ; Windows 7 ; 6.2        ; x86_64         ;
; EDA Netlist Writer        ; DESKTOP-G25O981  ; Windows 7 ; 6.2        ; x86_64         ;
; EDA Netlist Writer        ; DESKTOP-G25O981  ; Windows 7 ; 6.2        ; x86_64         ;
+---------------------------+------------------+-----------+------------+----------------+


------------
; Flow Log ;
------------
quartus_map --read_settings_files=on --write_settings_files=off PC_RAM -c PC_RAM
quartus_fit --read_settings_files=off --write_settings_files=off PC_RAM -c PC_RAM
quartus_asm --read_settings_files=off --write_settings_files=off PC_RAM -c PC_RAM
quartus_sta PC_RAM -c PC_RAM
quartus_eda --read_settings_files=off --write_settings_files=off PC_RAM -c PC_RAM
quartus_eda --gen_testbench --check_outputs=on --tool=modelsim_oem --format=verilog PC_RAM -c PC_RAM --vector_source=D:/MyFiles/Courses/VHDLcourse/Lectures/PCRAM/PCRAM.vwf --testbench_file=D:/MyFiles/Courses/VHDLcourse/Lectures/PCRAM/simulation/qsim/PCRAM.vwf.vt
quartus_eda --functional=on --flatten_buses=off --simulation=on --tool=modelsim_oem --format=verilog --output_directory=D:/MyFiles/Courses/VHDLcourse/Lectures/PCRAM/simulation/qsim/ PC_RAM -c PC_RAM
quartus_eda --gen_testbench --check_outputs=on --tool=modelsim_oem --format=verilog PC_RAM -c PC_RAM --vector_source=D:/MyFiles/Courses/VHDLcourse/Lectures/PCRAM/PCRAM.vwf --testbench_file=D:/MyFiles/Courses/VHDLcourse/Lectures/PCRAM/simulation/qsim/PCRAM.vwf.vt
quartus_eda --functional=on --flatten_buses=off --simulation=on --tool=modelsim_oem --format=verilog --output_directory=D:/MyFiles/Courses/VHDLcourse/Lectures/PCRAM/simulation/qsim/ PC_RAM -c PC_RAM



